<?xml version="1.0" encoding="UTF-8"?>
<coverage generated="1784859700116" clover="3.2.0">
  <project timestamp="1784859700116" name="All files">
    <metrics statements="3969" coveredstatements="3740" conditionals="2044" coveredconditionals="1683" methods="603" coveredmethods="574" elements="6616" coveredelements="5997" complexity="0" loc="3969" ncloc="3969" packages="1" files="64" classes="64"/>
    <file name="aes-core.js" path="/Users/charliepan/Downloads/my-miniapp/utils/aes-core.js">
      <metrics statements="31" coveredstatements="31" conditionals="12" coveredconditionals="11" methods="8" coveredmethods="8"/>
      <line num="8" count="1" type="stmt"/>
      <line num="18" count="12" type="stmt"/>
      <line num="19" count="12" type="cond" truecount="1" falsecount="1"/>
      <line num="20" count="12" type="cond" truecount="2" falsecount="0"/>
      <line num="21" count="1" type="stmt"/>
      <line num="23" count="11" type="cond" truecount="2" falsecount="0"/>
      <line num="24" count="1" type="stmt"/>
      <line num="26" count="10" type="stmt"/>
      <line num="27" count="10" type="stmt"/>
      <line num="28" count="147" type="stmt"/>
      <line num="30" count="10" type="stmt"/>
      <line num="39" count="2" type="stmt"/>
      <line num="40" count="32" type="cond" truecount="2" falsecount="0"/>
      <line num="48" count="1" type="stmt"/>
      <line num="73" count="2592" type="cond" truecount="2" falsecount="0"/>
      <line num="84" count="324" type="stmt"/>
      <line num="85" count="324" type="stmt"/>
      <line num="86" count="324" type="stmt"/>
      <line num="87" count="324" type="stmt"/>
      <line num="88" count="2262" type="cond" truecount="2" falsecount="0"/>
      <line num="89" count="1301" type="stmt"/>
      <line num="91" count="2262" type="stmt"/>
      <line num="92" count="2262" type="stmt"/>
      <line num="94" count="324" type="stmt"/>
      <line num="103" count="71" type="stmt"/>
      <line num="117" count="71" type="stmt"/>
      <line num="127" count="72" type="stmt"/>
      <line num="128" count="72" type="stmt"/>
      <line num="129" count="324" type="stmt"/>
      <line num="131" count="72" type="stmt"/>
      <line num="134" count="1" type="stmt"/>
    </file>
    <file name="aes-key-expansion.js" path="/Users/charliepan/Downloads/my-miniapp/utils/aes-key-expansion.js">
      <metrics statements="38" coveredstatements="38" conditionals="4" coveredconditionals="4" methods="4" coveredmethods="4"/>
      <line num="8" count="1" type="stmt"/>
      <line num="17" count="350" type="stmt"/>
      <line num="36" count="6" type="stmt"/>
      <line num="39" count="6" type="stmt"/>
      <line num="40" count="24" type="stmt"/>
      <line num="49" count="6" type="stmt"/>
      <line num="50" count="240" type="stmt"/>
      <line num="51" count="240" type="cond" truecount="2" falsecount="0"/>
      <line num="52" count="60" type="stmt"/>
      <line num="53" count="60" type="stmt"/>
      <line num="54" count="60" type="stmt"/>
      <line num="55" count="60" type="stmt"/>
      <line num="57" count="240" type="stmt"/>
      <line num="60" count="6" type="stmt"/>
      <line num="71" count="13" type="stmt"/>
      <line num="72" count="13" type="stmt"/>
      <line num="87" count="1" type="stmt"/>
      <line num="89" count="1" type="stmt"/>
      <line num="92" count="1" type="stmt"/>
      <line num="93" count="4" type="stmt"/>
      <line num="99" count="4" type="stmt"/>
      <line num="100" count="4" type="stmt"/>
      <line num="109" count="1" type="stmt"/>
      <line num="110" count="40" type="stmt"/>
      <line num="111" count="40" type="stmt"/>
      <line num="113" count="40" type="cond" truecount="2" falsecount="0"/>
      <line num="114" count="10" type="stmt"/>
      <line num="115" count="10" type="stmt"/>
      <line num="116" count="10" type="stmt"/>
      <line num="117" count="10" type="stmt"/>
      <line num="118" count="10" type="stmt"/>
      <line num="120" count="10" type="stmt"/>
      <line num="121" count="10" type="stmt"/>
      <line num="131" count="30" type="stmt"/>
      <line num="132" count="30" type="stmt"/>
      <line num="133" count="30" type="stmt"/>
      <line num="142" count="1" type="stmt"/>
      <line num="145" count="1" type="stmt"/>
    </file>
    <file name="aes-state.js" path="/Users/charliepan/Downloads/my-miniapp/utils/aes-state.js">
      <metrics statements="56" coveredstatements="56" conditionals="0" coveredconditionals="0" methods="11" coveredmethods="11"/>
      <line num="8" count="1" type="stmt"/>
      <line num="10" count="1" type="stmt"/>
      <line num="11" count="1" type="stmt"/>
      <line num="22" count="28" type="stmt"/>
      <line num="31" count="176" type="stmt"/>
      <line num="41" count="7" type="stmt"/>
      <line num="42" count="7" type="stmt"/>
      <line num="43" count="28" type="stmt"/>
      <line num="44" count="112" type="stmt"/>
      <line num="47" count="7" type="stmt"/>
      <line num="56" count="6" type="stmt"/>
      <line num="57" count="6" type="stmt"/>
      <line num="58" count="24" type="stmt"/>
      <line num="59" count="96" type="stmt"/>
      <line num="62" count="6" type="stmt"/>
      <line num="71" count="11" type="stmt"/>
      <line num="72" count="11" type="stmt"/>
      <line num="73" count="44" type="stmt"/>
      <line num="74" count="176" type="stmt"/>
      <line num="77" count="11" type="stmt"/>
      <line num="87" count="11" type="stmt"/>
      <line num="90" count="11" type="stmt"/>
      <line num="93" count="11" type="stmt"/>
      <line num="96" count="11" type="stmt"/>
      <line num="98" count="11" type="stmt"/>
      <line num="99" count="11" type="stmt"/>
      <line num="100" count="11" type="stmt"/>
      <line num="102" count="11" type="stmt"/>
      <line num="116" count="10" type="stmt"/>
      <line num="118" count="10" type="stmt"/>
      <line num="119" count="40" type="stmt"/>
      <line num="120" count="40" type="stmt"/>
      <line num="121" count="40" type="stmt"/>
      <line num="122" count="40" type="stmt"/>
      <line num="125" count="40" type="stmt"/>
      <line num="126" count="40" type="stmt"/>
      <line num="127" count="40" type="stmt"/>
      <line num="128" count="40" type="stmt"/>
      <line num="131" count="10" type="stmt"/>
      <line num="141" count="12" type="stmt"/>
      <line num="142" count="12" type="stmt"/>
      <line num="143" count="48" type="stmt"/>
      <line num="144" count="192" type="stmt"/>
      <line num="147" count="12" type="stmt"/>
      <line num="159" count="1" type="stmt"/>
      <line num="162" count="1" type="stmt"/>
      <line num="165" count="1" type="stmt"/>
      <line num="166" count="9" type="stmt"/>
      <line num="167" count="9" type="stmt"/>
      <line num="168" count="9" type="stmt"/>
      <line num="169" count="9" type="stmt"/>
      <line num="173" count="1" type="stmt"/>
      <line num="174" count="1" type="stmt"/>
      <line num="175" count="1" type="stmt"/>
      <line num="177" count="1" type="stmt"/>
      <line num="180" count="1" type="stmt"/>
    </file>
    <file name="analytics.js" path="/Users/charliepan/Downloads/my-miniapp/utils/analytics.js">
      <metrics statements="111" coveredstatements="101" conditionals="80" coveredconditionals="54" methods="17" coveredmethods="14"/>
      <line num="6" count="1" type="stmt"/>
      <line num="14" count="1" type="stmt"/>
      <line num="16" count="1" type="stmt"/>
      <line num="17" count="1" type="stmt"/>
      <line num="18" count="1" type="stmt"/>
      <line num="19" count="1" type="stmt"/>
      <line num="22" count="12" type="cond" truecount="2" falsecount="0"/>
      <line num="26" count="35" type="stmt"/>
      <line num="27" count="35" type="stmt"/>
      <line num="28" count="35" type="cond" truecount="1" falsecount="1"/>
      <line num="29" count="35" type="cond" truecount="1" falsecount="1"/>
      <line num="30" count="35" type="stmt"/>
      <line num="34" count="0" type="stmt"/>
      <line num="35" count="0" type="stmt"/>
      <line num="40" count="5" type="stmt"/>
      <line num="41" count="5" type="stmt"/>
      <line num="42" count="35" type="stmt"/>
      <line num="43" count="35" type="stmt"/>
      <line num="44" count="35" type="stmt"/>
      <line num="47" count="5" type="stmt"/>
      <line num="48" count="5" type="stmt"/>
      <line num="49" count="5" type="stmt"/>
      <line num="50" count="5" type="stmt"/>
      <line num="51" count="35" type="stmt"/>
      <line num="52" count="35" type="stmt"/>
      <line num="53" count="35" type="stmt"/>
      <line num="56" count="5" type="stmt"/>
      <line num="57" count="5" type="cond" truecount="1" falsecount="2"/>
      <line num="58" count="5" type="cond" truecount="1" falsecount="1"/>
      <line num="59" count="5" type="cond" truecount="1" falsecount="1"/>
      <line num="60" count="5" type="stmt"/>
      <line num="61" count="5" type="cond" truecount="1" falsecount="1"/>
      <line num="62" count="5" type="cond" truecount="1" falsecount="1"/>
      <line num="66" count="5" type="stmt"/>
      <line num="67" count="35" type="stmt"/>
      <line num="68" count="35" type="stmt"/>
      <line num="69" count="35" type="cond" truecount="2" falsecount="0"/>
      <line num="70" count="35" type="stmt"/>
      <line num="73" count="5" type="stmt"/>
      <line num="77" count="5" type="stmt"/>
      <line num="79" count="5" type="cond" truecount="2" falsecount="0"/>
      <line num="80" count="1" type="stmt"/>
      <line num="87" count="1" type="stmt"/>
      <line num="90" count="4" type="cond" truecount="2" falsecount="0"/>
      <line num="91" count="1" type="stmt"/>
      <line num="100" count="4" type="cond" truecount="5" falsecount="0"/>
      <line num="101" count="2" type="stmt"/>
      <line num="110" count="4" type="stmt"/>
      <line num="111" count="4" type="cond" truecount="2" falsecount="0"/>
      <line num="112" count="2" type="stmt"/>
      <line num="121" count="4" type="cond" truecount="4" falsecount="0"/>
      <line num="122" count="1" type="stmt"/>
      <line num="131" count="4" type="cond" truecount="1" falsecount="1"/>
      <line num="132" count="0" type="stmt"/>
      <line num="141" count="4" type="stmt"/>
      <line num="145" count="5" type="cond" truecount="1" falsecount="1"/>
      <line num="146" count="5" type="cond" truecount="1" falsecount="1"/>
      <line num="147" count="5" type="cond" truecount="1" falsecount="1"/>
      <line num="148" count="5" type="cond" truecount="1" falsecount="1"/>
      <line num="150" count="5" type="stmt"/>
      <line num="151" count="5" type="stmt"/>
      <line num="152" count="5" type="stmt"/>
      <line num="154" count="5" type="stmt"/>
      <line num="155" count="5" type="cond" truecount="1" falsecount="1"/>
      <line num="156" count="5" type="cond" truecount="1" falsecount="1"/>
      <line num="159" count="5" type="cond" truecount="2" falsecount="0"/>
      <line num="160" count="5" type="stmt"/>
      <line num="161" count="5" type="stmt"/>
      <line num="162" count="5" type="stmt"/>
      <line num="163" count="3" type="cond" truecount="2" falsecount="0"/>
      <line num="167" count="5" type="stmt"/>
      <line num="168" count="5" type="stmt"/>
      <line num="169" count="5" type="stmt"/>
      <line num="170" count="25" type="stmt"/>
      <line num="171" count="25" type="stmt"/>
      <line num="174" count="5" type="stmt"/>
      <line num="175" count="5" type="cond" truecount="2" falsecount="0"/>
      <line num="177" count="3" type="stmt"/>
      <line num="178" count="3" type="cond" truecount="2" falsecount="2"/>
      <line num="179" count="0" type="stmt"/>
      <line num="180" count="0" type="cond" truecount="0" falsecount="2"/>
      <line num="181" count="0" type="stmt"/>
      <line num="182" count="0" type="cond" truecount="0" falsecount="2"/>
      <line num="183" count="0" type="stmt"/>
      <line num="184" count="0" type="cond" truecount="0" falsecount="2"/>
      <line num="186" count="0" type="stmt"/>
      <line num="189" count="3" type="stmt"/>
      <line num="190" count="3" type="stmt"/>
      <line num="191" count="2" type="cond" truecount="1" falsecount="1"/>
      <line num="193" count="3" type="cond" truecount="4" falsecount="0"/>
      <line num="194" count="2" type="stmt"/>
      <line num="195" count="4" type="cond" truecount="1" falsecount="1"/>
      <line num="196" count="4" type="stmt"/>
      <line num="197" count="4" type="cond" truecount="1" falsecount="1"/>
      <line num="198" count="4" type="stmt"/>
      <line num="199" count="4" type="cond" truecount="2" falsecount="0"/>
      <line num="203" count="5" type="stmt"/>
      <line num="204" count="25" type="stmt"/>
      <line num="205" count="25" type="stmt"/>
      <line num="206" count="25" type="cond" truecount="2" falsecount="0"/>
      <line num="207" count="25" type="stmt"/>
      <line num="211" count="25" type="stmt"/>
      <line num="212" count="5" type="stmt"/>
      <line num="213" count="5" type="stmt"/>
      <line num="214" count="5" type="cond" truecount="2" falsecount="0"/>
      <line num="215" count="2" type="stmt"/>
      <line num="216" count="2" type="stmt"/>
      <line num="217" count="2" type="stmt"/>
      <line num="220" count="5" type="stmt"/>
      <line num="230" count="5" type="stmt"/>
      <line num="240" count="1" type="stmt"/>
    </file>
    <file name="ast-draw.js" path="/Users/charliepan/Downloads/my-miniapp/utils/ast-draw.js">
      <metrics statements="98" coveredstatements="96" conditionals="60" coveredconditionals="48" methods="6" coveredmethods="6"/>
      <line num="17" count="1" type="stmt"/>
      <line num="20" count="1" type="stmt"/>
      <line num="23" count="1" type="stmt"/>
      <line num="26" count="1" type="stmt"/>
      <line num="44" count="7" type="cond" truecount="3" falsecount="0"/>
      <line num="45" count="7" type="cond" truecount="3" falsecount="0"/>
      <line num="46" count="7" type="cond" truecount="3" falsecount="0"/>
      <line num="47" count="7" type="cond" truecount="3" falsecount="0"/>
      <line num="49" count="7" type="cond" truecount="2" falsecount="0"/>
      <line num="50" count="1" type="stmt"/>
      <line num="54" count="6" type="stmt"/>
      <line num="57" count="6" type="stmt"/>
      <line num="60" count="15" type="cond" truecount="1" falsecount="1"/>
      <line num="62" count="15" type="cond" truecount="2" falsecount="0"/>
      <line num="64" count="10" type="stmt"/>
      <line num="65" count="10" type="stmt"/>
      <line num="66" count="10" type="stmt"/>
      <line num="70" count="5" type="stmt"/>
      <line num="71" count="9" type="stmt"/>
      <line num="75" count="5" type="cond" truecount="2" falsecount="0"/>
      <line num="77" count="1" type="stmt"/>
      <line num="78" count="1" type="stmt"/>
      <line num="84" count="1" type="stmt"/>
      <line num="87" count="4" type="stmt"/>
      <line num="88" count="4" type="stmt"/>
      <line num="89" count="4" type="stmt"/>
      <line num="90" count="8" type="stmt"/>
      <line num="91" count="8" type="cond" truecount="2" falsecount="0"/>
      <line num="92" count="8" type="cond" truecount="2" falsecount="0"/>
      <line num="94" count="4" type="stmt"/>
      <line num="96" count="4" type="stmt"/>
      <line num="97" count="4" type="stmt"/>
      <line num="98" count="4" type="cond" truecount="1" falsecount="1"/>
      <line num="100" count="4" type="stmt"/>
      <line num="101" count="4" type="stmt"/>
      <line num="102" count="8" type="stmt"/>
      <line num="104" count="4" type="stmt"/>
      <line num="105" count="4" type="stmt"/>
      <line num="107" count="4" type="stmt"/>
      <line num="113" count="4" type="stmt"/>
      <line num="117" count="6" type="stmt"/>
      <line num="121" count="14" type="cond" truecount="4" falsecount="0"/>
      <line num="123" count="4" type="stmt"/>
      <line num="124" count="8" type="stmt"/>
      <line num="128" count="4" type="stmt"/>
      <line num="130" count="4" type="stmt"/>
      <line num="132" count="4" type="stmt"/>
      <line num="134" count="4" type="stmt"/>
      <line num="135" count="4" type="cond" truecount="1" falsecount="1"/>
      <line num="137" count="4" type="stmt"/>
      <line num="142" count="4" type="stmt"/>
      <line num="143" count="4" type="stmt"/>
      <line num="144" count="4" type="stmt"/>
      <line num="145" count="8" type="stmt"/>
      <line num="146" count="8" type="cond" truecount="2" falsecount="0"/>
      <line num="147" count="8" type="cond" truecount="1" falsecount="1"/>
      <line num="149" count="4" type="stmt"/>
      <line num="152" count="6" type="stmt"/>
      <line num="155" count="6" type="stmt"/>
      <line num="156" count="6" type="stmt"/>
      <line num="157" count="6" type="stmt"/>
      <line num="158" count="6" type="stmt"/>
      <line num="159" count="15" type="stmt"/>
      <line num="160" count="15" type="stmt"/>
      <line num="161" count="15" type="stmt"/>
      <line num="162" count="15" type="cond" truecount="2" falsecount="0"/>
      <line num="163" count="15" type="cond" truecount="2" falsecount="0"/>
      <line num="167" count="6" type="stmt"/>
      <line num="168" count="6" type="stmt"/>
      <line num="169" count="15" type="stmt"/>
      <line num="170" count="15" type="cond" truecount="2" falsecount="0"/>
      <line num="174" count="6" type="cond" truecount="2" falsecount="0"/>
      <line num="175" count="3" type="stmt"/>
      <line num="176" count="4" type="stmt"/>
      <line num="178" count="3" type="stmt"/>
      <line num="181" count="6" type="stmt"/>
      <line num="195" count="4" type="cond" truecount="1" falsecount="1"/>
      <line num="196" count="4" type="stmt"/>
      <line num="197" count="4" type="cond" truecount="1" falsecount="1"/>
      <line num="198" count="4" type="stmt"/>
      <line num="199" count="4" type="stmt"/>
      <line num="200" count="0" type="stmt"/>
      <line num="201" count="0" type="cond" truecount="0" falsecount="2"/>
      <line num="203" count="4" type="stmt"/>
      <line num="213" count="6" type="cond" truecount="1" falsecount="1"/>
      <line num="214" count="6" type="stmt"/>
      <line num="215" count="6" type="cond" truecount="1" falsecount="1"/>
      <line num="216" count="6" type="stmt"/>
      <line num="217" count="6" type="stmt"/>
      <line num="218" count="2" type="stmt"/>
      <line num="219" count="2" type="cond" truecount="2" falsecount="0"/>
      <line num="221" count="6" type="stmt"/>
      <line num="231" count="6" type="cond" truecount="1" falsecount="1"/>
      <line num="232" count="6" type="stmt"/>
      <line num="233" count="6" type="cond" truecount="1" falsecount="1"/>
      <line num="234" count="6" type="stmt"/>
      <line num="235" count="2" type="stmt"/>
      <line num="239" count="1" type="stmt"/>
    </file>
    <file name="ast-eval.js" path="/Users/charliepan/Downloads/my-miniapp/utils/ast-eval.js">
      <metrics statements="93" coveredstatements="80" conditionals="84" coveredconditionals="48" methods="12" coveredmethods="12"/>
      <line num="12" count="1" type="stmt"/>
      <line num="20" count="8" type="cond" truecount="5" falsecount="0"/>
      <line num="21" count="5" type="stmt"/>
      <line num="23" count="3" type="stmt"/>
      <line num="24" count="3" type="stmt"/>
      <line num="25" count="5" type="stmt"/>
      <line num="26" count="5" type="cond" truecount="2" falsecount="0"/>
      <line num="28" count="3" type="stmt"/>
      <line num="37" count="9" type="cond" truecount="1" falsecount="1"/>
      <line num="38" count="9" type="stmt"/>
      <line num="39" count="9" type="stmt"/>
      <line num="40" count="6" type="stmt"/>
      <line num="42" count="9" type="stmt"/>
      <line num="52" count="12" type="cond" truecount="1" falsecount="1"/>
      <line num="53" count="12" type="cond" truecount="2" falsecount="0"/>
      <line num="54" count="12" type="stmt"/>
      <line num="55" count="12" type="stmt"/>
      <line num="56" count="8" type="stmt"/>
      <line num="67" count="42" type="cond" truecount="1" falsecount="1"/>
      <line num="69" count="42" type="cond" truecount="7" falsecount="1"/>
      <line num="71" count="26" type="stmt"/>
      <line num="74" count="1" type="stmt"/>
      <line num="77" count="5" type="cond" truecount="1" falsecount="1"/>
      <line num="78" count="5" type="stmt"/>
      <line num="79" count="5" type="stmt"/>
      <line num="80" count="5" type="cond" truecount="1" falsecount="1"/>
      <line num="81" count="5" type="cond" truecount="1" falsecount="1"/>
      <line num="82" count="5" type="stmt"/>
      <line num="86" count="2" type="cond" truecount="1" falsecount="1"/>
      <line num="87" count="2" type="stmt"/>
      <line num="88" count="2" type="stmt"/>
      <line num="89" count="2" type="cond" truecount="1" falsecount="1"/>
      <line num="90" count="2" type="cond" truecount="1" falsecount="1"/>
      <line num="91" count="2" type="stmt"/>
      <line num="95" count="4" type="cond" truecount="1" falsecount="1"/>
      <line num="96" count="4" type="stmt"/>
      <line num="97" count="4" type="stmt"/>
      <line num="98" count="4" type="cond" truecount="1" falsecount="1"/>
      <line num="99" count="4" type="cond" truecount="1" falsecount="1"/>
      <line num="100" count="4" type="stmt"/>
      <line num="104" count="2" type="cond" truecount="1" falsecount="1"/>
      <line num="105" count="2" type="stmt"/>
      <line num="106" count="2" type="stmt"/>
      <line num="107" count="2" type="cond" truecount="1" falsecount="1"/>
      <line num="108" count="2" type="cond" truecount="1" falsecount="1"/>
      <line num="109" count="2" type="cond" truecount="2" falsecount="0"/>
      <line num="110" count="1" type="stmt"/>
      <line num="112" count="1" type="stmt"/>
      <line num="116" count="2" type="cond" truecount="1" falsecount="1"/>
      <line num="117" count="2" type="stmt"/>
      <line num="121" count="0" type="stmt"/>
      <line num="132" count="7" type="cond" truecount="1" falsecount="1"/>
      <line num="134" count="7" type="stmt"/>
      <line num="138" count="4" type="stmt"/>
      <line num="144" count="7" type="cond" truecount="2" falsecount="6"/>
      <line num="146" count="5" type="stmt"/>
      <line num="147" count="5" type="stmt"/>
      <line num="149" count="0" type="stmt"/>
      <line num="150" count="0" type="stmt"/>
      <line num="152" count="2" type="stmt"/>
      <line num="153" count="2" type="stmt"/>
      <line num="155" count="0" type="stmt"/>
      <line num="156" count="0" type="stmt"/>
      <line num="158" count="0" type="stmt"/>
      <line num="159" count="0" type="stmt"/>
      <line num="161" count="0" type="stmt"/>
      <line num="162" count="0" type="stmt"/>
      <line num="164" count="0" type="cond" truecount="0" falsecount="2"/>
      <line num="165" count="0" type="cond" truecount="0" falsecount="2"/>
      <line num="167" count="0" type="stmt"/>
      <line num="169" count="0" type="stmt"/>
      <line num="172" count="7" type="stmt"/>
      <line num="180" count="1" type="stmt"/>
      <line num="204" count="6" type="stmt"/>
      <line num="206" count="18" type="cond" truecount="1" falsecount="1"/>
      <line num="207" count="18" type="stmt"/>
      <line num="208" count="12" type="stmt"/>
      <line num="210" count="18" type="cond" truecount="4" falsecount="5"/>
      <line num="213" count="18" type="stmt"/>
      <line num="216" count="6" type="stmt"/>
      <line num="218" count="6" type="cond" truecount="2" falsecount="0"/>
      <line num="219" count="2" type="stmt"/>
      <line num="222" count="4" type="stmt"/>
      <line num="223" count="4" type="stmt"/>
      <line num="224" count="4" type="stmt"/>
      <line num="229" count="12" type="cond" truecount="1" falsecount="1"/>
      <line num="230" count="12" type="cond" truecount="2" falsecount="0"/>
      <line num="231" count="4" type="stmt"/>
      <line num="235" count="2" type="stmt"/>
      <line num="241" count="8" type="stmt"/>
      <line num="245" count="6" type="stmt"/>
      <line num="252" count="4" type="stmt"/>
      <line num="255" count="1" type="stmt"/>
    </file>
    <file name="ast-parser.js" path="/Users/charliepan/Downloads/my-miniapp/utils/ast-parser.js">
      <metrics statements="147" coveredstatements="142" conditionals="76" coveredconditionals="67" methods="15" coveredmethods="15"/>
      <line num="27" count="3" type="stmt"/>
      <line num="31" count="53" type="stmt"/>
      <line num="42" count="130" type="stmt"/>
      <line num="43" count="130" type="stmt"/>
      <line num="60" count="33" type="stmt"/>
      <line num="61" count="33" type="stmt"/>
      <line num="62" count="33" type="stmt"/>
      <line num="63" count="33" type="stmt"/>
      <line num="66" count="253" type="stmt"/>
      <line num="67" count="253" type="stmt"/>
      <line num="68" count="253" type="cond" truecount="1" falsecount="1"/>
      <line num="69" count="253" type="stmt"/>
      <line num="73" count="369" type="cond" truecount="1" falsecount="1"/>
      <line num="76" count="33" type="stmt"/>
      <line num="77" count="250" type="stmt"/>
      <line num="80" count="250" type="cond" truecount="6" falsecount="0"/>
      <line num="81" count="13" type="stmt"/>
      <line num="82" count="13" type="stmt"/>
      <line num="86" count="237" type="cond" truecount="4" falsecount="0"/>
      <line num="87" count="124" type="stmt"/>
      <line num="88" count="124" type="stmt"/>
      <line num="89" count="124" type="cond" truecount="3" falsecount="0"/>
      <line num="90" count="128" type="stmt"/>
      <line num="92" count="124" type="stmt"/>
      <line num="93" count="124" type="stmt"/>
      <line num="97" count="113" type="cond" truecount="7" falsecount="0"/>
      <line num="98" count="4" type="stmt"/>
      <line num="99" count="4" type="stmt"/>
      <line num="100" count="4" type="cond" truecount="6" falsecount="2"/>
      <line num="101" count="4" type="stmt"/>
      <line num="103" count="4" type="stmt"/>
      <line num="104" count="4" type="stmt"/>
      <line num="107" count="109" type="cond" truecount="7" falsecount="1"/>
      <line num="109" count="77" type="stmt"/>
      <line num="110" count="77" type="stmt"/>
      <line num="111" count="77" type="stmt"/>
      <line num="113" count="5" type="stmt"/>
      <line num="114" count="5" type="stmt"/>
      <line num="115" count="5" type="stmt"/>
      <line num="117" count="9" type="stmt"/>
      <line num="118" count="9" type="stmt"/>
      <line num="119" count="9" type="stmt"/>
      <line num="121" count="4" type="stmt"/>
      <line num="122" count="4" type="stmt"/>
      <line num="123" count="4" type="stmt"/>
      <line num="125" count="7" type="stmt"/>
      <line num="126" count="7" type="stmt"/>
      <line num="127" count="7" type="stmt"/>
      <line num="129" count="6" type="stmt"/>
      <line num="130" count="6" type="stmt"/>
      <line num="131" count="6" type="stmt"/>
      <line num="133" count="0" type="stmt"/>
      <line num="134" count="0" type="stmt"/>
      <line num="135" count="0" type="stmt"/>
      <line num="137" count="1" type="stmt"/>
      <line num="141" count="32" type="stmt"/>
      <line num="149" count="25" type="stmt"/>
      <line num="150" count="25" type="stmt"/>
      <line num="151" count="25" type="stmt"/>
      <line num="154" count="3" type="stmt"/>
      <line num="155" count="171" type="cond" truecount="2" falsecount="0"/>
      <line num="160" count="3" type="stmt"/>
      <line num="161" count="92" type="stmt"/>
      <line num="164" count="3" type="stmt"/>
      <line num="165" count="6" type="stmt"/>
      <line num="166" count="6" type="cond" truecount="2" falsecount="0"/>
      <line num="167" count="1" type="cond" truecount="1" falsecount="1"/>
      <line num="170" count="1" type="stmt"/>
      <line num="172" count="5" type="stmt"/>
      <line num="179" count="3" type="stmt"/>
      <line num="180" count="31" type="stmt"/>
      <line num="181" count="31" type="stmt"/>
      <line num="182" count="31" type="stmt"/>
      <line num="183" count="30" type="stmt"/>
      <line num="184" count="30" type="stmt"/>
      <line num="192" count="3" type="stmt"/>
      <line num="193" count="48" type="stmt"/>
      <line num="195" count="48" type="cond" truecount="4" falsecount="0"/>
      <line num="196" count="18" type="stmt"/>
      <line num="197" count="18" type="cond" truecount="2" falsecount="0"/>
      <line num="198" count="18" type="stmt"/>
      <line num="199" count="18" type="stmt"/>
      <line num="200" count="18" type="stmt"/>
      <line num="201" count="18" type="stmt"/>
      <line num="202" count="18" type="stmt"/>
      <line num="203" count="18" type="stmt"/>
      <line num="205" count="18" type="stmt"/>
      <line num="209" count="30" type="stmt"/>
      <line num="216" count="3" type="stmt"/>
      <line num="217" count="49" type="stmt"/>
      <line num="218" count="49" type="stmt"/>
      <line num="219" count="48" type="stmt"/>
      <line num="227" count="3" type="stmt"/>
      <line num="228" count="58" type="stmt"/>
      <line num="230" count="58" type="cond" truecount="4" falsecount="0"/>
      <line num="231" count="10" type="stmt"/>
      <line num="232" count="10" type="cond" truecount="2" falsecount="0"/>
      <line num="233" count="10" type="stmt"/>
      <line num="234" count="10" type="stmt"/>
      <line num="235" count="10" type="stmt"/>
      <line num="236" count="10" type="stmt"/>
      <line num="237" count="10" type="stmt"/>
      <line num="238" count="10" type="stmt"/>
      <line num="240" count="10" type="stmt"/>
      <line num="244" count="48" type="stmt"/>
      <line num="251" count="3" type="stmt"/>
      <line num="252" count="59" type="stmt"/>
      <line num="254" count="59" type="cond" truecount="2" falsecount="0"/>
      <line num="255" count="51" type="stmt"/>
      <line num="256" count="51" type="stmt"/>
      <line num="257" count="51" type="stmt"/>
      <line num="258" count="51" type="stmt"/>
      <line num="259" count="51" type="stmt"/>
      <line num="260" count="51" type="stmt"/>
      <line num="261" count="51" type="stmt"/>
      <line num="262" count="51" type="stmt"/>
      <line num="265" count="8" type="cond" truecount="2" falsecount="0"/>
      <line num="266" count="2" type="stmt"/>
      <line num="267" count="2" type="stmt"/>
      <line num="268" count="2" type="stmt"/>
      <line num="269" count="2" type="stmt"/>
      <line num="270" count="2" type="stmt"/>
      <line num="271" count="2" type="stmt"/>
      <line num="272" count="2" type="stmt"/>
      <line num="273" count="2" type="stmt"/>
      <line num="276" count="6" type="cond" truecount="1" falsecount="1"/>
      <line num="277" count="6" type="stmt"/>
      <line num="278" count="6" type="stmt"/>
      <line num="279" count="6" type="stmt"/>
      <line num="280" count="6" type="stmt"/>
      <line num="281" count="5" type="stmt"/>
      <line num="282" count="5" type="stmt"/>
      <line num="283" count="5" type="stmt"/>
      <line num="284" count="5" type="stmt"/>
      <line num="285" count="5" type="stmt"/>
      <line num="288" count="0" type="stmt"/>
      <line num="297" count="28" type="cond" truecount="4" falsecount="0"/>
      <line num="298" count="2" type="stmt"/>
      <line num="301" count="26" type="stmt"/>
      <line num="303" count="26" type="cond" truecount="2" falsecount="0"/>
      <line num="304" count="1" type="stmt"/>
      <line num="307" count="25" type="stmt"/>
      <line num="308" count="25" type="stmt"/>
      <line num="311" count="24" type="cond" truecount="1" falsecount="1"/>
      <line num="312" count="0" type="stmt"/>
      <line num="315" count="24" type="stmt"/>
      <line num="318" count="3" type="stmt"/>
    </file>
    <file name="bankers.js" path="/Users/charliepan/Downloads/my-miniapp/utils/bankers.js">
      <metrics statements="51" coveredstatements="48" conditionals="20" coveredconditionals="17" methods="5" coveredmethods="5"/>
      <line num="8" count="10" type="cond" truecount="2" falsecount="0"/>
      <line num="9" count="1" type="stmt"/>
      <line num="11" count="9" type="stmt"/>
      <line num="12" count="21" type="cond" truecount="1" falsecount="1"/>
      <line num="13" count="0" type="stmt"/>
      <line num="15" count="21" type="stmt"/>
      <line num="16" count="57" type="cond" truecount="2" falsecount="0"/>
      <line num="17" count="1" type="stmt"/>
      <line num="22" count="8" type="stmt"/>
      <line num="23" count="20" type="stmt"/>
      <line num="24" count="56" type="stmt"/>
      <line num="37" count="7" type="cond" truecount="2" falsecount="0"/>
      <line num="38" count="1" type="stmt"/>
      <line num="40" count="6" type="stmt"/>
      <line num="41" count="15" type="cond" truecount="1" falsecount="1"/>
      <line num="42" count="0" type="stmt"/>
      <line num="44" count="15" type="cond" truecount="1" falsecount="1"/>
      <line num="45" count="0" type="stmt"/>
      <line num="49" count="6" type="stmt"/>
      <line num="50" count="6" type="cond" truecount="2" falsecount="0"/>
      <line num="51" count="1" type="stmt"/>
      <line num="54" count="5" type="stmt"/>
      <line num="55" count="5" type="stmt"/>
      <line num="56" count="5" type="stmt"/>
      <line num="57" count="5" type="stmt"/>
      <line num="58" count="5" type="stmt"/>
      <line num="59" count="5" type="stmt"/>
      <line num="61" count="5" type="stmt"/>
      <line num="62" count="11" type="stmt"/>
      <line num="63" count="11" type="stmt"/>
      <line num="64" count="35" type="cond" truecount="2" falsecount="0"/>
      <line num="66" count="19" type="stmt"/>
      <line num="67" count="19" type="stmt"/>
      <line num="68" count="43" type="cond" truecount="2" falsecount="0"/>
      <line num="69" count="9" type="stmt"/>
      <line num="70" count="9" type="stmt"/>
      <line num="74" count="19" type="stmt"/>
      <line num="82" count="19" type="cond" truecount="2" falsecount="0"/>
      <line num="84" count="10" type="stmt"/>
      <line num="85" count="10" type="stmt"/>
      <line num="86" count="33" type="stmt"/>
      <line num="89" count="10" type="stmt"/>
      <line num="90" count="10" type="stmt"/>
      <line num="92" count="10" type="stmt"/>
      <line num="93" count="10" type="stmt"/>
      <line num="94" count="10" type="stmt"/>
      <line num="95" count="10" type="stmt"/>
      <line num="97" count="9" type="stmt"/>
      <line num="102" count="12" type="stmt"/>
      <line num="104" count="5" type="stmt"/>
      <line num="111" count="1" type="stmt"/>
    </file>
    <file name="bplus-node.js" path="/Users/charliepan/Downloads/my-miniapp/utils/bplus-node.js">
      <metrics statements="87" coveredstatements="87" conditionals="58" coveredconditionals="48" methods="24" coveredmethods="24"/>
      <line num="9" count="3" type="stmt"/>
      <line num="10" count="3" type="stmt"/>
      <line num="13" count="115" type="cond" truecount="2" falsecount="0"/>
      <line num="14" count="115" type="cond" truecount="2" falsecount="0"/>
      <line num="15" count="115" type="cond" truecount="2" falsecount="0"/>
      <line num="16" count="115" type="stmt"/>
      <line num="18" count="81" type="stmt"/>
      <line num="25" count="34" type="cond" truecount="1" falsecount="1"/>
      <line num="26" count="34" type="cond" truecount="1" falsecount="1"/>
      <line num="27" count="34" type="cond" truecount="2" falsecount="0"/>
      <line num="28" count="2" type="stmt"/>
      <line num="30" count="32" type="stmt"/>
      <line num="38" count="239" type="cond" truecount="3" falsecount="0"/>
      <line num="42" count="80" type="cond" truecount="3" falsecount="0"/>
      <line num="46" count="5" type="cond" truecount="1" falsecount="1"/>
      <line num="47" count="5" type="cond" truecount="2" falsecount="0"/>
      <line num="48" count="1" type="stmt"/>
      <line num="49" count="1" type="stmt"/>
      <line num="50" count="3" type="stmt"/>
      <line num="52" count="1" type="stmt"/>
      <line num="62" count="5" type="cond" truecount="2" falsecount="0"/>
      <line num="64" count="4" type="stmt"/>
      <line num="65" count="4" type="stmt"/>
      <line num="66" count="4" type="stmt"/>
      <line num="70" count="17" type="cond" truecount="2" falsecount="0"/>
      <line num="71" count="11" type="stmt"/>
      <line num="72" count="11" type="stmt"/>
      <line num="74" count="6" type="cond" truecount="1" falsecount="1"/>
      <line num="75" count="6" type="stmt"/>
      <line num="76" count="13" type="stmt"/>
      <line num="80" count="4" type="stmt"/>
      <line num="83" count="4" type="stmt"/>
      <line num="84" count="11" type="stmt"/>
      <line num="85" count="11" type="stmt"/>
      <line num="90" count="17" type="cond" truecount="2" falsecount="0"/>
      <line num="91" count="6" type="stmt"/>
      <line num="92" count="13" type="stmt"/>
      <line num="94" count="6" type="stmt"/>
      <line num="95" count="6" type="stmt"/>
      <line num="96" count="13" type="stmt"/>
      <line num="98" count="6" type="stmt"/>
      <line num="99" count="6" type="stmt"/>
      <line num="101" count="4" type="stmt"/>
      <line num="104" count="4" type="stmt"/>
      <line num="106" count="17" type="cond" truecount="1" falsecount="1"/>
      <line num="107" count="17" type="cond" truecount="2" falsecount="0"/>
      <line num="108" count="17" type="stmt"/>
      <line num="109" count="17" type="cond" truecount="2" falsecount="0"/>
      <line num="110" count="13" type="stmt"/>
      <line num="113" count="4" type="stmt"/>
      <line num="115" count="4" type="stmt"/>
      <line num="116" count="4" type="stmt"/>
      <line num="117" count="4" type="stmt"/>
      <line num="118" count="12" type="stmt"/>
      <line num="119" count="8" type="stmt"/>
      <line num="120" count="17" type="stmt"/>
      <line num="128" count="8" type="stmt"/>
      <line num="133" count="17" type="cond" truecount="2" falsecount="0"/>
      <line num="134" count="12" type="stmt"/>
      <line num="135" count="6" type="cond" truecount="1" falsecount="1"/>
      <line num="136" count="9" type="stmt"/>
      <line num="137" count="6" type="stmt"/>
      <line num="138" count="13" type="stmt"/>
      <line num="139" count="64" type="stmt"/>
      <line num="140" count="13" type="cond" truecount="1" falsecount="1"/>
      <line num="141" count="33" type="stmt"/>
      <line num="142" count="13" type="stmt"/>
      <line num="146" count="13" type="stmt"/>
      <line num="149" count="4" type="stmt"/>
      <line num="152" count="4" type="stmt"/>
      <line num="153" count="4" type="stmt"/>
      <line num="154" count="8" type="stmt"/>
      <line num="155" count="17" type="stmt"/>
      <line num="156" count="17" type="cond" truecount="2" falsecount="0"/>
      <line num="157" count="17" type="cond" truecount="2" falsecount="0"/>
      <line num="159" count="8" type="cond" truecount="1" falsecount="1"/>
      <line num="161" count="4" type="cond" truecount="1" falsecount="1"/>
      <line num="162" count="4" type="cond" truecount="1" falsecount="1"/>
      <line num="164" count="4" type="stmt"/>
      <line num="168" count="11" type="stmt"/>
      <line num="172" count="50" type="cond" truecount="2" falsecount="0"/>
      <line num="173" count="39" type="cond" truecount="2" falsecount="0"/>
      <line num="174" count="22" type="stmt"/>
      <line num="175" count="39" type="stmt"/>
      <line num="176" count="39" type="cond" truecount="2" falsecount="0"/>
      <line num="179" count="23" type="stmt"/>
      <line num="182" count="3" type="stmt"/>
    </file>
    <file name="bplus-split.js" path="/Users/charliepan/Downloads/my-miniapp/utils/bplus-split.js">
      <metrics statements="29" coveredstatements="25" conditionals="8" coveredconditionals="4" methods="5" coveredmethods="5"/>
      <line num="12" count="2" type="stmt"/>
      <line num="15" count="144" type="stmt"/>
      <line num="19" count="3" type="stmt"/>
      <line num="30" count="20" type="cond" truecount="1" falsecount="1"/>
      <line num="31" count="0" type="stmt"/>
      <line num="33" count="20" type="cond" truecount="1" falsecount="1"/>
      <line num="34" count="0" type="stmt"/>
      <line num="36" count="20" type="stmt"/>
      <line num="37" count="85" type="stmt"/>
      <line num="38" count="20" type="stmt"/>
      <line num="39" count="20" type="stmt"/>
      <line num="40" count="20" type="stmt"/>
      <line num="42" count="20" type="stmt"/>
      <line num="43" count="20" type="stmt"/>
      <line num="45" count="20" type="stmt"/>
      <line num="56" count="4" type="cond" truecount="1" falsecount="1"/>
      <line num="57" count="0" type="stmt"/>
      <line num="59" count="4" type="cond" truecount="1" falsecount="1"/>
      <line num="60" count="0" type="stmt"/>
      <line num="62" count="4" type="stmt"/>
      <line num="63" count="4" type="stmt"/>
      <line num="64" count="4" type="stmt"/>
      <line num="65" count="4" type="stmt"/>
      <line num="66" count="4" type="stmt"/>
      <line num="67" count="4" type="stmt"/>
      <line num="69" count="4" type="stmt"/>
      <line num="70" count="4" type="stmt"/>
      <line num="72" count="4" type="stmt"/>
      <line num="75" count="2" type="stmt"/>
    </file>
    <file name="bplus-tree.js" path="/Users/charliepan/Downloads/my-miniapp/utils/bplus-tree.js">
      <metrics statements="103" coveredstatements="99" conditionals="46" coveredconditionals="43" methods="11" coveredmethods="11"/>
      <line num="17" count="1" type="stmt"/>
      <line num="18" count="1" type="stmt"/>
      <line num="21" count="26" type="cond" truecount="4" falsecount="0"/>
      <line num="22" count="2" type="stmt"/>
      <line num="24" count="24" type="stmt"/>
      <line num="25" count="24" type="stmt"/>
      <line num="33" count="1" type="stmt"/>
      <line num="34" count="137" type="stmt"/>
      <line num="35" count="137" type="stmt"/>
      <line num="36" count="137" type="cond" truecount="2" falsecount="0"/>
      <line num="38" count="10" type="stmt"/>
      <line num="42" count="10" type="stmt"/>
      <line num="43" count="10" type="stmt"/>
      <line num="50" count="137" type="stmt"/>
      <line num="51" count="137" type="stmt"/>
      <line num="58" count="1" type="stmt"/>
      <line num="59" count="154" type="cond" truecount="2" falsecount="0"/>
      <line num="60" count="137" type="stmt"/>
      <line num="63" count="17" type="stmt"/>
      <line num="64" count="17" type="stmt"/>
      <line num="70" count="17" type="stmt"/>
      <line num="71" count="17" type="cond" truecount="2" falsecount="0"/>
      <line num="74" count="5" type="stmt"/>
      <line num="75" count="5" type="stmt"/>
      <line num="76" count="5" type="stmt"/>
      <line num="77" count="5" type="stmt"/>
      <line num="86" count="5" type="cond" truecount="1" falsecount="1"/>
      <line num="87" count="0" type="stmt"/>
      <line num="90" count="17" type="stmt"/>
      <line num="93" count="1" type="stmt"/>
      <line num="95" count="137" type="stmt"/>
      <line num="96" count="137" type="cond" truecount="2" falsecount="0"/>
      <line num="97" count="1" type="stmt"/>
      <line num="98" count="1" type="stmt"/>
      <line num="103" count="1" type="stmt"/>
      <line num="105" count="136" type="stmt"/>
      <line num="106" count="795" type="stmt"/>
      <line num="107" count="136" type="stmt"/>
      <line num="112" count="136" type="cond" truecount="2" falsecount="0"/>
      <line num="113" count="15" type="stmt"/>
      <line num="115" count="121" type="stmt"/>
      <line num="118" count="1" type="stmt"/>
      <line num="119" count="15" type="cond" truecount="1" falsecount="1"/>
      <line num="120" count="15" type="stmt"/>
      <line num="122" count="15" type="stmt"/>
      <line num="123" count="15" type="stmt"/>
      <line num="124" count="15" type="stmt"/>
      <line num="125" count="15" type="stmt"/>
      <line num="126" count="15" type="cond" truecount="2" falsecount="0"/>
      <line num="127" count="15" type="cond" truecount="1" falsecount="1"/>
      <line num="128" count="15" type="stmt"/>
      <line num="137" count="15" type="stmt"/>
      <line num="139" count="0" type="stmt"/>
      <line num="140" count="0" type="stmt"/>
      <line num="147" count="0" type="stmt"/>
      <line num="150" count="1" type="stmt"/>
      <line num="152" count="29" type="stmt"/>
      <line num="153" count="37" type="cond" truecount="2" falsecount="0"/>
      <line num="155" count="20" type="stmt"/>
      <line num="163" count="1" type="stmt"/>
      <line num="164" count="9" type="stmt"/>
      <line num="165" count="9" type="stmt"/>
      <line num="166" count="9" type="stmt"/>
      <line num="171" count="9" type="stmt"/>
      <line num="174" count="1" type="stmt"/>
      <line num="175" count="15" type="cond" truecount="2" falsecount="0"/>
      <line num="176" count="9" type="stmt"/>
      <line num="181" count="9" type="stmt"/>
      <line num="182" count="9" type="cond" truecount="2" falsecount="0"/>
      <line num="183" count="4" type="stmt"/>
      <line num="185" count="6" type="stmt"/>
      <line num="186" count="6" type="stmt"/>
      <line num="192" count="6" type="stmt"/>
      <line num="201" count="1" type="stmt"/>
      <line num="202" count="9" type="cond" truecount="2" falsecount="0"/>
      <line num="203" count="1" type="stmt"/>
      <line num="205" count="8" type="stmt"/>
      <line num="206" count="8" type="stmt"/>
      <line num="207" count="8" type="stmt"/>
      <line num="213" count="8" type="stmt"/>
      <line num="214" count="8" type="stmt"/>
      <line num="215" count="8" type="stmt"/>
      <line num="216" count="8" type="stmt"/>
      <line num="217" count="8" type="stmt"/>
      <line num="218" count="16" type="stmt"/>
      <line num="219" count="16" type="stmt"/>
      <line num="220" count="16" type="stmt"/>
      <line num="221" count="16" type="stmt"/>
      <line num="222" count="32" type="cond" truecount="4" falsecount="0"/>
      <line num="223" count="19" type="stmt"/>
      <line num="224" count="19" type="stmt"/>
      <line num="226" count="32" type="cond" truecount="2" falsecount="0"/>
      <line num="227" count="4" type="stmt"/>
      <line num="233" count="4" type="stmt"/>
      <line num="236" count="12" type="stmt"/>
      <line num="245" count="12" type="stmt"/>
      <line num="247" count="4" type="stmt"/>
      <line num="248" count="4" type="stmt"/>
      <line num="251" count="1" type="stmt"/>
      <line num="252" count="14" type="cond" truecount="2" falsecount="0"/>
      <line num="253" count="6" type="stmt"/>
      <line num="254" count="6" type="stmt"/>
      <line num="257" count="1" type="stmt"/>
    </file>
    <file name="bst.js" path="/Users/charliepan/Downloads/my-miniapp/utils/bst.js">
      <metrics statements="133" coveredstatements="133" conditionals="96" coveredconditionals="90" methods="18" coveredmethods="18"/>
      <line num="16" count="136" type="stmt"/>
      <line num="25" count="61" type="cond" truecount="2" falsecount="0"/>
      <line num="26" count="25" type="stmt"/>
      <line num="37" count="64" type="cond" truecount="2" falsecount="0"/>
      <line num="38" count="28" type="stmt"/>
      <line num="45" count="2" type="stmt"/>
      <line num="46" count="2" type="cond" truecount="2" falsecount="0"/>
      <line num="47" count="1" type="stmt"/>
      <line num="49" count="2" type="stmt"/>
      <line num="61" count="135" type="stmt"/>
      <line num="62" count="135" type="stmt"/>
      <line num="63" count="135" type="stmt"/>
      <line num="69" count="135" type="stmt"/>
      <line num="73" count="275" type="cond" truecount="2" falsecount="0"/>
      <line num="74" count="135" type="stmt"/>
      <line num="80" count="135" type="stmt"/>
      <line num="83" count="140" type="stmt"/>
      <line num="91" count="140" type="cond" truecount="2" falsecount="0"/>
      <line num="92" count="80" type="stmt"/>
      <line num="94" count="60" type="stmt"/>
      <line num="107" count="6" type="stmt"/>
      <line num="108" count="6" type="stmt"/>
      <line num="109" count="6" type="stmt"/>
      <line num="113" count="16" type="cond" truecount="2" falsecount="0"/>
      <line num="114" count="2" type="stmt"/>
      <line num="120" count="2" type="stmt"/>
      <line num="123" count="14" type="stmt"/>
      <line num="125" count="14" type="cond" truecount="2" falsecount="0"/>
      <line num="126" count="4" type="stmt"/>
      <line num="133" count="4" type="stmt"/>
      <line num="136" count="10" type="stmt"/>
      <line num="144" count="10" type="cond" truecount="2" falsecount="0"/>
      <line num="145" count="7" type="stmt"/>
      <line num="147" count="3" type="stmt"/>
      <line num="160" count="7" type="stmt"/>
      <line num="161" count="7" type="stmt"/>
      <line num="163" count="7" type="cond" truecount="4" falsecount="0"/>
      <line num="164" count="6" type="stmt"/>
      <line num="172" count="7" type="stmt"/>
      <line num="176" count="17" type="cond" truecount="2" falsecount="0"/>
      <line num="177" count="1" type="stmt"/>
      <line num="183" count="1" type="stmt"/>
      <line num="186" count="16" type="stmt"/>
      <line num="188" count="16" type="cond" truecount="2" falsecount="0"/>
      <line num="189" count="6" type="stmt"/>
      <line num="196" count="6" type="stmt"/>
      <line num="197" count="10" type="cond" truecount="2" falsecount="0"/>
      <line num="198" count="2" type="stmt"/>
      <line num="205" count="2" type="stmt"/>
      <line num="208" count="8" type="cond" truecount="4" falsecount="0"/>
      <line num="210" count="5" type="stmt"/>
      <line num="217" count="5" type="stmt"/>
      <line num="218" count="3" type="cond" truecount="4" falsecount="0"/>
      <line num="220" count="1" type="cond" truecount="1" falsecount="1"/>
      <line num="221" count="1" type="stmt"/>
      <line num="228" count="1" type="stmt"/>
      <line num="231" count="2" type="stmt"/>
      <line num="232" count="2" type="stmt"/>
      <line num="240" count="2" type="stmt"/>
      <line num="241" count="2" type="stmt"/>
      <line num="255" count="7" type="stmt"/>
      <line num="256" count="7" type="cond" truecount="2" falsecount="0"/>
      <line num="257" count="1" type="stmt"/>
      <line num="258" count="1" type="stmt"/>
      <line num="261" count="6" type="cond" truecount="2" falsecount="0"/>
      <line num="262" count="2" type="stmt"/>
      <line num="263" count="4" type="cond" truecount="2" falsecount="0"/>
      <line num="264" count="1" type="stmt"/>
      <line num="265" count="3" type="cond" truecount="2" falsecount="0"/>
      <line num="266" count="1" type="stmt"/>
      <line num="267" count="2" type="cond" truecount="1" falsecount="1"/>
      <line num="268" count="2" type="stmt"/>
      <line num="271" count="6" type="stmt"/>
      <line num="272" count="6" type="stmt"/>
      <line num="276" count="22" type="cond" truecount="2" falsecount="0"/>
      <line num="277" count="10" type="stmt"/>
      <line num="283" count="10" type="stmt"/>
      <line num="284" count="10" type="stmt"/>
      <line num="288" count="11" type="cond" truecount="2" falsecount="0"/>
      <line num="289" count="5" type="stmt"/>
      <line num="290" count="5" type="stmt"/>
      <line num="296" count="5" type="stmt"/>
      <line num="300" count="11" type="cond" truecount="2" falsecount="0"/>
      <line num="301" count="5" type="stmt"/>
      <line num="302" count="5" type="stmt"/>
      <line num="303" count="5" type="stmt"/>
      <line num="312" count="2" type="stmt"/>
      <line num="313" count="2" type="stmt"/>
      <line num="314" count="10" type="stmt"/>
      <line num="315" count="10" type="stmt"/>
      <line num="316" count="10" type="stmt"/>
      <line num="322" count="10" type="cond" truecount="2" falsecount="0"/>
      <line num="323" count="10" type="cond" truecount="2" falsecount="0"/>
      <line num="335" count="26" type="cond" truecount="2" falsecount="0"/>
      <line num="336" count="11" type="stmt"/>
      <line num="349" count="6" type="stmt"/>
      <line num="350" count="6" type="stmt"/>
      <line num="351" count="6" type="cond" truecount="2" falsecount="0"/>
      <line num="353" count="5" type="stmt"/>
      <line num="354" count="5" type="stmt"/>
      <line num="355" count="5" type="stmt"/>
      <line num="356" count="5" type="stmt"/>
      <line num="358" count="5" type="stmt"/>
      <line num="361" count="5" type="stmt"/>
      <line num="362" count="5" type="stmt"/>
      <line num="363" count="11" type="cond" truecount="2" falsecount="0"/>
      <line num="364" count="11" type="cond" truecount="1" falsecount="1"/>
      <line num="365" count="11" type="cond" truecount="2" falsecount="0"/>
      <line num="366" count="11" type="cond" truecount="2" falsecount="0"/>
      <line num="369" count="5" type="stmt"/>
      <line num="370" count="11" type="stmt"/>
      <line num="371" count="11" type="cond" truecount="2" falsecount="0"/>
      <line num="372" count="3" type="stmt"/>
      <line num="373" count="3" type="cond" truecount="1" falsecount="1"/>
      <line num="374" count="3" type="stmt"/>
      <line num="379" count="3" type="stmt"/>
      <line num="383" count="11" type="cond" truecount="2" falsecount="0"/>
      <line num="384" count="3" type="stmt"/>
      <line num="385" count="9" type="cond" truecount="2" falsecount="0"/>
      <line num="386" count="3" type="stmt"/>
      <line num="391" count="3" type="stmt"/>
      <line num="397" count="5" type="cond" truecount="1" falsecount="1"/>
      <line num="398" count="5" type="cond" truecount="1" falsecount="1"/>
      <line num="399" count="5" type="stmt"/>
      <line num="403" count="27" type="cond" truecount="2" falsecount="0"/>
      <line num="404" count="11" type="stmt"/>
      <line num="405" count="11" type="stmt"/>
      <line num="406" count="11" type="stmt"/>
      <line num="407" count="11" type="cond" truecount="2" falsecount="0"/>
      <line num="408" count="11" type="stmt"/>
      <line num="409" count="11" type="stmt"/>
      <line num="417" count="11" type="stmt"/>
      <line num="422" count="1" type="stmt"/>
    </file>
    <file name="cipher-caesar.js" path="/Users/charliepan/Downloads/my-miniapp/utils/cipher-caesar.js">
      <metrics statements="21" coveredstatements="21" conditionals="8" coveredconditionals="8" methods="4" coveredmethods="4"/>
      <line num="6" count="1" type="stmt"/>
      <line num="7" count="1" type="stmt"/>
      <line num="8" count="1" type="stmt"/>
      <line num="9" count="1" type="stmt"/>
      <line num="18" count="349" type="stmt"/>
      <line num="28" count="59" type="stmt"/>
      <line num="29" count="59" type="stmt"/>
      <line num="30" count="368" type="stmt"/>
      <line num="31" count="368" type="stmt"/>
      <line num="32" count="368" type="cond" truecount="4" falsecount="0"/>
      <line num="33" count="345" type="stmt"/>
      <line num="34" count="23" type="cond" truecount="4" falsecount="0"/>
      <line num="35" count="4" type="stmt"/>
      <line num="37" count="19" type="stmt"/>
      <line num="40" count="59" type="stmt"/>
      <line num="50" count="52" type="stmt"/>
      <line num="59" count="2" type="stmt"/>
      <line num="60" count="2" type="stmt"/>
      <line num="61" count="50" type="stmt"/>
      <line num="66" count="2" type="stmt"/>
      <line num="69" count="1" type="stmt"/>
    </file>
    <file name="cipher-freq.js" path="/Users/charliepan/Downloads/my-miniapp/utils/cipher-freq.js">
      <metrics statements="27" coveredstatements="25" conditionals="10" coveredconditionals="8" methods="2" coveredmethods="2"/>
      <line num="11" count="1" type="stmt"/>
      <line num="40" count="1" type="stmt"/>
      <line num="41" count="1" type="stmt"/>
      <line num="42" count="1" type="stmt"/>
      <line num="43" count="1" type="stmt"/>
      <line num="52" count="6" type="stmt"/>
      <line num="53" count="6" type="stmt"/>
      <line num="54" count="156" type="stmt"/>
      <line num="58" count="6" type="stmt"/>
      <line num="59" count="6" type="stmt"/>
      <line num="60" count="69" type="stmt"/>
      <line num="61" count="69" type="cond" truecount="4" falsecount="0"/>
      <line num="62" count="50" type="stmt"/>
      <line num="63" count="50" type="stmt"/>
      <line num="64" count="19" type="cond" truecount="2" falsecount="2"/>
      <line num="65" count="0" type="stmt"/>
      <line num="66" count="0" type="stmt"/>
      <line num="71" count="6" type="stmt"/>
      <line num="72" count="6" type="stmt"/>
      <line num="73" count="156" type="stmt"/>
      <line num="74" count="156" type="cond" truecount="2" falsecount="0"/>
      <line num="75" count="156" type="stmt"/>
      <line num="81" count="6" type="stmt"/>
      <line num="88" count="1" type="stmt"/>
      <line num="89" count="1" type="stmt"/>
      <line num="90" count="26" type="stmt"/>
      <line num="93" count="1" type="stmt"/>
    </file>
    <file name="cipher-railfence.js" path="/Users/charliepan/Downloads/my-miniapp/utils/cipher-railfence.js">
      <metrics statements="79" coveredstatements="71" conditionals="28" coveredconditionals="26" methods="4" coveredmethods="4"/>
      <line num="13" count="10" type="cond" truecount="4" falsecount="0"/>
      <line num="16" count="8" type="stmt"/>
      <line num="17" count="8" type="stmt"/>
      <line num="18" count="26" type="stmt"/>
      <line num="21" count="8" type="stmt"/>
      <line num="22" count="8" type="stmt"/>
      <line num="24" count="8" type="stmt"/>
      <line num="25" count="118" type="stmt"/>
      <line num="26" count="118" type="cond" truecount="2" falsecount="0"/>
      <line num="27" count="85" type="cond" truecount="2" falsecount="0"/>
      <line num="28" count="118" type="stmt"/>
      <line num="32" count="8" type="stmt"/>
      <line num="33" count="8" type="stmt"/>
      <line num="34" count="26" type="stmt"/>
      <line num="35" count="118" type="stmt"/>
      <line num="38" count="8" type="stmt"/>
      <line num="48" count="43" type="cond" truecount="3" falsecount="1"/>
      <line num="51" count="43" type="stmt"/>
      <line num="52" count="43" type="stmt"/>
      <line num="53" count="435" type="stmt"/>
      <line num="56" count="43" type="stmt"/>
      <line num="57" count="43" type="stmt"/>
      <line num="58" count="43" type="stmt"/>
      <line num="59" count="1045" type="stmt"/>
      <line num="60" count="1045" type="cond" truecount="2" falsecount="0"/>
      <line num="61" count="912" type="cond" truecount="2" falsecount="0"/>
      <line num="62" count="1045" type="stmt"/>
      <line num="66" count="43" type="stmt"/>
      <line num="67" count="43" type="stmt"/>
      <line num="68" count="43" type="stmt"/>
      <line num="69" count="435" type="stmt"/>
      <line num="70" count="435" type="stmt"/>
      <line num="71" count="1045" type="stmt"/>
      <line num="72" count="1045" type="stmt"/>
      <line num="77" count="43" type="stmt"/>
      <line num="78" count="43" type="stmt"/>
      <line num="79" count="43" type="stmt"/>
      <line num="80" count="43" type="stmt"/>
      <line num="81" count="43" type="stmt"/>
      <line num="82" count="435" type="stmt"/>
      <line num="85" count="43" type="stmt"/>
      <line num="86" count="1045" type="stmt"/>
      <line num="87" count="1045" type="stmt"/>
      <line num="88" count="1045" type="cond" truecount="2" falsecount="0"/>
      <line num="89" count="912" type="cond" truecount="2" falsecount="0"/>
      <line num="90" count="1045" type="stmt"/>
      <line num="93" count="43" type="stmt"/>
      <line num="102" count="2" type="stmt"/>
      <line num="103" count="2" type="stmt"/>
      <line num="104" count="38" type="stmt"/>
      <line num="109" count="2" type="stmt"/>
      <line num="119" count="1" type="cond" truecount="1" falsecount="1"/>
      <line num="120" count="0" type="stmt"/>
      <line num="121" count="0" type="stmt"/>
      <line num="122" count="0" type="stmt"/>
      <line num="123" count="0" type="stmt"/>
      <line num="124" count="0" type="stmt"/>
      <line num="127" count="0" type="stmt"/>
      <line num="128" count="0" type="stmt"/>
      <line num="129" count="0" type="stmt"/>
      <line num="133" count="1" type="stmt"/>
      <line num="134" count="1" type="stmt"/>
      <line num="135" count="3" type="stmt"/>
      <line num="136" count="3" type="stmt"/>
      <line num="137" count="15" type="stmt"/>
      <line num="141" count="1" type="stmt"/>
      <line num="142" count="1" type="stmt"/>
      <line num="143" count="1" type="stmt"/>
      <line num="144" count="5" type="stmt"/>
      <line num="145" count="5" type="cond" truecount="2" falsecount="0"/>
      <line num="146" count="3" type="cond" truecount="2" falsecount="0"/>
      <line num="147" count="5" type="stmt"/>
      <line num="151" count="1" type="stmt"/>
      <line num="152" count="1" type="stmt"/>
      <line num="153" count="3" type="stmt"/>
      <line num="154" count="15" type="cond" truecount="2" falsecount="0"/>
      <line num="155" count="5" type="stmt"/>
      <line num="160" count="1" type="stmt"/>
      <line num="163" count="1" type="stmt"/>
    </file>
    <file name="cipher-vigenere.js" path="/Users/charliepan/Downloads/my-miniapp/utils/cipher-vigenere.js">
      <metrics statements="75" coveredstatements="64" conditionals="38" coveredconditionals="29" methods="4" coveredmethods="4"/>
      <line num="6" count="1" type="stmt"/>
      <line num="7" count="1" type="stmt"/>
      <line num="8" count="1" type="stmt"/>
      <line num="9" count="1" type="stmt"/>
      <line num="17" count="11" type="stmt"/>
      <line num="18" count="11" type="stmt"/>
      <line num="19" count="41" type="stmt"/>
      <line num="20" count="41" type="cond" truecount="4" falsecount="0"/>
      <line num="21" count="35" type="stmt"/>
      <line num="22" count="6" type="cond" truecount="4" falsecount="0"/>
      <line num="23" count="3" type="stmt"/>
      <line num="26" count="11" type="stmt"/>
      <line num="36" count="8" type="stmt"/>
      <line num="37" count="8" type="cond" truecount="2" falsecount="0"/>
      <line num="38" count="1" type="stmt"/>
      <line num="40" count="7" type="stmt"/>
      <line num="41" count="7" type="stmt"/>
      <line num="42" count="7" type="stmt"/>
      <line num="43" count="49" type="stmt"/>
      <line num="44" count="49" type="stmt"/>
      <line num="45" count="49" type="cond" truecount="4" falsecount="0"/>
      <line num="46" count="45" type="stmt"/>
      <line num="47" count="45" type="stmt"/>
      <line num="48" count="45" type="stmt"/>
      <line num="49" count="4" type="cond" truecount="2" falsecount="2"/>
      <line num="50" count="0" type="stmt"/>
      <line num="51" count="0" type="stmt"/>
      <line num="52" count="0" type="stmt"/>
      <line num="54" count="4" type="stmt"/>
      <line num="57" count="7" type="stmt"/>
      <line num="67" count="2" type="stmt"/>
      <line num="68" count="2" type="cond" truecount="1" falsecount="1"/>
      <line num="69" count="0" type="stmt"/>
      <line num="71" count="2" type="stmt"/>
      <line num="72" count="2" type="stmt"/>
      <line num="73" count="2" type="stmt"/>
      <line num="74" count="23" type="stmt"/>
      <line num="75" count="23" type="stmt"/>
      <line num="76" count="23" type="cond" truecount="4" falsecount="0"/>
      <line num="77" count="22" type="stmt"/>
      <line num="78" count="22" type="stmt"/>
      <line num="79" count="22" type="stmt"/>
      <line num="80" count="1" type="cond" truecount="2" falsecount="2"/>
      <line num="81" count="0" type="stmt"/>
      <line num="82" count="0" type="stmt"/>
      <line num="83" count="0" type="stmt"/>
      <line num="85" count="1" type="stmt"/>
      <line num="88" count="2" type="stmt"/>
      <line num="98" count="1" type="stmt"/>
      <line num="99" count="1" type="stmt"/>
      <line num="100" count="1" type="stmt"/>
      <line num="101" count="1" type="stmt"/>
      <line num="102" count="1" type="stmt"/>
      <line num="103" count="1" type="stmt"/>
      <line num="104" count="1" type="stmt"/>
      <line num="105" count="12" type="stmt"/>
      <line num="106" count="12" type="stmt"/>
      <line num="107" count="12" type="cond" truecount="3" falsecount="3"/>
      <line num="108" count="12" type="cond" truecount="2" falsecount="0"/>
      <line num="109" count="12" type="cond" truecount="1" falsecount="1"/>
      <line num="110" count="12" type="stmt"/>
      <line num="111" count="12" type="stmt"/>
      <line num="112" count="12" type="stmt"/>
      <line num="113" count="12" type="stmt"/>
      <line num="114" count="12" type="stmt"/>
      <line num="115" count="12" type="stmt"/>
      <line num="116" count="12" type="stmt"/>
      <line num="117" count="12" type="stmt"/>
      <line num="123" count="12" type="stmt"/>
      <line num="125" count="0" type="stmt"/>
      <line num="126" count="0" type="stmt"/>
      <line num="127" count="0" type="stmt"/>
      <line num="128" count="0" type="stmt"/>
      <line num="136" count="1" type="stmt"/>
      <line num="139" count="1" type="stmt"/>
    </file>
    <file name="dfa-simulate.js" path="/Users/charliepan/Downloads/my-miniapp/utils/dfa-simulate.js">
      <metrics statements="28" coveredstatements="24" conditionals="20" coveredconditionals="16" methods="2" coveredmethods="2"/>
      <line num="17" count="14" type="cond" truecount="4" falsecount="0"/>
      <line num="18" count="2" type="stmt"/>
      <line num="20" count="12" type="cond" truecount="2" falsecount="0"/>
      <line num="21" count="1" type="stmt"/>
      <line num="24" count="11" type="stmt"/>
      <line num="25" count="11" type="stmt"/>
      <line num="28" count="11" type="cond" truecount="2" falsecount="0"/>
      <line num="29" count="2" type="stmt"/>
      <line num="30" count="2" type="stmt"/>
      <line num="36" count="9" type="stmt"/>
      <line num="37" count="16" type="stmt"/>
      <line num="40" count="16" type="cond" truecount="2" falsecount="0"/>
      <line num="41" count="3" type="stmt"/>
      <line num="44" count="13" type="stmt"/>
      <line num="45" count="13" type="cond" truecount="1" falsecount="1"/>
      <line num="46" count="0" type="stmt"/>
      <line num="49" count="13" type="stmt"/>
      <line num="50" count="13" type="cond" truecount="1" falsecount="1"/>
      <line num="52" count="0" type="stmt"/>
      <line num="57" count="0" type="stmt"/>
      <line num="63" count="13" type="stmt"/>
      <line num="68" count="13" type="stmt"/>
      <line num="72" count="6" type="stmt"/>
      <line num="73" count="6" type="stmt"/>
      <line num="83" count="21" type="stmt"/>
      <line num="84" count="42" type="cond" truecount="2" falsecount="0"/>
      <line num="86" count="0" type="stmt"/>
      <line num="89" count="1" type="stmt"/>
    </file>
    <file name="dh-core.js" path="/Users/charliepan/Downloads/my-miniapp/utils/dh-core.js">
      <metrics statements="63" coveredstatements="60" conditionals="36" coveredconditionals="29" methods="7" coveredmethods="7"/>
      <line num="22" count="1261" type="cond" truecount="1" falsecount="1"/>
      <line num="23" count="1261" type="stmt"/>
      <line num="24" count="1261" type="stmt"/>
      <line num="25" count="1261" type="stmt"/>
      <line num="26" count="1261" type="stmt"/>
      <line num="27" count="10625" type="cond" truecount="2" falsecount="0"/>
      <line num="28" count="5845" type="stmt"/>
      <line num="30" count="10625" type="stmt"/>
      <line num="31" count="10625" type="stmt"/>
      <line num="33" count="1261" type="stmt"/>
      <line num="42" count="23" type="stmt"/>
      <line num="43" count="23" type="stmt"/>
      <line num="44" count="23" type="stmt"/>
      <line num="45" count="23" type="stmt"/>
      <line num="46" count="23" type="cond" truecount="1" falsecount="1"/>
      <line num="47" count="23" type="stmt"/>
      <line num="48" count="23" type="stmt"/>
      <line num="49" count="41" type="stmt"/>
      <line num="52" count="23" type="cond" truecount="1" falsecount="1"/>
      <line num="54" count="23" type="cond" truecount="2" falsecount="0"/>
      <line num="55" count="20" type="stmt"/>
      <line num="57" count="23" type="stmt"/>
      <line num="69" count="25" type="cond" truecount="4" falsecount="0"/>
      <line num="70" count="23" type="cond" truecount="1" falsecount="1"/>
      <line num="72" count="23" type="stmt"/>
      <line num="73" count="23" type="stmt"/>
      <line num="74" count="35" type="stmt"/>
      <line num="75" count="35" type="stmt"/>
      <line num="76" count="35" type="cond" truecount="2" falsecount="0"/>
      <line num="77" count="12" type="stmt"/>
      <line num="80" count="11" type="stmt"/>
      <line num="84" count="1" type="stmt"/>
      <line num="92" count="3" type="cond" truecount="1" falsecount="1"/>
      <line num="93" count="0" type="stmt"/>
      <line num="95" count="3" type="stmt"/>
      <line num="96" count="3" type="stmt"/>
      <line num="97" count="19" type="cond" truecount="2" falsecount="0"/>
      <line num="98" count="8" type="stmt"/>
      <line num="101" count="3" type="stmt"/>
      <line num="102" count="3" type="stmt"/>
      <line num="115" count="18" type="cond" truecount="1" falsecount="1"/>
      <line num="116" count="0" type="stmt"/>
      <line num="118" count="18" type="cond" truecount="3" falsecount="1"/>
      <line num="119" count="0" type="stmt"/>
      <line num="123" count="18" type="cond" truecount="2" falsecount="0"/>
      <line num="124" count="17" type="cond" truecount="2" falsecount="0"/>
      <line num="125" count="2" type="stmt"/>
      <line num="127" count="15" type="cond" truecount="2" falsecount="0"/>
      <line num="128" count="1" type="stmt"/>
      <line num="130" count="14" type="stmt"/>
      <line num="133" count="1" type="stmt"/>
      <line num="136" count="15" type="stmt"/>
      <line num="137" count="15" type="stmt"/>
      <line num="150" count="16" type="stmt"/>
      <line num="163" count="3" type="stmt"/>
      <line num="164" count="3" type="stmt"/>
      <line num="166" count="3" type="stmt"/>
      <line num="167" count="1194" type="stmt"/>
      <line num="168" count="1194" type="stmt"/>
      <line num="169" count="1194" type="cond" truecount="2" falsecount="0"/>
      <line num="170" count="2" type="stmt"/>
      <line num="174" count="1" type="stmt"/>
      <line num="177" count="1" type="stmt"/>
    </file>
    <file name="dh-mitm.js" path="/Users/charliepan/Downloads/my-miniapp/utils/dh-mitm.js">
      <metrics statements="11" coveredstatements="11" conditionals="0" coveredconditionals="0" methods="1" coveredmethods="1"/>
      <line num="12" count="1" type="stmt"/>
      <line num="31" count="3" type="stmt"/>
      <line num="32" count="3" type="stmt"/>
      <line num="33" count="3" type="stmt"/>
      <line num="40" count="3" type="stmt"/>
      <line num="41" count="3" type="stmt"/>
      <line num="44" count="3" type="stmt"/>
      <line num="47" count="3" type="stmt"/>
      <line num="50" count="3" type="stmt"/>
      <line num="157" count="3" type="stmt"/>
      <line num="183" count="1" type="stmt"/>
    </file>
    <file name="disk-scheduling.js" path="/Users/charliepan/Downloads/my-miniapp/utils/disk-scheduling.js">
      <metrics statements="96" coveredstatements="96" conditionals="32" coveredconditionals="30" methods="25" coveredmethods="25"/>
      <line num="23" count="8" type="cond" truecount="4" falsecount="0"/>
      <line num="24" count="1" type="stmt"/>
      <line num="27" count="20" type="stmt"/>
      <line num="28" count="21" type="stmt"/>
      <line num="29" count="21" type="stmt"/>
      <line num="31" count="7" type="stmt"/>
      <line num="32" count="7" type="stmt"/>
      <line num="33" count="7" type="stmt"/>
      <line num="37" count="27" type="stmt"/>
      <line num="38" count="27" type="stmt"/>
      <line num="39" count="27" type="stmt"/>
      <line num="40" count="27" type="stmt"/>
      <line num="43" count="7" type="cond" truecount="2" falsecount="0"/>
      <line num="45" count="9" type="stmt"/>
      <line num="46" count="6" type="stmt"/>
      <line num="47" count="6" type="stmt"/>
      <line num="50" count="2" type="stmt"/>
      <line num="51" count="1" type="stmt"/>
      <line num="52" count="3" type="stmt"/>
      <line num="55" count="27" type="stmt"/>
      <line num="56" count="7" type="stmt"/>
      <line num="64" count="5" type="cond" truecount="4" falsecount="0"/>
      <line num="65" count="1" type="stmt"/>
      <line num="68" count="19" type="stmt"/>
      <line num="69" count="17" type="stmt"/>
      <line num="70" count="17" type="stmt"/>
      <line num="72" count="4" type="stmt"/>
      <line num="73" count="4" type="stmt"/>
      <line num="74" count="4" type="stmt"/>
      <line num="77" count="24" type="stmt"/>
      <line num="78" count="24" type="stmt"/>
      <line num="79" count="24" type="stmt"/>
      <line num="80" count="24" type="stmt"/>
      <line num="83" count="4" type="cond" truecount="2" falsecount="0"/>
      <line num="84" count="7" type="stmt"/>
      <line num="85" count="3" type="stmt"/>
      <line num="86" count="3" type="stmt"/>
      <line num="87" count="4" type="stmt"/>
      <line num="89" count="2" type="stmt"/>
      <line num="90" count="1" type="stmt"/>
      <line num="91" count="1" type="stmt"/>
      <line num="92" count="3" type="stmt"/>
      <line num="95" count="24" type="stmt"/>
      <line num="96" count="4" type="stmt"/>
      <line num="104" count="8" type="cond" truecount="4" falsecount="0"/>
      <line num="105" count="1" type="stmt"/>
      <line num="108" count="20" type="stmt"/>
      <line num="109" count="21" type="stmt"/>
      <line num="110" count="21" type="stmt"/>
      <line num="112" count="7" type="stmt"/>
      <line num="113" count="7" type="stmt"/>
      <line num="114" count="7" type="stmt"/>
      <line num="117" count="20" type="stmt"/>
      <line num="118" count="20" type="stmt"/>
      <line num="119" count="20" type="stmt"/>
      <line num="120" count="20" type="stmt"/>
      <line num="123" count="7" type="cond" truecount="2" falsecount="0"/>
      <line num="124" count="9" type="stmt"/>
      <line num="125" count="6" type="stmt"/>
      <line num="127" count="2" type="stmt"/>
      <line num="128" count="3" type="stmt"/>
      <line num="131" count="20" type="stmt"/>
      <line num="132" count="7" type="stmt"/>
      <line num="140" count="6" type="cond" truecount="4" falsecount="0"/>
      <line num="141" count="1" type="stmt"/>
      <line num="144" count="19" type="stmt"/>
      <line num="145" count="18" type="stmt"/>
      <line num="146" count="18" type="stmt"/>
      <line num="148" count="5" type="stmt"/>
      <line num="149" count="5" type="stmt"/>
      <line num="150" count="5" type="stmt"/>
      <line num="153" count="17" type="stmt"/>
      <line num="154" count="17" type="stmt"/>
      <line num="155" count="17" type="stmt"/>
      <line num="156" count="17" type="stmt"/>
      <line num="159" count="5" type="cond" truecount="2" falsecount="0"/>
      <line num="160" count="7" type="stmt"/>
      <line num="161" count="4" type="cond" truecount="2" falsecount="0"/>
      <line num="162" count="3" type="stmt"/>
      <line num="163" count="3" type="stmt"/>
      <line num="166" count="2" type="stmt"/>
      <line num="167" count="1" type="cond" truecount="1" falsecount="1"/>
      <line num="168" count="1" type="stmt"/>
      <line num="169" count="2" type="stmt"/>
      <line num="173" count="17" type="stmt"/>
      <line num="174" count="5" type="stmt"/>
      <line num="177" count="1" type="stmt"/>
      <line num="188" count="3" type="cond" truecount="2" falsecount="0"/>
      <line num="189" count="3" type="stmt"/>
      <line num="190" count="3" type="stmt"/>
      <line num="191" count="6" type="stmt"/>
      <line num="192" count="6" type="cond" truecount="1" falsecount="1"/>
      <line num="193" count="6" type="stmt"/>
      <line num="194" count="6" type="stmt"/>
      <line num="197" count="3" type="stmt"/>
      <line num="200" count="1" type="stmt"/>
    </file>
    <file name="dns-cache.js" path="/Users/charliepan/Downloads/my-miniapp/utils/dns-cache.js">
      <metrics statements="25" coveredstatements="22" conditionals="17" coveredconditionals="14" methods="7" coveredmethods="6"/>
      <line num="12" count="2" type="stmt"/>
      <line num="35" count="14" type="cond" truecount="3" falsecount="1"/>
      <line num="36" count="0" type="stmt"/>
      <line num="39" count="14" type="stmt"/>
      <line num="41" count="14" type="stmt"/>
      <line num="52" count="19" type="stmt"/>
      <line num="53" count="19" type="cond" truecount="2" falsecount="0"/>
      <line num="54" count="10" type="cond" truecount="2" falsecount="0"/>
      <line num="55" count="1" type="stmt"/>
      <line num="56" count="1" type="stmt"/>
      <line num="59" count="9" type="stmt"/>
      <line num="60" count="9" type="stmt"/>
      <line num="61" count="9" type="stmt"/>
      <line num="74" count="15" type="cond" truecount="1" falsecount="1"/>
      <line num="75" count="0" type="stmt"/>
      <line num="76" count="15" type="cond" truecount="2" falsecount="0"/>
      <line num="78" count="2" type="stmt"/>
      <line num="79" count="2" type="stmt"/>
      <line num="81" count="15" type="cond" truecount="2" falsecount="0"/>
      <line num="82" count="15" type="stmt"/>
      <line num="95" count="2" type="stmt"/>
      <line num="105" count="1" type="stmt"/>
      <line num="114" count="1" type="stmt"/>
      <line num="123" count="0" type="stmt"/>
      <line num="127" count="2" type="stmt"/>
    </file>
    <file name="dns-data.js" path="/Users/charliepan/Downloads/my-miniapp/utils/dns-data.js">
      <metrics statements="4" coveredstatements="4" conditionals="0" coveredconditionals="0" methods="0" coveredmethods="0"/>
      <line num="9" count="2" type="stmt"/>
      <line num="26" count="2" type="stmt"/>
      <line num="36" count="2" type="stmt"/>
      <line num="45" count="2" type="stmt"/>
    </file>
    <file name="dns-resolver.js" path="/Users/charliepan/Downloads/my-miniapp/utils/dns-resolver.js">
      <metrics statements="69" coveredstatements="68" conditionals="28" coveredconditionals="22" methods="13" coveredmethods="13"/>
      <line num="25" count="1" type="stmt"/>
      <line num="30" count="1" type="stmt"/>
      <line num="38" count="1" type="stmt"/>
      <line num="47" count="15" type="cond" truecount="1" falsecount="1"/>
      <line num="48" count="15" type="stmt"/>
      <line num="69" count="7" type="cond" truecount="2" falsecount="0"/>
      <line num="70" count="1" type="stmt"/>
      <line num="83" count="6" type="stmt"/>
      <line num="84" count="6" type="cond" truecount="4" falsecount="0"/>
      <line num="85" count="2" type="stmt"/>
      <line num="108" count="4" type="cond" truecount="4" falsecount="0"/>
      <line num="109" count="1" type="stmt"/>
      <line num="110" count="1" type="stmt"/>
      <line num="111" count="1" type="cond" truecount="1" falsecount="1"/>
      <line num="112" count="0" type="stmt"/>
      <line num="118" count="1" type="stmt"/>
      <line num="122" count="3" type="stmt"/>
      <line num="128" count="1" type="stmt"/>
[...]
      <line num="29" count="13" type="stmt"/>
      <line num="30" count="13" type="stmt"/>
      <line num="33" count="13" type="stmt"/>
      <line num="34" count="13" type="cond" truecount="2" falsecount="0"/>
      <line num="36" count="0" type="stmt"/>
      <line num="37" count="0" type="stmt"/>
      <line num="41" count="0" type="stmt"/>
      <line num="48" count="8" type="stmt"/>
      <line num="49" count="8" type="stmt"/>
      <line num="54" count="0" type="stmt"/>
      <line num="55" count="0" type="stmt"/>
      <line num="62" count="11" type="stmt"/>
      <line num="66" count="4" type="cond" truecount="3" falsecount="1"/>
      <line num="67" count="0" type="stmt"/>
      <line num="68" count="0" type="stmt"/>
      <line num="70" count="4" type="stmt"/>
      <line num="71" count="4" type="stmt"/>
      <line num="72" count="4" type="cond" truecount="1" falsecount="1"/>
      <line num="75" count="4" type="stmt"/>
      <line num="79" count="2" type="cond" truecount="2" falsecount="0"/>
      <line num="83" count="1" type="cond" truecount="1" falsecount="1"/>
      <line num="84" count="2" type="stmt"/>
      <line num="85" count="1" type="stmt"/>
      <line num="87" count="1" type="stmt"/>
      <line num="88" count="1" type="stmt"/>
      <line num="90" count="1" type="stmt"/>
      <line num="91" count="1" type="stmt"/>
      <line num="95" count="9" type="stmt"/>
      <line num="99" count="5" type="stmt"/>
      <line num="100" count="5" type="stmt"/>
      <line num="101" count="5" type="stmt"/>
      <line num="105" count="3" type="stmt"/>
      <line num="109" count="12" type="stmt"/>
      <line num="113" count="1" type="stmt"/>
      <line num="117" count="5" type="cond" truecount="1" falsecount="1"/>
      <line num="118" count="0" type="stmt"/>
      <line num="119" count="0" type="stmt"/>
      <line num="121" count="5" type="stmt"/>
      <line num="122" count="5" type="stmt"/>
      <line num="123" count="5" type="cond" truecount="2" falsecount="0"/>
      <line num="125" count="1" type="cond" truecount="1" falsecount="1"/>
      <line num="137" count="5" type="stmt"/>
      <line num="141" count="1" type="cond" truecount="1" falsecount="1"/>
      <line num="142" count="1" type="stmt"/>
      <line num="143" count="1" type="stmt"/>
      <line num="144" count="1" type="cond" truecount="1" falsecount="1"/>
      <line num="145" count="1" type="stmt"/>
      <line num="146" count="1" type="cond" truecount="1" falsecount="1"/>
      <line num="148" count="1" type="stmt"/>
      <line num="149" count="1" type="stmt"/>
      <line num="151" count="0" type="stmt"/>
      <line num="156" count="0" type="stmt"/>
      <line num="160" count="0" type="stmt"/>
      <line num="161" count="0" type="stmt"/>
      <line num="162" count="0" type="cond" truecount="0" falsecount="2"/>
      <line num="164" count="0" type="stmt"/>
      <line num="169" count="0" type="stmt"/>
      <line num="170" count="0" type="stmt"/>
      <line num="177" count="11" type="stmt"/>
      <line num="178" count="11" type="cond" truecount="2" falsecount="0"/>
      <line num="180" count="0" type="stmt"/>
      <line num="185" count="1" type="stmt"/>
      <line num="186" count="1" type="cond" truecount="2" falsecount="0"/>
      <line num="190" count="5" type="cond" truecount="3" falsecount="1"/>
      <line num="191" count="0" type="stmt"/>
      <line num="192" count="0" type="stmt"/>
      <line num="194" count="5" type="stmt"/>
      <line num="195" count="5" type="stmt"/>
      <line num="196" count="5" type="cond" truecount="2" falsecount="0"/>
      <line num="199" count="5" type="stmt"/>
      <line num="203" count="1" type="stmt"/>
      <line num="204" count="1" type="cond" truecount="1" falsecount="1"/>
      <line num="206" count="0" type="stmt"/>
      <line num="211" count="0" type="stmt"/>
      <line num="212" count="0" type="stmt"/>
      <line num="213" count="0" type="stmt"/>
      <line num="217" count="0" type="stmt"/>
      <line num="218" count="0" type="stmt"/>
      <line num="222" count="1" type="stmt"/>
      <line num="223" count="1" type="cond" truecount="1" falsecount="1"/>
      <line num="225" count="0" type="stmt"/>
      <line num="230" count="0" type="stmt"/>
      <line num="231" count="0" type="stmt"/>
      <line num="235" count="0" type="cond" truecount="0" falsecount="2"/>
      <line num="236" count="0" type="stmt"/>
      <line num="237" count="0" type="stmt"/>
      <line num="239" count="0" type="stmt"/>
      <line num="240" count="0" type="stmt"/>
      <line num="242" count="0" type="cond" truecount="0" falsecount="2"/>
      <line num="243" count="0" type="stmt"/>
      <line num="244" count="0" type="cond" truecount="0" falsecount="2"/>
      <line num="249" count="0" type="stmt"/>
      <line num="258" count="0" type="stmt"/>
      <line num="262" count="0" type="cond" truecount="0" falsecount="2"/>
      <line num="263" count="0" type="stmt"/>
      <line num="264" count="0" type="stmt"/>
      <line num="265" count="0" type="cond" truecount="0" falsecount="2"/>
      <line num="266" count="0" type="stmt"/>
      <line num="267" count="0" type="cond" truecount="0" falsecount="2"/>
      <line num="269" count="0" type="stmt"/>
      <line num="270" count="0" type="stmt"/>
      <line num="272" count="0" type="stmt"/>
      <line num="276" count="0" type="stmt"/>
      <line num="280" count="0" type="stmt"/>
      <line num="281" count="0" type="stmt"/>
      <line num="283" count="0" type="stmt"/>
      <line num="288" count="0" type="stmt"/>
      <line num="289" count="0" type="stmt"/>
      <line num="294" count="1" type="cond" truecount="1" falsecount="1"/>
      <line num="295" count="1" type="stmt"/>
      <line num="296" count="2" type="stmt"/>
      <line num="297" count="1" type="stmt"/>
      <line num="299" count="1" type="stmt"/>
      <line num="300" count="1" type="stmt"/>
      <line num="301" count="1" type="stmt"/>
      <line num="303" count="1" type="stmt"/>
      <line num="304" count="1" type="stmt"/>
      <line num="305" count="1" type="stmt"/>
      <line num="308" count="1" type="stmt"/>
    </file>
    <file name="subnet.js" path="/Users/charliepan/Downloads/my-miniapp/utils/subnet.js">
      <metrics statements="102" coveredstatements="102" conditionals="99" coveredconditionals="98" methods="18" coveredmethods="18"/>
      <line num="12" count="32" type="cond" truecount="4" falsecount="0"/>
      <line num="13" count="28" type="stmt"/>
      <line num="14" count="28" type="cond" truecount="2" falsecount="0"/>
      <line num="15" count="24" type="stmt"/>
      <line num="16" count="84" type="cond" truecount="2" falsecount="0"/>
      <line num="17" count="82" type="stmt"/>
      <line num="18" count="82" type="cond" truecount="2" falsecount="0"/>
      <line num="28" count="42" type="cond" truecount="4" falsecount="0"/>
      <line num="37" count="20" type="cond" truecount="2" falsecount="0"/>
      <line num="38" count="15" type="stmt"/>
      <line num="47" count="160" type="stmt"/>
      <line num="56" count="21" type="cond" truecount="2" falsecount="0"/>
      <line num="58" count="19" type="cond" truecount="2" falsecount="0"/>
      <line num="59" count="19" type="stmt"/>
      <line num="74" count="36" type="stmt"/>
      <line num="84" count="36" type="stmt"/>
      <line num="93" count="36" type="stmt"/>
      <line num="102" count="45" type="stmt"/>
      <line num="112" count="15" type="stmt"/>
      <line num="113" count="15" type="cond" truecount="2" falsecount="0"/>
      <line num="114" count="12" type="cond" truecount="2" falsecount="0"/>
      <line num="116" count="9" type="stmt"/>
      <line num="117" count="9" type="stmt"/>
      <line num="118" count="9" type="stmt"/>
      <line num="119" count="9" type="stmt"/>
      <line num="122" count="9" type="stmt"/>
      <line num="123" count="9" type="stmt"/>
      <line num="125" count="9" type="stmt"/>
      <line num="126" count="9" type="stmt"/>
      <line num="129" count="9" type="stmt"/>
      <line num="131" count="9" type="cond" truecount="2" falsecount="0"/>
      <line num="132" count="2" type="stmt"/>
      <line num="133" count="7" type="cond" truecount="2" falsecount="0"/>
      <line num="134" count="1" type="stmt"/>
      <line num="136" count="6" type="stmt"/>
      <line num="139" count="9" type="stmt"/>
      <line num="140" count="9" type="stmt"/>
      <line num="141" count="9" type="stmt"/>
      <line num="142" count="9" type="stmt"/>
      <line num="144" count="9" type="stmt"/>
      <line num="146" count="9" type="stmt"/>
      <line num="171" count="32" type="stmt"/>
      <line num="172" count="32" type="stmt"/>
      <line num="174" count="32" type="stmt"/>
      <line num="175" count="32" type="stmt"/>
      <line num="176" count="32" type="stmt"/>
      <line num="179" count="32" type="cond" truecount="2" falsecount="0"/>
      <line num="180" count="2" type="stmt"/>
      <line num="182" count="30" type="cond" truecount="2" falsecount="0"/>
      <line num="183" count="4" type="stmt"/>
      <line num="185" count="26" type="cond" truecount="4" falsecount="0"/>
      <line num="186" count="2" type="stmt"/>
      <line num="188" count="24" type="cond" truecount="6" falsecount="0"/>
      <line num="189" count="1" type="stmt"/>
      <line num="193" count="23" type="cond" truecount="4" falsecount="0"/>
      <line num="194" count="7" type="stmt"/>
      <line num="195" count="7" type="stmt"/>
      <line num="196" count="7" type="cond" truecount="2" falsecount="0"/>
      <line num="197" count="16" type="cond" truecount="4" falsecount="0"/>
      <line num="198" count="5" type="stmt"/>
      <line num="199" count="5" type="cond" truecount="3" falsecount="0"/>
      <line num="200" count="5" type="cond" truecount="2" falsecount="0"/>
      <line num="201" count="11" type="cond" truecount="4" falsecount="0"/>
      <line num="202" count="7" type="stmt"/>
      <line num="203" count="7" type="cond" truecount="2" falsecount="0"/>
      <line num="204" count="7" type="cond" truecount="2" falsecount="0"/>
      <line num="205" count="4" type="cond" truecount="4" falsecount="0"/>
      <line num="206" count="2" type="stmt"/>
      <line num="207" count="2" type="stmt"/>
      <line num="208" count="2" type="cond" truecount="3" falsecount="1"/>
      <line num="209" count="2" type="stmt"/>
      <line num="210" count="2" type="stmt"/>
      <line num="213" count="23" type="stmt"/>
      <line num="224" count="9" type="cond" truecount="4" falsecount="0"/>
      <line num="225" count="7" type="cond" truecount="4" falsecount="0"/>
      <line num="226" count="6" type="cond" truecount="4" falsecount="0"/>
      <line num="228" count="5" type="stmt"/>
      <line num="230" count="5" type="cond" truecount="2" falsecount="0"/>
      <line num="231" count="3" type="stmt"/>
      <line num="232" count="12" type="stmt"/>
      <line num="233" count="12" type="stmt"/>
      <line num="234" count="12" type="stmt"/>
      <line num="235" count="12" type="stmt"/>
      <line num="236" count="96" type="cond" truecount="4" falsecount="0"/>
      <line num="238" count="12" type="stmt"/>
      <line num="251" count="2" type="stmt"/>
      <line num="252" count="8" type="stmt"/>
      <line num="253" count="64" type="stmt"/>
      <line num="254" count="64" type="stmt"/>
      <line num="255" count="64" type="stmt"/>
      <line num="256" count="64" type="cond" truecount="4" falsecount="0"/>
      <line num="257" count="64" type="stmt"/>
      <line num="271" count="5" type="stmt"/>
      <line num="272" count="5" type="stmt"/>
      <line num="273" count="20" type="stmt"/>
      <line num="274" count="20" type="stmt"/>
      <line num="275" count="160" type="cond" truecount="4" falsecount="0"/>
      <line num="277" count="20" type="stmt"/>
      <line num="279" count="20" type="stmt"/>
      <line num="281" count="5" type="stmt"/>
      <line num="288" count="5" type="stmt"/>
      <line num="291" count="1" type="stmt"/>
    </file>
    <file name="tcp-states.js" path="/Users/charliepan/Downloads/my-miniapp/utils/tcp-states.js">
      <metrics statements="63" coveredstatements="63" conditionals="12" coveredconditionals="11" methods="12" coveredmethods="12"/>
      <line num="10" count="1" type="stmt"/>
      <line num="23" count="1" type="stmt"/>
      <line num="35" count="98" type="stmt"/>
      <line num="41" count="2" type="stmt"/>
      <line num="90" count="2" type="stmt"/>
      <line num="158" count="14" type="cond" truecount="2" falsecount="0"/>
      <line num="159" count="6" type="stmt"/>
      <line num="174" count="8" type="stmt"/>
      <line num="195" count="10" type="stmt"/>
      <line num="196" count="10" type="stmt"/>
      <line num="197" count="10" type="stmt"/>
      <line num="198" count="10" type="stmt"/>
      <line num="199" count="10" type="stmt"/>
      <line num="201" count="10" type="cond" truecount="2" falsecount="0"/>
      <line num="202" count="6" type="stmt"/>
      <line num="203" count="24" type="stmt"/>
      <line num="204" count="24" type="stmt"/>
      <line num="220" count="6" type="stmt"/>
      <line num="221" count="24" type="stmt"/>
      <line num="222" count="24" type="stmt"/>
      <line num="223" count="24" type="stmt"/>
      <line num="224" count="24" type="stmt"/>
      <line num="240" count="4" type="cond" truecount="1" falsecount="1"/>
      <line num="241" count="4" type="stmt"/>
      <line num="242" count="16" type="stmt"/>
      <line num="243" count="16" type="stmt"/>
      <line num="261" count="4" type="stmt"/>
      <line num="262" count="4" type="stmt"/>
      <line num="277" count="4" type="stmt"/>
      <line num="278" count="4" type="stmt"/>
      <line num="293" count="4" type="stmt"/>
      <line num="294" count="4" type="stmt"/>
      <line num="310" count="4" type="stmt"/>
      <line num="311" count="4" type="stmt"/>
      <line num="327" count="4" type="stmt"/>
      <line num="328" count="4" type="stmt"/>
      <line num="344" count="10" type="stmt"/>
      <line num="350" count="1" type="stmt"/>
      <line num="351" count="1" type="stmt"/>
      <line num="352" count="1" type="stmt"/>
      <line num="353" count="1" type="stmt"/>
      <line num="355" count="1" type="stmt"/>
      <line num="356" count="1" type="stmt"/>
      <line num="358" count="1" type="stmt"/>
      <line num="359" count="3" type="stmt"/>
      <line num="360" count="3" type="stmt"/>
      <line num="361" count="3" type="stmt"/>
      <line num="362" count="3" type="stmt"/>
      <line num="363" count="3" type="stmt"/>
      <line num="366" count="1" type="stmt"/>
      <line num="367" count="8" type="stmt"/>
      <line num="368" count="8" type="stmt"/>
      <line num="369" count="8" type="stmt"/>
      <line num="370" count="8" type="stmt"/>
      <line num="371" count="8" type="stmt"/>
      <line num="374" count="1" type="stmt"/>
      <line num="375" count="4" type="stmt"/>
      <line num="376" count="4" type="stmt"/>
      <line num="377" count="4" type="stmt"/>
      <line num="378" count="4" type="stmt"/>
      <line num="379" count="4" type="stmt"/>
      <line num="382" count="1" type="stmt"/>
      <line num="387" count="1" type="stmt"/>
    </file>
    <file name="tls-crypto.js" path="/Users/charliepan/Downloads/my-miniapp/utils/tls-crypto.js">
      <metrics statements="6" coveredstatements="6" conditionals="4" coveredconditionals="3" methods="2" coveredmethods="2"/>
      <line num="1" count="2" type="stmt"/>
      <line num="9" count="12" type="cond" truecount="2" falsecount="0"/>
      <line num="10" count="12" type="stmt"/>
      <line num="26" count="14" type="cond" truecount="1" falsecount="1"/>
      <line num="28" count="14" type="stmt"/>
      <line num="39" count="2" type="stmt"/>
    </file>
    <file name="tls-data.js" path="/Users/charliepan/Downloads/my-miniapp/utils/tls-data.js">
      <metrics statements="6" coveredstatements="6" conditionals="0" coveredconditionals="0" methods="0" coveredmethods="0"/>
      <line num="2" count="2" type="stmt"/>
      <line num="9" count="2" type="stmt"/>
      <line num="16" count="2" type="stmt"/>
      <line num="38" count="2" type="stmt"/>
      <line num="45" count="2" type="stmt"/>
      <line num="52" count="2" type="stmt"/>
    </file>
    <file name="tls-handshake.js" path="/Users/charliepan/Downloads/my-miniapp/utils/tls-handshake.js">
      <metrics statements="16" coveredstatements="16" conditionals="4" coveredconditionals="4" methods="7" coveredmethods="7"/>
      <line num="1" count="1" type="stmt"/>
      <line num="2" count="1" type="stmt"/>
      <line num="10" count="17" type="cond" truecount="4" falsecount="0"/>
      <line num="11" count="8" type="stmt"/>
      <line num="12" count="4" type="stmt"/>
      <line num="13" count="4" type="stmt"/>
      <line num="14" count="1" type="stmt"/>
      <line num="19" count="8" type="stmt"/>
      <line num="20" count="8" type="stmt"/>
      <line num="22" count="8" type="stmt"/>
      <line num="29" count="24" type="stmt"/>
      <line num="31" count="24" type="stmt"/>
      <line num="73" count="24" type="stmt"/>
      <line num="182" count="4" type="stmt"/>
      <line num="284" count="4" type="stmt"/>
      <line num="373" count="1" type="stmt"/>
    </file>
    <file name="tool-registry.js" path="/Users/charliepan/Downloads/my-miniapp/utils/tool-registry.js">
      <metrics statements="29" coveredstatements="29" conditionals="11" coveredconditionals="10" methods="15" coveredmethods="15"/>
      <line num="8" count="2" type="stmt"/>
      <line num="41" count="2" type="stmt"/>
      <line num="765" count="50" type="stmt"/>
      <line num="772" count="51" type="stmt"/>
      <line num="773" count="1275" type="stmt"/>
      <line num="774" count="255" type="stmt"/>
      <line num="781" count="8" type="stmt"/>
      <line num="782" count="520" type="cond" truecount="2" falsecount="0"/>
      <line num="783" count="48" type="stmt"/>
      <line num="790" count="24" type="stmt"/>
      <line num="791" count="600" type="cond" truecount="3" falsecount="0"/>
      <line num="792" count="18" type="stmt"/>
      <line num="797" count="2" type="stmt"/>
      <line num="811" count="3" type="stmt"/>
      <line num="812" count="3" type="stmt"/>
      <line num="814" count="3" type="stmt"/>
      <line num="815" count="75" type="stmt"/>
      <line num="818" count="3" type="stmt"/>
      <line num="819" count="21" type="stmt"/>
      <line num="820" count="21" type="cond" truecount="3" falsecount="1"/>
      <line num="821" count="21" type="stmt"/>
      <line num="824" count="3" type="stmt"/>
      <line num="831" count="2" type="stmt"/>
      <line num="832" count="2" type="stmt"/>
      <line num="833" count="10" type="stmt"/>
      <line num="835" count="2" type="stmt"/>
      <line num="839" count="2" type="stmt"/>
      <line num="851" count="4" type="cond" truecount="2" falsecount="0"/>
      <line num="854" count="2" type="stmt"/>
    </file>
    <file name="util.js" path="/Users/charliepan/Downloads/my-miniapp/utils/util.js">
      <metrics statements="13" coveredstatements="13" conditionals="2" coveredconditionals="2" methods="3" coveredmethods="3"/>
      <line num="2" count="12" type="stmt"/>
      <line num="6" count="1" type="stmt"/>
      <line num="7" count="1" type="stmt"/>
      <line num="8" count="1" type="stmt"/>
      <line num="9" count="1" type="stmt"/>
      <line num="10" count="1" type="stmt"/>
      <line num="11" count="1" type="stmt"/>
      <line num="12" count="1" type="stmt"/>
      <line num="16" count="3" type="stmt"/>
      <line num="17" count="3" type="stmt"/>
      <line num="18" count="3" type="cond" truecount="2" falsecount="0"/>
      <line num="19" count="2" type="stmt"/>
      <line num="22" count="2" type="stmt"/>
    </file>
  </project>
</coverage>
