{"/Users/charliepan/Downloads/my-miniapp/utils/aes-core.js": {"path":"/Users/charliepan/Downloads/my-miniapp/utils/aes-core.js","statementMap":{"0":{"start":{"line":8,"column":15},"end":{"line":8,"column":31}},"1":{"start":{"line":18,"column":18},"end":{"line":18,"column":41}},"2":{"start":{"line":19,"column":2},"end":{"line":19,"column":38}},"3":{"start":{"line":19,"column":28},"end":{"line":19,"column":38}},"4":{"start":{"line":20,"column":2},"end":{"line":22,"column":3}},"5":{"start":{"line":21,"column":4},"end":{"line":21,"column":79}},"6":{"start":{"line":23,"column":2},"end":{"line":25,"column":3}},"7":{"start":{"line":24,"column":4},"end":{"line":24,"column":62}},"8":{"start":{"line":26,"column":17},"end":{"line":26,"column":19}},"9":{"start":{"line":27,"column":2},"end":{"line":29,"column":3}},"10":{"start":{"line":27,"column":15},"end":{"line":27,"column":16}},"11":{"start":{"line":28,"column":4},"end":{"line":28,"column":59}},"12":{"start":{"line":30,"column":2},"end":{"line":30,"column":16}},"13":{"start":{"line":39,"column":2},"end":{"line":41,"column":14}},"14":{"start":{"line":40,"column":4},"end":{"line":40,"column":48}},"15":{"start":{"line":48,"column":13},"end":{"line":65,"column":2}},"16":{"start":{"line":73,"column":2},"end":{"line":73,"column":51}},"17":{"start":{"line":84,"column":15},"end":{"line":84,"column":16}},"18":{"start":{"line":85,"column":16},"end":{"line":85,"column":17}},"19":{"start":{"line":86,"column":12},"end":{"line":86,"column":13}},"20":{"start":{"line":87,"column":2},"end":{"line":93,"column":3}},"21":{"start":{"line":88,"column":4},"end":{"line":90,"column":5}},"22":{"start":{"line":89,"column":6},"end":{"line":89,"column":24}},"23":{"start":{"line":91,"column":4},"end":{"line":91,"column":29}},"24":{"start":{"line":92,"column":4},"end":{"line":92,"column":14}},"25":{"start":{"line":94,"column":2},"end":{"line":94,"column":16}},"26":{"start":{"line":103,"column":2},"end":{"line":108,"column":4}},"27":{"start":{"line":117,"column":2},"end":{"line":117,"column":34}},"28":{"start":{"line":127,"column":12},"end":{"line":127,"column":13}},"29":{"start":{"line":128,"column":2},"end":{"line":130,"column":3}},"30":{"start":{"line":128,"column":15},"end":{"line":128,"column":16}},"31":{"start":{"line":129,"column":4},"end":{"line":129,"column":21}},"32":{"start":{"line":131,"column":2},"end":{"line":131,"column":33}},"33":{"start":{"line":134,"column":0},"end":{"line":143,"column":2}}},"fnMap":{"0":{"name":"hexToBytes","decl":{"start":{"line":17,"column":9},"end":{"line":17,"column":19}},"loc":{"start":{"line":17,"column":25},"end":{"line":31,"column":1}},"line":17},"1":{"name":"bytesToHex","decl":{"start":{"line":38,"column":9},"end":{"line":38,"column":19}},"loc":{"start":{"line":38,"column":27},"end":{"line":42,"column":1}},"line":38},"2":{"name":"(anonymous_2)","decl":{"start":{"line":39,"column":19},"end":{"line":39,"column":20}},"loc":{"start":{"line":39,"column":31},"end":{"line":41,"column":3}},"line":39},"3":{"name":"xtime","decl":{"start":{"line":72,"column":9},"end":{"line":72,"column":14}},"loc":{"start":{"line":72,"column":18},"end":{"line":74,"column":1}},"line":72},"4":{"name":"gfMul","decl":{"start":{"line":83,"column":9},"end":{"line":83,"column":14}},"loc":{"start":{"line":83,"column":21},"end":{"line":95,"column":1}},"line":83},"5":{"name":"subWord","decl":{"start":{"line":102,"column":9},"end":{"line":102,"column":16}},"loc":{"start":{"line":102,"column":20},"end":{"line":109,"column":1}},"line":102},"6":{"name":"rotWord","decl":{"start":{"line":116,"column":9},"end":{"line":116,"column":16}},"loc":{"start":{"line":116,"column":20},"end":{"line":118,"column":1}},"line":116},"7":{"name":"rcon","decl":{"start":{"line":126,"column":9},"end":{"line":126,"column":13}},"loc":{"start":{"line":126,"column":17},"end":{"line":132,"column":1}},"line":126}},"branchMap":{"0":{"loc":{"start":{"line":19,"column":2},"end":{"line":19,"column":38}},"type":"if","locations":[{"start":{"line":19,"column":2},"end":{"line":19,"column":38}},{"start":{},"end":{}}],"line":19},"1":{"loc":{"start":{"line":20,"column":2},"end":{"line":22,"column":3}},"type":"if","locations":[{"start":{"line":20,"column":2},"end":{"line":22,"column":3}},{"start":{},"end":{}}],"line":20},"2":{"loc":{"start":{"line":23,"column":2},"end":{"line":25,"column":3}},"type":"if","locations":[{"start":{"line":23,"column":2},"end":{"line":25,"column":3}},{"start":{},"end":{}}],"line":23},"3":{"loc":{"start":{"line":40,"column":12},"end":{"line":40,"column":29}},"type":"cond-expr","locations":[{"start":{"line":40,"column":21},"end":{"line":40,"column":24}},{"start":{"line":40,"column":27},"end":{"line":40,"column":29}}],"line":40},"4":{"loc":{"start":{"line":73,"column":22},"end":{"line":73,"column":41}},"type":"cond-expr","locations":[{"start":{"line":73,"column":33},"end":{"line":73,"column":37}},{"start":{"line":73,"column":40},"end":{"line":73,"column":41}}],"line":73},"5":{"loc":{"start":{"line":88,"column":4},"end":{"line":90,"column":5}},"type":"if","locations":[{"start":{"line":88,"column":4},"end":{"line":90,"column":5}},{"start":{},"end":{}}],"line":88}},"s":{"0":1,"1":12,"2":12,"3":0,"4":12,"5":1,"6":11,"7":1,"8":10,"9":10,"10":10,"11":147,"12":10,"13":2,"14":32,"15":1,"16":2592,"17":324,"18":324,"19":324,"20":324,"21":2262,"22":1301,"23":2262,"24":2262,"25":324,"26":71,"27":71,"28":72,"29":72,"30":72,"31":324,"32":72,"33":1},"f":{"0":12,"1":2,"2":32,"3":2592,"4":324,"5":71,"6":71,"7":72},"b":{"0":[0,12],"1":[1,11],"2":[1,10],"3":[2,30],"4":[332,2260],"5":[1301,961]},"_coverageSchema":"1a1c01bbd47fc00a2c39e90264f33305004495a9","hash":"0280fdf21e2c474ddca643adfb0eda567e0d7bf7"}
,"/Users/charliepan/Downloads/my-miniapp/utils/aes-key-expansion.js": {"path":"/Users/charliepan/Downloads/my-miniapp/utils/aes-key-expansion.js","statementMap":{"0":{"start":{"line":8,"column":35},"end":{"line":8,"column":56}},"1":{"start":{"line":17,"column":2},"end":{"line":22,"column":4}},"2":{"start":{"line":36,"column":12},"end":{"line":36,"column":14}},"3":{"start":{"line":39,"column":2},"end":{"line":46,"column":3}},"4":{"start":{"line":39,"column":15},"end":{"line":39,"column":16}},"5":{"start":{"line":40,"column":4},"end":{"line":45,"column":7}},"6":{"start":{"line":49,"column":2},"end":{"line":58,"column":3}},"7":{"start":{"line":49,"column":15},"end":{"line":49,"column":16}},"8":{"start":{"line":50,"column":15},"end":{"line":50,"column":23}},"9":{"start":{"line":51,"column":4},"end":{"line":56,"column":5}},"10":{"start":{"line":52,"column":22},"end":{"line":52,"column":35}},"11":{"start":{"line":53,"column":26},"end":{"line":53,"column":42}},"12":{"start":{"line":54,"column":22},"end":{"line":54,"column":33}},"13":{"start":{"line":55,"column":6},"end":{"line":55,"column":45}},"14":{"start":{"line":57,"column":4},"end":{"line":57,"column":38}},"15":{"start":{"line":60,"column":2},"end":{"line":60,"column":11}},"16":{"start":{"line":71,"column":16},"end":{"line":71,"column":25}},"17":{"start":{"line":72,"column":2},"end":{"line":77,"column":4}},"18":{"start":{"line":87,"column":12},"end":{"line":87,"column":14}},"19":{"start":{"line":89,"column":16},"end":{"line":89,"column":18}},"20":{"start":{"line":92,"column":2},"end":{"line":106,"column":3}},"21":{"start":{"line":92,"column":15},"end":{"line":92,"column":16}},"22":{"start":{"line":93,"column":17},"end":{"line":98,"column":5}},"23":{"start":{"line":99,"column":4},"end":{"line":99,"column":17}},"24":{"start":{"line":100,"column":4},"end":{"line":105,"column":7}},"25":{"start":{"line":109,"column":2},"end":{"line":140,"column":3}},"26":{"start":{"line":109,"column":15},"end":{"line":109,"column":16}},"27":{"start":{"line":110,"column":17},"end":{"line":110,"column":25}},"28":{"start":{"line":111,"column":18},"end":{"line":111,"column":26}},"29":{"start":{"line":113,"column":4},"end":{"line":139,"column":5}},"30":{"start":{"line":114,"column":22},"end":{"line":114,"column":35}},"31":{"start":{"line":115,"column":26},"end":{"line":115,"column":42}},"32":{"start":{"line":116,"column":22},"end":{"line":116,"column":33}},"33":{"start":{"line":117,"column":19},"end":{"line":117,"column":50}},"34":{"start":{"line":118,"column":19},"end":{"line":118,"column":41}},"35":{"start":{"line":120,"column":6},"end":{"line":120,"column":19}},"36":{"start":{"line":121,"column":6},"end":{"line":129,"column":9}},"37":{"start":{"line":131,"column":19},"end":{"line":131,"column":41}},"38":{"start":{"line":132,"column":6},"end":{"line":132,"column":19}},"39":{"start":{"line":133,"column":6},"end":{"line":138,"column":9}},"40":{"start":{"line":142,"column":2},"end":{"line":142,"column":36}},"41":{"start":{"line":145,"column":0},"end":{"line":149,"column":2}}},"fnMap":{"0":{"name":"_xorWords","decl":{"start":{"line":16,"column":9},"end":{"line":16,"column":18}},"loc":{"start":{"line":16,"column":25},"end":{"line":23,"column":1}},"line":16},"1":{"name":"keyExpansion","decl":{"start":{"line":34,"column":9},"end":{"line":34,"column":21}},"loc":{"start":{"line":34,"column":27},"end":{"line":61,"column":1}},"line":34},"2":{"name":"getRoundKey","decl":{"start":{"line":70,"column":9},"end":{"line":70,"column":20}},"loc":{"start":{"line":70,"column":31},"end":{"line":78,"column":1}},"line":70},"3":{"name":"keyExpansionWithSteps","decl":{"start":{"line":85,"column":9},"end":{"line":85,"column":30}},"loc":{"start":{"line":85,"column":36},"end":{"line":143,"column":1}},"line":85}},"branchMap":{"0":{"loc":{"start":{"line":51,"column":4},"end":{"line":56,"column":5}},"type":"if","locations":[{"start":{"line":51,"column":4},"end":{"line":56,"column":5}},{"start":{},"end":{}}],"line":51},"1":{"loc":{"start":{"line":113,"column":4},"end":{"line":139,"column":5}},"type":"if","locations":[{"start":{"line":113,"column":4},"end":{"line":139,"column":5}},{"start":{"line":130,"column":11},"end":{"line":139,"column":5}}],"line":113}},"s":{"0":1,"1":350,"2":6,"3":6,"4":6,"5":24,"6":6,"7":6,"8":240,"9":240,"10":60,"11":60,"12":60,"13":60,"14":240,"15":6,"16":13,"17":13,"18":1,"19":1,"20":1,"21":1,"22":4,"23":4,"24":4,"25":1,"26":1,"27":40,"28":40,"29":40,"30":10,"31":10,"32":10,"33":10,"34":10,"35":10,"36":10,"37":30,"38":30,"39":30,"40":1,"41":1},"f":{"0":350,"1":6,"2":13,"3":1},"b":{"0":[60,180],"1":[10,30]},"_coverageSchema":"1a1c01bbd47fc00a2c39e90264f33305004495a9","hash":"0042de2c4527de33c9bd87b34aad2548b0f2e775"}
,"/Users/charliepan/Downloads/my-miniapp/utils/aes-state.js": {"path":"/Users/charliepan/Downloads/my-miniapp/utils/aes-state.js","statementMap":{"0":{"start":{"line":8,"column":31},"end":{"line":8,"column":52}},"1":{"start":{"line":10,"column":17},"end":{"line":10,"column":18}},"2":{"start":{"line":11,"column":17},"end":{"line":11,"column":18}},"3":{"start":{"line":22,"column":2},"end":{"line":22,"column":90}},"4":{"start":{"line":22,"column":55},"end":{"line":22,"column":86}},"5":{"start":{"line":31,"column":2},"end":{"line":31,"column":58}},"6":{"start":{"line":31,"column":35},"end":{"line":31,"column":54}},"7":{"start":{"line":41,"column":12},"end":{"line":41,"column":25}},"8":{"start":{"line":42,"column":2},"end":{"line":46,"column":3}},"9":{"start":{"line":42,"column":17},"end":{"line":42,"column":18}},"10":{"start":{"line":43,"column":4},"end":{"line":45,"column":5}},"11":{"start":{"line":43,"column":19},"end":{"line":43,"column":20}},"12":{"start":{"line":44,"column":6},"end":{"line":44,"column":48}},"13":{"start":{"line":47,"column":2},"end":{"line":47,"column":11}},"14":{"start":{"line":56,"column":16},"end":{"line":56,"column":18}},"15":{"start":{"line":57,"column":2},"end":{"line":61,"column":3}},"16":{"start":{"line":57,"column":17},"end":{"line":57,"column":18}},"17":{"start":{"line":58,"column":4},"end":{"line":60,"column":5}},"18":{"start":{"line":58,"column":19},"end":{"line":58,"column":20}},"19":{"start":{"line":59,"column":6},"end":{"line":59,"column":34}},"20":{"start":{"line":62,"column":2},"end":{"line":62,"column":15}},"21":{"start":{"line":71,"column":12},"end":{"line":71,"column":30}},"22":{"start":{"line":72,"column":2},"end":{"line":76,"column":3}},"23":{"start":{"line":72,"column":17},"end":{"line":72,"column":18}},"24":{"start":{"line":73,"column":4},"end":{"line":75,"column":5}},"25":{"start":{"line":73,"column":19},"end":{"line":73,"column":20}},"26":{"start":{"line":74,"column":6},"end":{"line":74,"column":38}},"27":{"start":{"line":77,"column":2},"end":{"line":77,"column":11}},"28":{"start":{"line":87,"column":12},"end":{"line":87,"column":30}},"29":{"start":{"line":90,"column":13},"end":{"line":90,"column":49}},"30":{"start":{"line":93,"column":13},"end":{"line":93,"column":49}},"31":{"start":{"line":96,"column":13},"end":{"line":96,"column":49}},"32":{"start":{"line":98,"column":2},"end":{"line":98,"column":18}},"33":{"start":{"line":98,"column":19},"end":{"line":98,"column":35}},"34":{"start":{"line":98,"column":36},"end":{"line":98,"column":52}},"35":{"start":{"line":98,"column":53},"end":{"line":98,"column":69}},"36":{"start":{"line":99,"column":2},"end":{"line":99,"column":18}},"37":{"start":{"line":99,"column":19},"end":{"line":99,"column":35}},"38":{"start":{"line":99,"column":36},"end":{"line":99,"column":52}},"39":{"start":{"line":99,"column":53},"end":{"line":99,"column":69}},"40":{"start":{"line":100,"column":2},"end":{"line":100,"column":18}},"41":{"start":{"line":100,"column":19},"end":{"line":100,"column":35}},"42":{"start":{"line":100,"column":36},"end":{"line":100,"column":52}},"43":{"start":{"line":100,"column":53},"end":{"line":100,"column":69}},"44":{"start":{"line":102,"column":2},"end":{"line":102,"column":11}},"45":{"start":{"line":116,"column":12},"end":{"line":116,"column":30}},"46":{"start":{"line":118,"column":2},"end":{"line":129,"column":3}},"47":{"start":{"line":118,"column":17},"end":{"line":118,"column":18}},"48":{"start":{"line":119,"column":15},"end":{"line":119,"column":24}},"49":{"start":{"line":120,"column":15},"end":{"line":120,"column":24}},"50":{"start":{"line":121,"column":15},"end":{"line":121,"column":24}},"51":{"start":{"line":122,"column":15},"end":{"line":122,"column":24}},"52":{"start":{"line":125,"column":4},"end":{"line":125,"column":60}},"53":{"start":{"line":126,"column":4},"end":{"line":126,"column":60}},"54":{"start":{"line":127,"column":4},"end":{"line":127,"column":60}},"55":{"start":{"line":128,"column":4},"end":{"line":128,"column":60}},"56":{"start":{"line":131,"column":2},"end":{"line":131,"column":11}},"57":{"start":{"line":141,"column":12},"end":{"line":141,"column":30}},"58":{"start":{"line":142,"column":2},"end":{"line":146,"column":3}},"59":{"start":{"line":142,"column":17},"end":{"line":142,"column":18}},"60":{"start":{"line":143,"column":4},"end":{"line":145,"column":5}},"61":{"start":{"line":143,"column":19},"end":{"line":143,"column":20}},"62":{"start":{"line":144,"column":6},"end":{"line":144,"column":52}},"63":{"start":{"line":147,"column":2},"end":{"line":147,"column":11}},"64":{"start":{"line":159,"column":26},"end":{"line":159,"column":56}},"65":{"start":{"line":162,"column":14},"end":{"line":162,"column":69}},"66":{"start":{"line":165,"column":2},"end":{"line":170,"column":3}},"67":{"start":{"line":165,"column":19},"end":{"line":165,"column":20}},"68":{"start":{"line":166,"column":4},"end":{"line":166,"column":28}},"69":{"start":{"line":167,"column":4},"end":{"line":167,"column":29}},"70":{"start":{"line":168,"column":4},"end":{"line":168,"column":30}},"71":{"start":{"line":169,"column":4},"end":{"line":169,"column":54}},"72":{"start":{"line":173,"column":2},"end":{"line":173,"column":26}},"73":{"start":{"line":174,"column":2},"end":{"line":174,"column":27}},"74":{"start":{"line":175,"column":2},"end":{"line":175,"column":49}},"75":{"start":{"line":177,"column":2},"end":{"line":177,"column":15}},"76":{"start":{"line":180,"column":0},"end":{"line":190,"column":2}}},"fnMap":{"0":{"name":"_emptyState","decl":{"start":{"line":21,"column":9},"end":{"line":21,"column":20}},"loc":{"start":{"line":21,"column":23},"end":{"line":23,"column":1}},"line":21},"1":{"name":"(anonymous_1)","decl":{"start":{"line":22,"column":42},"end":{"line":22,"column":43}},"loc":{"start":{"line":22,"column":53},"end":{"line":22,"column":88}},"line":22},"2":{"name":"_cloneState","decl":{"start":{"line":30,"column":9},"end":{"line":30,"column":20}},"loc":{"start":{"line":30,"column":28},"end":{"line":32,"column":1}},"line":30},"3":{"name":"(anonymous_3)","decl":{"start":{"line":31,"column":19},"end":{"line":31,"column":20}},"loc":{"start":{"line":31,"column":33},"end":{"line":31,"column":56}},"line":31},"4":{"name":"bytesToState","decl":{"start":{"line":40,"column":9},"end":{"line":40,"column":21}},"loc":{"start":{"line":40,"column":29},"end":{"line":48,"column":1}},"line":40},"5":{"name":"stateToBytes","decl":{"start":{"line":55,"column":9},"end":{"line":55,"column":21}},"loc":{"start":{"line":55,"column":29},"end":{"line":63,"column":1}},"line":55},"6":{"name":"subBytes","decl":{"start":{"line":70,"column":9},"end":{"line":70,"column":17}},"loc":{"start":{"line":70,"column":25},"end":{"line":78,"column":1}},"line":70},"7":{"name":"shiftRows","decl":{"start":{"line":86,"column":9},"end":{"line":86,"column":18}},"loc":{"start":{"line":86,"column":26},"end":{"line":103,"column":1}},"line":86},"8":{"name":"mixColumns","decl":{"start":{"line":115,"column":9},"end":{"line":115,"column":19}},"loc":{"start":{"line":115,"column":27},"end":{"line":132,"column":1}},"line":115},"9":{"name":"addRoundKey","decl":{"start":{"line":140,"column":9},"end":{"line":140,"column":20}},"loc":{"start":{"line":140,"column":38},"end":{"line":148,"column":1}},"line":140},"10":{"name":"encryptBlock","decl":{"start":{"line":158,"column":9},"end":{"line":158,"column":21}},"loc":{"start":{"line":158,"column":36},"end":{"line":178,"column":1}},"line":158}},"branchMap":{},"s":{"0":1,"1":1,"2":1,"3":7,"4":28,"5":44,"6":176,"7":7,"8":7,"9":7,"10":28,"11":28,"12":112,"13":7,"14":6,"15":6,"16":6,"17":24,"18":24,"19":96,"20":6,"21":11,"22":11,"23":11,"24":44,"25":44,"26":176,"27":11,"28":11,"29":11,"30":11,"31":11,"32":11,"33":11,"34":11,"35":11,"36":11,"37":11,"38":11,"39":11,"40":11,"41":11,"42":11,"43":11,"44":11,"45":10,"46":10,"47":10,"48":40,"49":40,"50":40,"51":40,"52":40,"53":40,"54":40,"55":40,"56":10,"57":12,"58":12,"59":12,"60":48,"61":48,"62":192,"63":12,"64":1,"65":1,"66":1,"67":1,"68":9,"69":9,"70":9,"71":9,"72":1,"73":1,"74":1,"75":1,"76":1},"f":{"0":7,"1":28,"2":44,"3":176,"4":7,"5":6,"6":11,"7":11,"8":10,"9":12,"10":1},"b":{},"_coverageSchema":"1a1c01bbd47fc00a2c39e90264f33305004495a9","hash":"45b411b2d0dd9034716a31a3d0fddb50248cdb39"}
,"/Users/charliepan/Downloads/my-miniapp/utils/analytics.js": {"path":"/Users/charliepan/Downloads/my-miniapp/utils/analytics.js","statementMap":{"0":{"start":{"line":6,"column":20},"end":{"line":12,"column":1}},"1":{"start":{"line":14,"column":18},"end":{"line":14,"column":63}},"2":{"start":{"line":16,"column":25},"end":{"line":16,"column":26}},"3":{"start":{"line":17,"column":31},"end":{"line":17,"column":33}},"4":{"start":{"line":18,"column":28},"end":{"line":18,"column":30}},"5":{"start":{"line":19,"column":32},"end":{"line":19,"column":34}},"6":{"start":{"line":22,"column":2},"end":{"line":22,"column":30}},"7":{"start":{"line":26,"column":10},"end":{"line":26,"column":37}},"8":{"start":{"line":27,"column":10},"end":{"line":27,"column":32}},"9":{"start":{"line":28,"column":2},"end":{"line":28,"column":32}},"10":{"start":{"line":28,"column":20},"end":{"line":28,"column":32}},"11":{"start":{"line":29,"column":2},"end":{"line":29,"column":32}},"12":{"start":{"line":29,"column":20},"end":{"line":29,"column":32}},"13":{"start":{"line":30,"column":2},"end":{"line":30,"column":21}},"14":{"start":{"line":34,"column":2},"end":{"line":36,"column":5}},"15":{"start":{"line":35,"column":4},"end":{"line":35,"column":87}},"16":{"start":{"line":40,"column":16},"end":{"line":40,"column":18}},"17":{"start":{"line":41,"column":2},"end":{"line":45,"column":3}},"18":{"start":{"line":41,"column":15},"end":{"line":41,"column":35}},"19":{"start":{"line":42,"column":14},"end":{"line":42,"column":37}},"20":{"start":{"line":43,"column":4},"end":{"line":43,"column":31}},"21":{"start":{"line":44,"column":4},"end":{"line":44,"column":30}},"22":{"start":{"line":47,"column":17},"end":{"line":47,"column":19}},"23":{"start":{"line":48,"column":24},"end":{"line":48,"column":26}},"24":{"start":{"line":49,"column":22},"end":{"line":49,"column":24}},"25":{"start":{"line":50,"column":2},"end":{"line":54,"column":5}},"26":{"start":{"line":51,"column":4},"end":{"line":51,"column":21}},"27":{"start":{"line":52,"column":4},"end":{"line":52,"column":28}},"28":{"start":{"line":53,"column":4},"end":{"line":53,"column":26}},"29":{"start":{"line":56,"column":2},"end":{"line":64,"column":5}},"30":{"start":{"line":57,"column":16},"end":{"line":57,"column":56}},"31":{"start":{"line":58,"column":19},"end":{"line":58,"column":59}},"32":{"start":{"line":59,"column":4},"end":{"line":63,"column":5}},"33":{"start":{"line":60,"column":6},"end":{"line":60,"column":42}},"34":{"start":{"line":61,"column":6},"end":{"line":61,"column":81}},"35":{"start":{"line":62,"column":6},"end":{"line":62,"column":79}},"36":{"start":{"line":66,"column":15},"end":{"line":71,"column":4}},"37":{"start":{"line":67,"column":18},"end":{"line":67,"column":35}},"38":{"start":{"line":68,"column":20},"end":{"line":68,"column":39}},"39":{"start":{"line":69,"column":21},"end":{"line":69,"column":68}},"40":{"start":{"line":70,"column":4},"end":{"line":70,"column":67}},"41":{"start":{"line":73,"column":2},"end":{"line":73,"column":14}},"42":{"start":{"line":77,"column":22},"end":{"line":77,"column":24}},"43":{"start":{"line":79,"column":2},"end":{"line":88,"column":3}},"44":{"start":{"line":80,"column":4},"end":{"line":86,"column":7}},"45":{"start":{"line":87,"column":4},"end":{"line":87,"column":23}},"46":{"start":{"line":90,"column":2},"end":{"line":98,"column":3}},"47":{"start":{"line":91,"column":4},"end":{"line":97,"column":7}},"48":{"start":{"line":100,"column":2},"end":{"line":108,"column":3}},"49":{"start":{"line":101,"column":4},"end":{"line":107,"column":7}},"50":{"start":{"line":110,"column":21},"end":{"line":110,"column":70}},"51":{"start":{"line":111,"column":2},"end":{"line":119,"column":3}},"52":{"start":{"line":112,"column":4},"end":{"line":118,"column":7}},"53":{"start":{"line":121,"column":2},"end":{"line":129,"column":3}},"54":{"start":{"line":122,"column":4},"end":{"line":128,"column":7}},"55":{"start":{"line":131,"column":2},"end":{"line":139,"column":3}},"56":{"start":{"line":132,"column":4},"end":{"line":138,"column":7}},"57":{"start":{"line":141,"column":2},"end":{"line":141,"column":21}},"58":{"start":{"line":145,"column":2},"end":{"line":145,"column":26}},"59":{"start":{"line":146,"column":2},"end":{"line":146,"column":40}},"60":{"start":{"line":147,"column":2},"end":{"line":147,"column":24}},"61":{"start":{"line":148,"column":2},"end":{"line":148,"column":26}},"62":{"start":{"line":150,"column":24},"end":{"line":150,"column":38}},"63":{"start":{"line":151,"column":23},"end":{"line":151,"column":24}},"64":{"start":{"line":152,"column":21},"end":{"line":152,"column":22}},"65":{"start":{"line":154,"column":2},"end":{"line":157,"column":3}},"66":{"start":{"line":154,"column":15},"end":{"line":154,"column":16}},"67":{"start":{"line":155,"column":4},"end":{"line":155,"column":53}},"68":{"start":{"line":156,"column":4},"end":{"line":156,"column":49}},"69":{"start":{"line":159,"column":26},"end":{"line":159,"column":96}},"70":{"start":{"line":160,"column":21},"end":{"line":160,"column":42}},"71":{"start":{"line":161,"column":27},"end":{"line":161,"column":28}},"72":{"start":{"line":162,"column":2},"end":{"line":164,"column":3}},"73":{"start":{"line":162,"column":15},"end":{"line":162,"column":16}},"74":{"start":{"line":163,"column":4},"end":{"line":163,"column":57}},"75":{"start":{"line":163,"column":36},"end":{"line":163,"column":57}},"76":{"start":{"line":167,"column":21},"end":{"line":167,"column":23}},"77":{"start":{"line":168,"column":23},"end":{"line":168,"column":25}},"78":{"start":{"line":169,"column":2},"end":{"line":172,"column":5}},"79":{"start":{"line":170,"column":4},"end":{"line":170,"column":24}},"80":{"start":{"line":171,"column":4},"end":{"line":171,"column":26}},"81":{"start":{"line":174,"column":2},"end":{"line":201,"column":5}},"82":{"start":{"line":175,"column":4},"end":{"line":175,"column":32}},"83":{"start":{"line":175,"column":25},"end":{"line":175,"column":32}},"84":{"start":{"line":177,"column":26},"end":{"line":177,"column":46}},"85":{"start":{"line":178,"column":4},"end":{"line":187,"column":5}},"86":{"start":{"line":179,"column":6},"end":{"line":185,"column":9}},"87":{"start":{"line":180,"column":8},"end":{"line":180,"column":54}},"88":{"start":{"line":180,"column":47},"end":{"line":180,"column":54}},"89":{"start":{"line":181,"column":23},"end":{"line":181,"column":44}},"90":{"start":{"line":182,"column":8},"end":{"line":182,"column":28}},"91":{"start":{"line":182,"column":21},"end":{"line":182,"column":28}},"92":{"start":{"line":183,"column":8},"end":{"line":183,"column":54}},"93":{"start":{"line":184,"column":8},"end":{"line":184,"column":78}},"94":{"start":{"line":184,"column":28},"end":{"line":184,"column":78}},"95":{"start":{"line":186,"column":6},"end":{"line":186,"column":13}},"96":{"start":{"line":189,"column":16},"end":{"line":189,"column":20}},"97":{"start":{"line":190,"column":4},"end":{"line":192,"column":5}},"98":{"start":{"line":190,"column":17},"end":{"line":190,"column":18}},"99":{"start":{"line":191,"column":6},"end":{"line":191,"column":72}},"100":{"start":{"line":191,"column":45},"end":{"line":191,"column":63}},"101":{"start":{"line":191,"column":64},"end":{"line":191,"column":70}},"102":{"start":{"line":193,"column":4},"end":{"line":193,"column":43}},"103":{"start":{"line":193,"column":36},"end":{"line":193,"column":43}},"104":{"start":{"line":194,"column":4},"end":{"line":200,"column":7}},"105":{"start":{"line":195,"column":6},"end":{"line":195,"column":51}},"106":{"start":{"line":195,"column":44},"end":{"line":195,"column":51}},"107":{"start":{"line":196,"column":21},"end":{"line":196,"column":41}},"108":{"start":{"line":197,"column":6},"end":{"line":197,"column":26}},"109":{"start":{"line":197,"column":19},"end":{"line":197,"column":26}},"110":{"start":{"line":198,"column":6},"end":{"line":198,"column":50}},"111":{"start":{"line":199,"column":6},"end":{"line":199,"column":74}},"112":{"start":{"line":199,"column":26},"end":{"line":199,"column":74}},"113":{"start":{"line":203,"column":20},"end":{"line":208,"column":4}},"114":{"start":{"line":204,"column":18},"end":{"line":204,"column":33}},"115":{"start":{"line":205,"column":20},"end":{"line":205,"column":37}},"116":{"start":{"line":206,"column":21},"end":{"line":206,"column":68}},"117":{"start":{"line":207,"column":4},"end":{"line":207,"column":102}},"118":{"start":{"line":211,"column":26},"end":{"line":211,"column":80}},"119":{"start":{"line":211,"column":58},"end":{"line":211,"column":77}},"120":{"start":{"line":212,"column":17},"end":{"line":212,"column":21}},"121":{"start":{"line":213,"column":17},"end":{"line":213,"column":21}},"122":{"start":{"line":214,"column":2},"end":{"line":218,"column":3}},"123":{"start":{"line":215,"column":19},"end":{"line":215,"column":100}},"124":{"start":{"line":215,"column":66},"end":{"line":215,"column":97}},"125":{"start":{"line":216,"column":4},"end":{"line":216,"column":25}},"126":{"start":{"line":217,"column":4},"end":{"line":217,"column":41}},"127":{"start":{"line":220,"column":19},"end":{"line":228,"column":3}},"128":{"start":{"line":230,"column":2},"end":{"line":237,"column":4}},"129":{"start":{"line":240,"column":0},"end":{"line":243,"column":2}}},"fnMap":{"0":{"name":"_round","decl":{"start":{"line":21,"column":9},"end":{"line":21,"column":15}},"loc":{"start":{"line":21,"column":21},"end":{"line":23,"column":1}},"line":21},"1":{"name":"_formatDay","decl":{"start":{"line":25,"column":9},"end":{"line":25,"column":19}},"loc":{"start":{"line":25,"column":26},"end":{"line":31,"column":1}},"line":25},"2":{"name":"_buildEmptyTypeStats","decl":{"start":{"line":33,"column":9},"end":{"line":33,"column":29}},"loc":{"start":{"line":33,"column":32},"end":{"line":37,"column":1}},"line":33},"3":{"name":"(anonymous_3)","decl":{"start":{"line":34,"column":23},"end":{"line":34,"column":24}},"loc":{"start":{"line":34,"column":39},"end":{"line":36,"column":3}},"line":34},"4":{"name":"_buildSevenDayTrend","decl":{"start":{"line":39,"column":9},"end":{"line":39,"column":28}},"loc":{"start":{"line":39,"column":43},"end":{"line":74,"column":1}},"line":39},"5":{"name":"(anonymous_5)","decl":{"start":{"line":50,"column":16},"end":{"line":50,"column":17}},"loc":{"start":{"line":50,"column":32},"end":{"line":54,"column":3}},"line":50},"6":{"name":"(anonymous_6)","decl":{"start":{"line":56,"column":18},"end":{"line":56,"column":19}},"loc":{"start":{"line":56,"column":36},"end":{"line":64,"column":3}},"line":56},"7":{"name":"(anonymous_7)","decl":{"start":{"line":66,"column":25},"end":{"line":66,"column":26}},"loc":{"start":{"line":66,"column":41},"end":{"line":71,"column":3}},"line":66},"8":{"name":"_buildSuggestions","decl":{"start":{"line":76,"column":9},"end":{"line":76,"column":26}},"loc":{"start":{"line":76,"column":58},"end":{"line":142,"column":1}},"line":76},"9":{"name":"buildDashboardData","decl":{"start":{"line":144,"column":9},"end":{"line":144,"column":27}},"loc":{"start":{"line":144,"column":66},"end":{"line":238,"column":1}},"line":144},"10":{"name":"(anonymous_10)","decl":{"start":{"line":169,"column":20},"end":{"line":169,"column":21}},"loc":{"start":{"line":169,"column":35},"end":{"line":172,"column":3}},"line":169},"11":{"name":"(anonymous_11)","decl":{"start":{"line":174,"column":18},"end":{"line":174,"column":19}},"loc":{"start":{"line":174,"column":36},"end":{"line":201,"column":3}},"line":174},"12":{"name":"(anonymous_12)","decl":{"start":{"line":179,"column":28},"end":{"line":179,"column":29}},"loc":{"start":{"line":179,"column":42},"end":{"line":185,"column":7}},"line":179},"13":{"name":"(anonymous_13)","decl":{"start":{"line":194,"column":28},"end":{"line":194,"column":29}},"loc":{"start":{"line":194,"column":41},"end":{"line":200,"column":5}},"line":194},"14":{"name":"(anonymous_14)","decl":{"start":{"line":203,"column":34},"end":{"line":203,"column":35}},"loc":{"start":{"line":203,"column":49},"end":{"line":208,"column":3}},"line":203},"15":{"name":"(anonymous_15)","decl":{"start":{"line":211,"column":43},"end":{"line":211,"column":44}},"loc":{"start":{"line":211,"column":56},"end":{"line":211,"column":79}},"line":211},"16":{"name":"(anonymous_16)","decl":{"start":{"line":215,"column":48},"end":{"line":215,"column":49}},"loc":{"start":{"line":215,"column":64},"end":{"line":215,"column":99}},"line":215}},"branchMap":{"0":{"loc":{"start":{"line":22,"column":20},"end":{"line":22,"column":28}},"type":"binary-expr","locations":[{"start":{"line":22,"column":20},"end":{"line":22,"column":23}},{"start":{"line":22,"column":27},"end":{"line":22,"column":28}}],"line":22},"1":{"loc":{"start":{"line":28,"column":2},"end":{"line":28,"column":32}},"type":"if","locations":[{"start":{"line":28,"column":2},"end":{"line":28,"column":32}},{"start":{},"end":{}}],"line":28},"2":{"loc":{"start":{"line":29,"column":2},"end":{"line":29,"column":32}},"type":"if","locations":[{"start":{"line":29,"column":2},"end":{"line":29,"column":32}},{"start":{},"end":{}}],"line":29},"3":{"loc":{"start":{"line":57,"column":16},"end":{"line":57,"column":56}},"type":"binary-expr","locations":[{"start":{"line":57,"column":16},"end":{"line":57,"column":30}},{"start":{"line":57,"column":34},"end":{"line":57,"column":50}},{"start":{"line":57,"column":54},"end":{"line":57,"column":56}}],"line":57},"4":{"loc":{"start":{"line":58,"column":19},"end":{"line":58,"column":59}},"type":"cond-expr","locations":[{"start":{"line":58,"column":38},"end":{"line":58,"column":54}},{"start":{"line":58,"column":57},"end":{"line":58,"column":59}}],"line":58},"5":{"loc":{"start":{"line":59,"column":4},"end":{"line":63,"column":5}},"type":"if","locations":[{"start":{"line":59,"column":4},"end":{"line":63,"column":5}},{"start":{},"end":{}}],"line":59},"6":{"loc":{"start":{"line":61,"column":55},"end":{"line":61,"column":79}},"type":"binary-expr","locations":[{"start":{"line":61,"column":55},"end":{"line":61,"column":74}},{"start":{"line":61,"column":78},"end":{"line":61,"column":79}}],"line":61},"7":{"loc":{"start":{"line":62,"column":51},"end":{"line":62,"column":77}},"type":"binary-expr","locations":[{"start":{"line":62,"column":51},"end":{"line":62,"column":72}},{"start":{"line":62,"column":76},"end":{"line":62,"column":77}}],"line":62},"8":{"loc":{"start":{"line":69,"column":21},"end":{"line":69,"column":68}},"type":"cond-expr","locations":[{"start":{"line":69,"column":33},"end":{"line":69,"column":64}},{"start":{"line":69,"column":67},"end":{"line":69,"column":68}}],"line":69},"9":{"loc":{"start":{"line":79,"column":2},"end":{"line":88,"column":3}},"type":"if","locations":[{"start":{"line":79,"column":2},"end":{"line":88,"column":3}},{"start":{},"end":{}}],"line":79},"10":{"loc":{"start":{"line":90,"column":2},"end":{"line":98,"column":3}},"type":"if","locations":[{"start":{"line":90,"column":2},"end":{"line":98,"column":3}},{"start":{},"end":{}}],"line":90},"11":{"loc":{"start":{"line":100,"column":2},"end":{"line":108,"column":3}},"type":"if","locations":[{"start":{"line":100,"column":2},"end":{"line":108,"column":3}},{"start":{},"end":{}}],"line":100},"12":{"loc":{"start":{"line":100,"column":6},"end":{"line":100,"column":79}},"type":"binary-expr","locations":[{"start":{"line":100,"column":6},"end":{"line":100,"column":14}},{"start":{"line":100,"column":18},"end":{"line":100,"column":36}},{"start":{"line":100,"column":40},"end":{"line":100,"column":79}}],"line":100},"13":{"loc":{"start":{"line":111,"column":2},"end":{"line":119,"column":3}},"type":"if","locations":[{"start":{"line":111,"column":2},"end":{"line":119,"column":3}},{"start":{},"end":{}}],"line":111},"14":{"loc":{"start":{"line":121,"column":2},"end":{"line":129,"column":3}},"type":"if","locations":[{"start":{"line":121,"column":2},"end":{"line":129,"column":3}},{"start":{},"end":{}}],"line":121},"15":{"loc":{"start":{"line":121,"column":6},"end":{"line":121,"column":77}},"type":"binary-expr","locations":[{"start":{"line":121,"column":6},"end":{"line":121,"column":57}},{"start":{"line":121,"column":61},"end":{"line":121,"column":77}}],"line":121},"16":{"loc":{"start":{"line":131,"column":2},"end":{"line":139,"column":3}},"type":"if","locations":[{"start":{"line":131,"column":2},"end":{"line":139,"column":3}},{"start":{},"end":{}}],"line":131},"17":{"loc":{"start":{"line":145,"column":12},"end":{"line":145,"column":25}},"type":"binary-expr","locations":[{"start":{"line":145,"column":12},"end":{"line":145,"column":19}},{"start":{"line":145,"column":23},"end":{"line":145,"column":25}}],"line":145},"18":{"loc":{"start":{"line":146,"column":19},"end":{"line":146,"column":39}},"type":"binary-expr","locations":[{"start":{"line":146,"column":19},"end":{"line":146,"column":33}},{"start":{"line":146,"column":37},"end":{"line":146,"column":39}}],"line":146},"19":{"loc":{"start":{"line":147,"column":11},"end":{"line":147,"column":23}},"type":"binary-expr","locations":[{"start":{"line":147,"column":11},"end":{"line":147,"column":17}},{"start":{"line":147,"column":21},"end":{"line":147,"column":23}}],"line":147},"20":{"loc":{"start":{"line":148,"column":8},"end":{"line":148,"column":25}},"type":"binary-expr","locations":[{"start":{"line":148,"column":8},"end":{"line":148,"column":11}},{"start":{"line":148,"column":15},"end":{"line":148,"column":25}}],"line":148},"21":{"loc":{"start":{"line":155,"column":22},"end":{"line":155,"column":52}},"type":"binary-expr","locations":[{"start":{"line":155,"column":22},"end":{"line":155,"column":47}},{"start":{"line":155,"column":51},"end":{"line":155,"column":52}}],"line":155},"22":{"loc":{"start":{"line":156,"column":20},"end":{"line":156,"column":48}},"type":"binary-expr","locations":[{"start":{"line":156,"column":20},"end":{"line":156,"column":43}},{"start":{"line":156,"column":47},"end":{"line":156,"column":48}}],"line":156},"23":{"loc":{"start":{"line":159,"column":26},"end":{"line":159,"column":96}},"type":"cond-expr","locations":[{"start":{"line":159,"column":47},"end":{"line":159,"column":92}},{"start":{"line":159,"column":95},"end":{"line":159,"column":96}}],"line":159},"24":{"loc":{"start":{"line":163,"column":4},"end":{"line":163,"column":57}},"type":"if","locations":[{"start":{"line":163,"column":4},"end":{"line":163,"column":57}},{"start":{},"end":{}}],"line":163},"25":{"loc":{"start":{"line":175,"column":4},"end":{"line":175,"column":32}},"type":"if","locations":[{"start":{"line":175,"column":4},"end":{"line":175,"column":32}},{"start":{},"end":{}}],"line":175},"26":{"loc":{"start":{"line":178,"column":4},"end":{"line":187,"column":5}},"type":"if","locations":[{"start":{"line":178,"column":4},"end":{"line":187,"column":5}},{"start":{},"end":{}}],"line":178},"27":{"loc":{"start":{"line":178,"column":8},"end":{"line":178,"column":49}},"type":"binary-expr","locations":[{"start":{"line":178,"column":8},"end":{"line":178,"column":21}},{"start":{"line":178,"column":25},"end":{"line":178,"column":49}}],"line":178},"28":{"loc":{"start":{"line":180,"column":8},"end":{"line":180,"column":54}},"type":"if","locations":[{"start":{"line":180,"column":8},"end":{"line":180,"column":54}},{"start":{},"end":{}}],"line":180},"29":{"loc":{"start":{"line":182,"column":8},"end":{"line":182,"column":28}},"type":"if","locations":[{"start":{"line":182,"column":8},"end":{"line":182,"column":28}},{"start":{},"end":{}}],"line":182},"30":{"loc":{"start":{"line":184,"column":8},"end":{"line":184,"column":78}},"type":"if","locations":[{"start":{"line":184,"column":8},"end":{"line":184,"column":78}},{"start":{},"end":{}}],"line":184},"31":{"loc":{"start":{"line":191,"column":6},"end":{"line":191,"column":72}},"type":"if","locations":[{"start":{"line":191,"column":6},"end":{"line":191,"column":72}},{"start":{},"end":{}}],"line":191},"32":{"loc":{"start":{"line":193,"column":4},"end":{"line":193,"column":43}},"type":"if","locations":[{"start":{"line":193,"column":4},"end":{"line":193,"column":43}},{"start":{},"end":{}}],"line":193},"33":{"loc":{"start":{"line":193,"column":8},"end":{"line":193,"column":34}},"type":"binary-expr","locations":[{"start":{"line":193,"column":8},"end":{"line":193,"column":14}},{"start":{"line":193,"column":18},"end":{"line":193,"column":34}}],"line":193},"34":{"loc":{"start":{"line":195,"column":6},"end":{"line":195,"column":51}},"type":"if","locations":[{"start":{"line":195,"column":6},"end":{"line":195,"column":51}},{"start":{},"end":{}}],"line":195},"35":{"loc":{"start":{"line":197,"column":6},"end":{"line":197,"column":26}},"type":"if","locations":[{"start":{"line":197,"column":6},"end":{"line":197,"column":26}},{"start":{},"end":{}}],"line":197},"36":{"loc":{"start":{"line":199,"column":6},"end":{"line":199,"column":74}},"type":"if","locations":[{"start":{"line":199,"column":6},"end":{"line":199,"column":74}},{"start":{},"end":{}}],"line":199},"37":{"loc":{"start":{"line":206,"column":21},"end":{"line":206,"column":68}},"type":"cond-expr","locations":[{"start":{"line":206,"column":33},"end":{"line":206,"column":64}},{"start":{"line":206,"column":67},"end":{"line":206,"column":68}}],"line":206},"38":{"loc":{"start":{"line":214,"column":2},"end":{"line":218,"column":3}},"type":"if","locations":[{"start":{"line":214,"column":2},"end":{"line":218,"column":3}},{"start":{},"end":{}}],"line":214}},"s":{"0":1,"1":1,"2":1,"3":1,"4":1,"5":1,"6":12,"7":35,"8":35,"9":35,"10":35,"11":35,"12":35,"13":35,"14":0,"15":0,"16":5,"17":5,"18":5,"19":35,"20":35,"21":35,"22":5,"23":5,"24":5,"25":5,"26":35,"27":35,"28":35,"29":5,"30":5,"31":5,"32":5,"33":5,"34":5,"35":5,"36":5,"37":35,"38":35,"39":35,"40":35,"41":5,"42":5,"43":5,"44":1,"45":1,"46":4,"47":1,"48":4,"49":2,"50":4,"51":4,"52":2,"53":4,"54":1,"55":4,"56":0,"57":4,"58":5,"59":5,"60":5,"61":5,"62":5,"63":5,"64":5,"65":5,"66":5,"67":5,"68":5,"69":5,"70":5,"71":5,"72":5,"73":5,"74":3,"75":1,"76":5,"77":5,"78":5,"79":25,"80":25,"81":5,"82":5,"83":2,"84":3,"85":3,"86":0,"87":0,"88":0,"89":0,"90":0,"91":0,"92":0,"93":0,"94":0,"95":0,"96":3,"97":3,"98":3,"99":2,"100":2,"101":2,"102":3,"103":1,"104":2,"105":4,"106":0,"107":4,"108":4,"109":0,"110":4,"111":4,"112":2,"113":5,"114":25,"115":25,"116":25,"117":25,"118":5,"119":25,"120":5,"121":5,"122":5,"123":2,"124":1,"125":2,"126":2,"127":5,"128":5,"129":1},"f":{"0":12,"1":35,"2":0,"3":0,"4":5,"5":35,"6":5,"7":35,"8":5,"9":5,"10":25,"11":5,"12":0,"13":4,"14":25,"15":25,"16":1},"b":{"0":[12,1],"1":[35,0],"2":[35,0],"3":[5,0,0],"4":[5,0],"5":[5,0],"6":[5,0],"7":[5,0],"8":[5,30],"9":[1,4],"10":[1,3],"11":[2,2],"12":[4,2,2],"13":[2,2],"14":[1,3],"15":[4,2],"16":[0,4],"17":[5,0],"18":[5,0],"19":[5,0],"20":[5,0],"21":[5,0],"22":[5,0],"23":[4,1],"24":[1,2],"25":[2,3],"26":[0,3],"27":[3,0],"28":[0,0],"29":[0,0],"30":[0,0],"31":[2,0],"32":[1,2],"33":[3,2],"34":[0,4],"35":[0,4],"36":[2,2],"37":[3,22],"38":[2,3]},"_coverageSchema":"1a1c01bbd47fc00a2c39e90264f33305004495a9","hash":"39ada6b7a2a93b3fecec2f80a598744e2854148c"}
,"/Users/charliepan/Downloads/my-miniapp/utils/ast-draw.js": {"path":"/Users/charliepan/Downloads/my-miniapp/utils/ast-draw.js","statementMap":{"0":{"start":{"line":17,"column":19},"end":{"line":17,"column":22}},"1":{"start":{"line":20,"column":20},"end":{"line":20,"column":22}},"2":{"start":{"line":23,"column":14},"end":{"line":23,"column":16}},"3":{"start":{"line":26,"column":14},"end":{"line":26,"column":17}},"4":{"start":{"line":44,"column":20},"end":{"line":44,"column":64}},"5":{"start":{"line":45,"column":21},"end":{"line":45,"column":67}},"6":{"start":{"line":46,"column":15},"end":{"line":46,"column":49}},"7":{"start":{"line":47,"column":15},"end":{"line":47,"column":49}},"8":{"start":{"line":49,"column":2},"end":{"line":51,"column":3}},"9":{"start":{"line":50,"column":4},"end":{"line":50,"column":54}},"10":{"start":{"line":54,"column":20},"end":{"line":54,"column":22}},"11":{"start":{"line":57,"column":19},"end":{"line":57,"column":21}},"12":{"start":{"line":60,"column":4},"end":{"line":60,"column":26}},"13":{"start":{"line":60,"column":17},"end":{"line":60,"column":24}},"14":{"start":{"line":62,"column":4},"end":{"line":67,"column":5}},"15":{"start":{"line":64,"column":6},"end":{"line":64,"column":97}},"16":{"start":{"line":65,"column":6},"end":{"line":65,"column":28}},"17":{"start":{"line":66,"column":6},"end":{"line":66,"column":13}},"18":{"start":{"line":70,"column":4},"end":{"line":72,"column":5}},"19":{"start":{"line":70,"column":17},"end":{"line":70,"column":18}},"20":{"start":{"line":71,"column":6},"end":{"line":71,"column":45}},"21":{"start":{"line":75,"column":4},"end":{"line":114,"column":5}},"22":{"start":{"line":77,"column":23},"end":{"line":77,"column":53}},"23":{"start":{"line":78,"column":6},"end":{"line":83,"column":8}},"24":{"start":{"line":84,"column":6},"end":{"line":84,"column":28}},"25":{"start":{"line":87,"column":17},"end":{"line":87,"column":25}},"26":{"start":{"line":88,"column":17},"end":{"line":88,"column":26}},"27":{"start":{"line":89,"column":6},"end":{"line":93,"column":7}},"28":{"start":{"line":89,"column":19},"end":{"line":89,"column":20}},"29":{"start":{"line":90,"column":19},"end":{"line":90,"column":49}},"30":{"start":{"line":91,"column":8},"end":{"line":91,"column":41}},"31":{"start":{"line":91,"column":27},"end":{"line":91,"column":39}},"32":{"start":{"line":92,"column":8},"end":{"line":92,"column":41}},"33":{"start":{"line":92,"column":27},"end":{"line":92,"column":39}},"34":{"start":{"line":94,"column":17},"end":{"line":94,"column":34}},"35":{"start":{"line":96,"column":26},"end":{"line":96,"column":46}},"36":{"start":{"line":97,"column":25},"end":{"line":97,"column":45}},"37":{"start":{"line":98,"column":6},"end":{"line":106,"column":7}},"38":{"start":{"line":100,"column":22},"end":{"line":100,"column":34}},"39":{"start":{"line":101,"column":8},"end":{"line":103,"column":9}},"40":{"start":{"line":101,"column":21},"end":{"line":101,"column":22}},"41":{"start":{"line":102,"column":10},"end":{"line":102,"column":52}},"42":{"start":{"line":104,"column":8},"end":{"line":104,"column":22}},"43":{"start":{"line":105,"column":8},"end":{"line":105,"column":30}},"44":{"start":{"line":107,"column":6},"end":{"line":112,"column":8}},"45":{"start":{"line":113,"column":6},"end":{"line":113,"column":28}},"46":{"start":{"line":117,"column":2},"end":{"line":117,"column":21}},"47":{"start":{"line":121,"column":4},"end":{"line":121,"column":54}},"48":{"start":{"line":121,"column":45},"end":{"line":121,"column":52}},"49":{"start":{"line":123,"column":4},"end":{"line":125,"column":5}},"50":{"start":{"line":123,"column":17},"end":{"line":123,"column":18}},"51":{"start":{"line":124,"column":6},"end":{"line":124,"column":51}},"52":{"start":{"line":128,"column":4},"end":{"line":139,"column":5}},"53":{"start":{"line":128,"column":17},"end":{"line":128,"column":18}},"54":{"start":{"line":130,"column":24},"end":{"line":130,"column":68}},"55":{"start":{"line":132,"column":23},"end":{"line":132,"column":70}},"56":{"start":{"line":134,"column":22},"end":{"line":134,"column":65}},"57":{"start":{"line":135,"column":6},"end":{"line":138,"column":7}},"58":{"start":{"line":137,"column":8},"end":{"line":137,"column":63}},"59":{"start":{"line":142,"column":15},"end":{"line":142,"column":23}},"60":{"start":{"line":143,"column":15},"end":{"line":143,"column":24}},"61":{"start":{"line":144,"column":4},"end":{"line":148,"column":5}},"62":{"start":{"line":144,"column":17},"end":{"line":144,"column":18}},"63":{"start":{"line":145,"column":18},"end":{"line":145,"column":48}},"64":{"start":{"line":146,"column":6},"end":{"line":146,"column":41}},"65":{"start":{"line":146,"column":26},"end":{"line":146,"column":39}},"66":{"start":{"line":147,"column":6},"end":{"line":147,"column":41}},"67":{"start":{"line":147,"column":26},"end":{"line":147,"column":39}},"68":{"start":{"line":149,"column":4},"end":{"line":149,"column":45}},"69":{"start":{"line":152,"column":2},"end":{"line":152,"column":27}},"70":{"start":{"line":155,"column":19},"end":{"line":155,"column":20}},"71":{"start":{"line":156,"column":20},"end":{"line":156,"column":21}},"72":{"start":{"line":157,"column":15},"end":{"line":157,"column":37}},"73":{"start":{"line":158,"column":2},"end":{"line":164,"column":3}},"74":{"start":{"line":158,"column":15},"end":{"line":158,"column":16}},"75":{"start":{"line":159,"column":16},"end":{"line":159,"column":34}},"76":{"start":{"line":160,"column":22},"end":{"line":160,"column":43}},"77":{"start":{"line":161,"column":23},"end":{"line":161,"column":41}},"78":{"start":{"line":162,"column":4},"end":{"line":162,"column":59}},"79":{"start":{"line":162,"column":34},"end":{"line":162,"column":57}},"80":{"start":{"line":163,"column":4},"end":{"line":163,"column":63}},"81":{"start":{"line":163,"column":36},"end":{"line":163,"column":61}},"82":{"start":{"line":167,"column":18},"end":{"line":167,"column":26}},"83":{"start":{"line":168,"column":2},"end":{"line":171,"column":3}},"84":{"start":{"line":168,"column":15},"end":{"line":168,"column":16}},"85":{"start":{"line":169,"column":21},"end":{"line":169,"column":57}},"86":{"start":{"line":170,"column":4},"end":{"line":170,"column":55}},"87":{"start":{"line":170,"column":32},"end":{"line":170,"column":53}},"88":{"start":{"line":174,"column":2},"end":{"line":179,"column":3}},"89":{"start":{"line":175,"column":4},"end":{"line":177,"column":5}},"90":{"start":{"line":175,"column":17},"end":{"line":175,"column":18}},"91":{"start":{"line":176,"column":6},"end":{"line":176,"column":40}},"92":{"start":{"line":178,"column":4},"end":{"line":178,"column":28}},"93":{"start":{"line":181,"column":2},"end":{"line":185,"column":4}},"94":{"start":{"line":195,"column":2},"end":{"line":195,"column":34}},"95":{"start":{"line":195,"column":15},"end":{"line":195,"column":32}},"96":{"start":{"line":196,"column":14},"end":{"line":196,"column":32}},"97":{"start":{"line":197,"column":2},"end":{"line":197,"column":33}},"98":{"start":{"line":197,"column":14},"end":{"line":197,"column":31}},"99":{"start":{"line":198,"column":18},"end":{"line":198,"column":23}},"100":{"start":{"line":199,"column":2},"end":{"line":202,"column":3}},"101":{"start":{"line":199,"column":15},"end":{"line":199,"column":16}},"102":{"start":{"line":200,"column":23},"end":{"line":200,"column":67}},"103":{"start":{"line":201,"column":4},"end":{"line":201,"column":59}},"104":{"start":{"line":201,"column":34},"end":{"line":201,"column":57}},"105":{"start":{"line":203,"column":2},"end":{"line":203,"column":19}},"106":{"start":{"line":213,"column":2},"end":{"line":213,"column":33}},"107":{"start":{"line":213,"column":15},"end":{"line":213,"column":31}},"108":{"start":{"line":214,"column":14},"end":{"line":214,"column":32}},"109":{"start":{"line":215,"column":2},"end":{"line":215,"column":32}},"110":{"start":{"line":215,"column":14},"end":{"line":215,"column":30}},"111":{"start":{"line":216,"column":17},"end":{"line":216,"column":22}},"112":{"start":{"line":217,"column":2},"end":{"line":220,"column":3}},"113":{"start":{"line":217,"column":15},"end":{"line":217,"column":16}},"114":{"start":{"line":218,"column":22},"end":{"line":218,"column":65}},"115":{"start":{"line":219,"column":4},"end":{"line":219,"column":55}},"116":{"start":{"line":219,"column":32},"end":{"line":219,"column":53}},"117":{"start":{"line":221,"column":2},"end":{"line":221,"column":18}},"118":{"start":{"line":231,"column":2},"end":{"line":231,"column":24}},"119":{"start":{"line":231,"column":15},"end":{"line":231,"column":22}},"120":{"start":{"line":232,"column":14},"end":{"line":232,"column":32}},"121":{"start":{"line":233,"column":2},"end":{"line":233,"column":30}},"122":{"start":{"line":233,"column":13},"end":{"line":233,"column":28}},"123":{"start":{"line":234,"column":2},"end":{"line":236,"column":3}},"124":{"start":{"line":234,"column":15},"end":{"line":234,"column":16}},"125":{"start":{"line":235,"column":4},"end":{"line":235,"column":53}},"126":{"start":{"line":239,"column":0},"end":{"line":245,"column":2}}},"fnMap":{"0":{"name":"layoutTree","decl":{"start":{"line":43,"column":9},"end":{"line":43,"column":19}},"loc":{"start":{"line":43,"column":35},"end":{"line":186,"column":1}},"line":43},"1":{"name":"firstPass","decl":{"start":{"line":59,"column":11},"end":{"line":59,"column":20}},"loc":{"start":{"line":59,"column":34},"end":{"line":115,"column":3}},"line":59},"2":{"name":"resolveOverlaps","decl":{"start":{"line":120,"column":11},"end":{"line":120,"column":26}},"loc":{"start":{"line":120,"column":40},"end":{"line":150,"column":3}},"line":120},"3":{"name":"getRightContour","decl":{"start":{"line":194,"column":9},"end":{"line":194,"column":24}},"loc":{"start":{"line":194,"column":42},"end":{"line":204,"column":1}},"line":194},"4":{"name":"getLeftContour","decl":{"start":{"line":212,"column":9},"end":{"line":212,"column":23}},"loc":{"start":{"line":212,"column":41},"end":{"line":222,"column":1}},"line":212},"5":{"name":"shiftSubtree","decl":{"start":{"line":230,"column":9},"end":{"line":230,"column":21}},"loc":{"start":{"line":230,"column":46},"end":{"line":237,"column":1}},"line":230}},"branchMap":{"0":{"loc":{"start":{"line":44,"column":20},"end":{"line":44,"column":64}},"type":"binary-expr","locations":[{"start":{"line":44,"column":21},"end":{"line":44,"column":28}},{"start":{"line":44,"column":32},"end":{"line":44,"column":49}},{"start":{"line":44,"column":54},"end":{"line":44,"column":64}}],"line":44},"1":{"loc":{"start":{"line":45,"column":21},"end":{"line":45,"column":67}},"type":"binary-expr","locations":[{"start":{"line":45,"column":22},"end":{"line":45,"column":29}},{"start":{"line":45,"column":33},"end":{"line":45,"column":51}},{"start":{"line":45,"column":56},"end":{"line":45,"column":67}}],"line":45},"2":{"loc":{"start":{"line":46,"column":15},"end":{"line":46,"column":49}},"type":"binary-expr","locations":[{"start":{"line":46,"column":16},"end":{"line":46,"column":23}},{"start":{"line":46,"column":27},"end":{"line":46,"column":39}},{"start":{"line":46,"column":44},"end":{"line":46,"column":49}}],"line":46},"3":{"loc":{"start":{"line":47,"column":15},"end":{"line":47,"column":49}},"type":"binary-expr","locations":[{"start":{"line":47,"column":16},"end":{"line":47,"column":23}},{"start":{"line":47,"column":27},"end":{"line":47,"column":39}},{"start":{"line":47,"column":44},"end":{"line":47,"column":49}}],"line":47},"4":{"loc":{"start":{"line":49,"column":2},"end":{"line":51,"column":3}},"type":"if","locations":[{"start":{"line":49,"column":2},"end":{"line":51,"column":3}},{"start":{},"end":{}}],"line":49},"5":{"loc":{"start":{"line":60,"column":4},"end":{"line":60,"column":26}},"type":"if","locations":[{"start":{"line":60,"column":4},"end":{"line":60,"column":26}},{"start":{},"end":{}}],"line":60},"6":{"loc":{"start":{"line":62,"column":4},"end":{"line":67,"column":5}},"type":"if","locations":[{"start":{"line":62,"column":4},"end":{"line":67,"column":5}},{"start":{},"end":{}}],"line":62},"7":{"loc":{"start":{"line":75,"column":4},"end":{"line":114,"column":5}},"type":"if","locations":[{"start":{"line":75,"column":4},"end":{"line":114,"column":5}},{"start":{"line":85,"column":11},"end":{"line":114,"column":5}}],"line":75},"8":{"loc":{"start":{"line":91,"column":8},"end":{"line":91,"column":41}},"type":"if","locations":[{"start":{"line":91,"column":8},"end":{"line":91,"column":41}},{"start":{},"end":{}}],"line":91},"9":{"loc":{"start":{"line":92,"column":8},"end":{"line":92,"column":41}},"type":"if","locations":[{"start":{"line":92,"column":8},"end":{"line":92,"column":41}},{"start":{},"end":{}}],"line":92},"10":{"loc":{"start":{"line":98,"column":6},"end":{"line":106,"column":7}},"type":"if","locations":[{"start":{"line":98,"column":6},"end":{"line":106,"column":7}},{"start":{},"end":{}}],"line":98},"11":{"loc":{"start":{"line":121,"column":4},"end":{"line":121,"column":54}},"type":"if","locations":[{"start":{"line":121,"column":4},"end":{"line":121,"column":54}},{"start":{},"end":{}}],"line":121},"12":{"loc":{"start":{"line":121,"column":8},"end":{"line":121,"column":41}},"type":"binary-expr","locations":[{"start":{"line":121,"column":8},"end":{"line":121,"column":13}},{"start":{"line":121,"column":17},"end":{"line":121,"column":41}}],"line":121},"13":{"loc":{"start":{"line":135,"column":6},"end":{"line":138,"column":7}},"type":"if","locations":[{"start":{"line":135,"column":6},"end":{"line":138,"column":7}},{"start":{},"end":{}}],"line":135},"14":{"loc":{"start":{"line":146,"column":6},"end":{"line":146,"column":41}},"type":"if","locations":[{"start":{"line":146,"column":6},"end":{"line":146,"column":41}},{"start":{},"end":{}}],"line":146},"15":{"loc":{"start":{"line":147,"column":6},"end":{"line":147,"column":41}},"type":"if","locations":[{"start":{"line":147,"column":6},"end":{"line":147,"column":41}},{"start":{},"end":{}}],"line":147},"16":{"loc":{"start":{"line":162,"column":4},"end":{"line":162,"column":59}},"type":"if","locations":[{"start":{"line":162,"column":4},"end":{"line":162,"column":59}},{"start":{},"end":{}}],"line":162},"17":{"loc":{"start":{"line":163,"column":4},"end":{"line":163,"column":63}},"type":"if","locations":[{"start":{"line":163,"column":4},"end":{"line":163,"column":63}},{"start":{},"end":{}}],"line":163},"18":{"loc":{"start":{"line":170,"column":4},"end":{"line":170,"column":55}},"type":"if","locations":[{"start":{"line":170,"column":4},"end":{"line":170,"column":55}},{"start":{},"end":{}}],"line":170},"19":{"loc":{"start":{"line":174,"column":2},"end":{"line":179,"column":3}},"type":"if","locations":[{"start":{"line":174,"column":2},"end":{"line":179,"column":3}},{"start":{},"end":{}}],"line":174},"20":{"loc":{"start":{"line":195,"column":2},"end":{"line":195,"column":34}},"type":"if","locations":[{"start":{"line":195,"column":2},"end":{"line":195,"column":34}},{"start":{},"end":{}}],"line":195},"21":{"loc":{"start":{"line":197,"column":2},"end":{"line":197,"column":33}},"type":"if","locations":[{"start":{"line":197,"column":2},"end":{"line":197,"column":33}},{"start":{},"end":{}}],"line":197},"22":{"loc":{"start":{"line":201,"column":4},"end":{"line":201,"column":59}},"type":"if","locations":[{"start":{"line":201,"column":4},"end":{"line":201,"column":59}},{"start":{},"end":{}}],"line":201},"23":{"loc":{"start":{"line":213,"column":2},"end":{"line":213,"column":33}},"type":"if","locations":[{"start":{"line":213,"column":2},"end":{"line":213,"column":33}},{"start":{},"end":{}}],"line":213},"24":{"loc":{"start":{"line":215,"column":2},"end":{"line":215,"column":32}},"type":"if","locations":[{"start":{"line":215,"column":2},"end":{"line":215,"column":32}},{"start":{},"end":{}}],"line":215},"25":{"loc":{"start":{"line":219,"column":4},"end":{"line":219,"column":55}},"type":"if","locations":[{"start":{"line":219,"column":4},"end":{"line":219,"column":55}},{"start":{},"end":{}}],"line":219},"26":{"loc":{"start":{"line":231,"column":2},"end":{"line":231,"column":24}},"type":"if","locations":[{"start":{"line":231,"column":2},"end":{"line":231,"column":24}},{"start":{},"end":{}}],"line":231},"27":{"loc":{"start":{"line":233,"column":2},"end":{"line":233,"column":30}},"type":"if","locations":[{"start":{"line":233,"column":2},"end":{"line":233,"column":30}},{"start":{},"end":{}}],"line":233}},"s":{"0":1,"1":1,"2":1,"3":1,"4":7,"5":7,"6":7,"7":7,"8":7,"9":1,"10":6,"11":6,"12":15,"13":0,"14":15,"15":10,"16":10,"17":10,"18":5,"19":5,"20":9,"21":5,"22":1,"23":1,"24":1,"25":4,"26":4,"27":4,"28":4,"29":8,"30":8,"31":4,"32":8,"33":5,"34":4,"35":4,"36":4,"37":4,"38":4,"39":4,"40":4,"41":8,"42":4,"43":4,"44":4,"45":4,"46":6,"47":14,"48":10,"49":4,"50":4,"51":8,"52":4,"53":4,"54":4,"55":4,"56":4,"57":4,"58":4,"59":4,"60":4,"61":4,"62":4,"63":8,"64":8,"65":4,"66":8,"67":8,"68":4,"69":6,"70":6,"71":6,"72":6,"73":6,"74":6,"75":15,"76":15,"77":15,"78":15,"79":10,"80":15,"81":7,"82":6,"83":6,"84":6,"85":15,"86":15,"87":6,"88":6,"89":3,"90":3,"91":4,"92":3,"93":6,"94":4,"95":0,"96":4,"97":4,"98":0,"99":4,"100":4,"101":4,"102":0,"103":0,"104":0,"105":4,"106":6,"107":0,"108":6,"109":6,"110":0,"111":6,"112":6,"113":6,"114":2,"115":2,"116":1,"117":6,"118":6,"119":0,"120":6,"121":6,"122":6,"123":6,"124":6,"125":2,"126":1},"f":{"0":7,"1":15,"2":14,"3":4,"4":6,"5":6},"b":{"0":[7,1,6],"1":[7,1,6],"2":[7,1,6],"3":[7,1,6],"4":[1,6],"5":[0,15],"6":[10,5],"7":[1,4],"8":[4,4],"9":[5,3],"10":[4,0],"11":[10,4],"12":[14,14],"13":[4,0],"14":[4,4],"15":[8,0],"16":[10,5],"17":[7,8],"18":[6,9],"19":[3,3],"20":[0,4],"21":[0,4],"22":[0,0],"23":[0,6],"24":[0,6],"25":[1,1],"26":[0,6],"27":[6,0]},"_coverageSchema":"1a1c01bbd47fc00a2c39e90264f33305004495a9","hash":"7b265442e755948725d5363c7b8ed8a46f2e47b1"}
,"/Users/charliepan/Downloads/my-miniapp/utils/ast-eval.js": {"path":"/Users/charliepan/Downloads/my-miniapp/utils/ast-eval.js","statementMap":{"0":{"start":{"line":12,"column":23},"end":{"line":12,"column":40}},"1":{"start":{"line":20,"column":2},"end":{"line":22,"column":3}},"2":{"start":{"line":21,"column":4},"end":{"line":21,"column":13}},"3":{"start":{"line":23,"column":17},"end":{"line":23,"column":18}},"4":{"start":{"line":24,"column":2},"end":{"line":27,"column":3}},"5":{"start":{"line":24,"column":15},"end":{"line":24,"column":16}},"6":{"start":{"line":25,"column":14},"end":{"line":25,"column":40}},"7":{"start":{"line":26,"column":4},"end":{"line":26,"column":39}},"8":{"start":{"line":26,"column":24},"end":{"line":26,"column":37}},"9":{"start":{"line":28,"column":2},"end":{"line":28,"column":22}},"10":{"start":{"line":37,"column":2},"end":{"line":37,"column":26}},"11":{"start":{"line":37,"column":15},"end":{"line":37,"column":24}},"12":{"start":{"line":38,"column":14},"end":{"line":38,"column":15}},"13":{"start":{"line":39,"column":2},"end":{"line":41,"column":3}},"14":{"start":{"line":39,"column":15},"end":{"line":39,"column":16}},"15":{"start":{"line":40,"column":4},"end":{"line":40,"column":44}},"16":{"start":{"line":42,"column":2},"end":{"line":42,"column":15}},"17":{"start":{"line":52,"column":2},"end":{"line":52,"column":24}},"18":{"start":{"line":52,"column":15},"end":{"line":52,"column":22}},"19":{"start":{"line":53,"column":12},"end":{"line":53,"column":22}},"20":{"start":{"line":54,"column":2},"end":{"line":54,"column":20}},"21":{"start":{"line":55,"column":2},"end":{"line":57,"column":3}},"22":{"start":{"line":55,"column":15},"end":{"line":55,"column":16}},"23":{"start":{"line":56,"column":4},"end":{"line":56,"column":47}},"24":{"start":{"line":67,"column":2},"end":{"line":67,"column":26}},"25":{"start":{"line":67,"column":15},"end":{"line":67,"column":24}},"26":{"start":{"line":69,"column":2},"end":{"line":122,"column":3}},"27":{"start":{"line":71,"column":6},"end":{"line":71,"column":39}},"28":{"start":{"line":74,"column":6},"end":{"line":74,"column":15}},"29":{"start":{"line":77,"column":6},"end":{"line":77,"column":49}},"30":{"start":{"line":77,"column":38},"end":{"line":77,"column":47}},"31":{"start":{"line":78,"column":16},"end":{"line":78,"column":45}},"32":{"start":{"line":79,"column":16},"end":{"line":79,"column":45}},"33":{"start":{"line":80,"column":6},"end":{"line":80,"column":46}},"34":{"start":{"line":80,"column":35},"end":{"line":80,"column":44}},"35":{"start":{"line":81,"column":6},"end":{"line":81,"column":46}},"36":{"start":{"line":81,"column":35},"end":{"line":81,"column":44}},"37":{"start":{"line":82,"column":6},"end":{"line":82,"column":19}},"38":{"start":{"line":86,"column":6},"end":{"line":86,"column":49}},"39":{"start":{"line":86,"column":38},"end":{"line":86,"column":47}},"40":{"start":{"line":87,"column":17},"end":{"line":87,"column":46}},"41":{"start":{"line":88,"column":17},"end":{"line":88,"column":46}},"42":{"start":{"line":89,"column":6},"end":{"line":89,"column":48}},"43":{"start":{"line":89,"column":36},"end":{"line":89,"column":46}},"44":{"start":{"line":90,"column":6},"end":{"line":90,"column":48}},"45":{"start":{"line":90,"column":36},"end":{"line":90,"column":46}},"46":{"start":{"line":91,"column":6},"end":{"line":91,"column":21}},"47":{"start":{"line":95,"column":6},"end":{"line":95,"column":49}},"48":{"start":{"line":95,"column":38},"end":{"line":95,"column":47}},"49":{"start":{"line":96,"column":17},"end":{"line":96,"column":46}},"50":{"start":{"line":97,"column":17},"end":{"line":97,"column":46}},"51":{"start":{"line":98,"column":6},"end":{"line":98,"column":48}},"52":{"start":{"line":98,"column":36},"end":{"line":98,"column":46}},"53":{"start":{"line":99,"column":6},"end":{"line":99,"column":48}},"54":{"start":{"line":99,"column":36},"end":{"line":99,"column":46}},"55":{"start":{"line":100,"column":6},"end":{"line":100,"column":21}},"56":{"start":{"line":104,"column":6},"end":{"line":104,"column":49}},"57":{"start":{"line":104,"column":38},"end":{"line":104,"column":47}},"58":{"start":{"line":105,"column":17},"end":{"line":105,"column":46}},"59":{"start":{"line":106,"column":17},"end":{"line":106,"column":46}},"60":{"start":{"line":107,"column":6},"end":{"line":107,"column":48}},"61":{"start":{"line":107,"column":36},"end":{"line":107,"column":46}},"62":{"start":{"line":108,"column":6},"end":{"line":108,"column":48}},"63":{"start":{"line":108,"column":36},"end":{"line":108,"column":46}},"64":{"start":{"line":109,"column":6},"end":{"line":111,"column":7}},"65":{"start":{"line":110,"column":8},"end":{"line":110,"column":41}},"66":{"start":{"line":112,"column":6},"end":{"line":112,"column":33}},"67":{"start":{"line":116,"column":6},"end":{"line":116,"column":49}},"68":{"start":{"line":116,"column":38},"end":{"line":116,"column":47}},"69":{"start":{"line":117,"column":6},"end":{"line":117,"column":43}},"70":{"start":{"line":121,"column":6},"end":{"line":121,"column":15}},"71":{"start":{"line":132,"column":2},"end":{"line":132,"column":29}},"72":{"start":{"line":132,"column":15},"end":{"line":132,"column":27}},"73":{"start":{"line":134,"column":18},"end":{"line":142,"column":3}},"74":{"start":{"line":138,"column":46},"end":{"line":138,"column":70}},"75":{"start":{"line":144,"column":2},"end":{"line":170,"column":3}},"76":{"start":{"line":146,"column":6},"end":{"line":146,"column":38}},"77":{"start":{"line":147,"column":6},"end":{"line":147,"column":12}},"78":{"start":{"line":149,"column":6},"end":{"line":149,"column":38}},"79":{"start":{"line":150,"column":6},"end":{"line":150,"column":12}},"80":{"start":{"line":152,"column":6},"end":{"line":152,"column":47}},"81":{"start":{"line":153,"column":6},"end":{"line":153,"column":12}},"82":{"start":{"line":155,"column":6},"end":{"line":155,"column":47}},"83":{"start":{"line":156,"column":6},"end":{"line":156,"column":12}},"84":{"start":{"line":158,"column":6},"end":{"line":158,"column":47}},"85":{"start":{"line":159,"column":6},"end":{"line":159,"column":12}},"86":{"start":{"line":161,"column":6},"end":{"line":161,"column":47}},"87":{"start":{"line":162,"column":6},"end":{"line":162,"column":12}},"88":{"start":{"line":164,"column":6},"end":{"line":166,"column":7}},"89":{"start":{"line":165,"column":8},"end":{"line":165,"column":79}},"90":{"start":{"line":167,"column":6},"end":{"line":167,"column":12}},"91":{"start":{"line":169,"column":6},"end":{"line":169,"column":12}},"92":{"start":{"line":172,"column":2},"end":{"line":172,"column":17}},"93":{"start":{"line":180,"column":2},"end":{"line":190,"column":4}},"94":{"start":{"line":204,"column":20},"end":{"line":204,"column":22}},"95":{"start":{"line":206,"column":4},"end":{"line":206,"column":23}},"96":{"start":{"line":206,"column":14},"end":{"line":206,"column":21}},"97":{"start":{"line":207,"column":4},"end":{"line":209,"column":5}},"98":{"start":{"line":207,"column":17},"end":{"line":207,"column":18}},"99":{"start":{"line":208,"column":6},"end":{"line":208,"column":38}},"100":{"start":{"line":210,"column":4},"end":{"line":214,"column":5}},"101":{"start":{"line":213,"column":6},"end":{"line":213,"column":24}},"102":{"start":{"line":216,"column":2},"end":{"line":216,"column":25}},"103":{"start":{"line":218,"column":2},"end":{"line":220,"column":3}},"104":{"start":{"line":219,"column":4},"end":{"line":219,"column":52}},"105":{"start":{"line":222,"column":17},"end":{"line":222,"column":37}},"106":{"start":{"line":223,"column":14},"end":{"line":223,"column":33}},"107":{"start":{"line":224,"column":15},"end":{"line":225,"column":66}},"108":{"start":{"line":229,"column":4},"end":{"line":229,"column":28}},"109":{"start":{"line":229,"column":14},"end":{"line":229,"column":26}},"110":{"start":{"line":230,"column":4},"end":{"line":240,"column":5}},"111":{"start":{"line":231,"column":6},"end":{"line":239,"column":8}},"112":{"start":{"line":235,"column":47},"end":{"line":235,"column":68}},"113":{"start":{"line":241,"column":4},"end":{"line":249,"column":6}},"114":{"start":{"line":245,"column":45},"end":{"line":245,"column":66}},"115":{"start":{"line":252,"column":2},"end":{"line":252,"column":55}},"116":{"start":{"line":255,"column":0},"end":{"line":263,"column":2}}},"fnMap":{"0":{"name":"astDepth","decl":{"start":{"line":19,"column":9},"end":{"line":19,"column":17}},"loc":{"start":{"line":19,"column":24},"end":{"line":29,"column":1}},"line":19},"1":{"name":"astNodeCount","decl":{"start":{"line":36,"column":9},"end":{"line":36,"column":21}},"loc":{"start":{"line":36,"column":28},"end":{"line":43,"column":1}},"line":36},"2":{"name":"walkAST","decl":{"start":{"line":51,"column":9},"end":{"line":51,"column":16}},"loc":{"start":{"line":51,"column":40},"end":{"line":58,"column":1}},"line":51},"3":{"name":"evaluateAST","decl":{"start":{"line":66,"column":9},"end":{"line":66,"column":20}},"loc":{"start":{"line":66,"column":27},"end":{"line":123,"column":1}},"line":66},"4":{"name":"annotateTypes","decl":{"start":{"line":131,"column":9},"end":{"line":131,"column":22}},"loc":{"start":{"line":131,"column":29},"end":{"line":173,"column":1}},"line":131},"5":{"name":"(anonymous_5)","decl":{"start":{"line":138,"column":32},"end":{"line":138,"column":33}},"loc":{"start":{"line":138,"column":44},"end":{"line":138,"column":72}},"line":138},"6":{"name":"getSdtRules","decl":{"start":{"line":179,"column":9},"end":{"line":179,"column":20}},"loc":{"start":{"line":179,"column":23},"end":{"line":191,"column":1}},"line":179},"7":{"name":"applySdtStep","decl":{"start":{"line":201,"column":9},"end":{"line":201,"column":21}},"loc":{"start":{"line":201,"column":39},"end":{"line":253,"column":1}},"line":201},"8":{"name":"collectPostOrder","decl":{"start":{"line":205,"column":11},"end":{"line":205,"column":27}},"loc":{"start":{"line":205,"column":31},"end":{"line":215,"column":3}},"line":205},"9":{"name":"updateNode","decl":{"start":{"line":228,"column":11},"end":{"line":228,"column":21}},"loc":{"start":{"line":228,"column":25},"end":{"line":250,"column":3}},"line":228},"10":{"name":"(anonymous_10)","decl":{"start":{"line":235,"column":33},"end":{"line":235,"column":34}},"loc":{"start":{"line":235,"column":45},"end":{"line":235,"column":70}},"line":235},"11":{"name":"(anonymous_11)","decl":{"start":{"line":245,"column":31},"end":{"line":245,"column":32}},"loc":{"start":{"line":245,"column":43},"end":{"line":245,"column":68}},"line":245}},"branchMap":{"0":{"loc":{"start":{"line":20,"column":2},"end":{"line":22,"column":3}},"type":"if","locations":[{"start":{"line":20,"column":2},"end":{"line":22,"column":3}},{"start":{},"end":{}}],"line":20},"1":{"loc":{"start":{"line":20,"column":6},"end":{"line":20,"column":59}},"type":"binary-expr","locations":[{"start":{"line":20,"column":6},"end":{"line":20,"column":11}},{"start":{"line":20,"column":15},"end":{"line":20,"column":29}},{"start":{"line":20,"column":33},"end":{"line":20,"column":59}}],"line":20},"2":{"loc":{"start":{"line":26,"column":4},"end":{"line":26,"column":39}},"type":"if","locations":[{"start":{"line":26,"column":4},"end":{"line":26,"column":39}},{"start":{},"end":{}}],"line":26},"3":{"loc":{"start":{"line":37,"column":2},"end":{"line":37,"column":26}},"type":"if","locations":[{"start":{"line":37,"column":2},"end":{"line":37,"column":26}},{"start":{},"end":{}}],"line":37},"4":{"loc":{"start":{"line":52,"column":2},"end":{"line":52,"column":24}},"type":"if","locations":[{"start":{"line":52,"column":2},"end":{"line":52,"column":24}},{"start":{},"end":{}}],"line":52},"5":{"loc":{"start":{"line":53,"column":12},"end":{"line":53,"column":22}},"type":"binary-expr","locations":[{"start":{"line":53,"column":12},"end":{"line":53,"column":17}},{"start":{"line":53,"column":21},"end":{"line":53,"column":22}}],"line":53},"6":{"loc":{"start":{"line":67,"column":2},"end":{"line":67,"column":26}},"type":"if","locations":[{"start":{"line":67,"column":2},"end":{"line":67,"column":26}},{"start":{},"end":{}}],"line":67},"7":{"loc":{"start":{"line":69,"column":2},"end":{"line":122,"column":3}},"type":"switch","locations":[{"start":{"line":70,"column":4},"end":{"line":71,"column":39}},{"start":{"line":73,"column":4},"end":{"line":74,"column":15}},{"start":{"line":76,"column":4},"end":{"line":83,"column":5}},{"start":{"line":85,"column":4},"end":{"line":92,"column":5}},{"start":{"line":94,"column":4},"end":{"line":101,"column":5}},{"start":{"line":103,"column":4},"end":{"line":113,"column":5}},{"start":{"line":115,"column":4},"end":{"line":118,"column":5}},{"start":{"line":120,"column":4},"end":{"line":121,"column":15}}],"line":69},"8":{"loc":{"start":{"line":77,"column":6},"end":{"line":77,"column":49}},"type":"if","locations":[{"start":{"line":77,"column":6},"end":{"line":77,"column":49}},{"start":{},"end":{}}],"line":77},"9":{"loc":{"start":{"line":80,"column":6},"end":{"line":80,"column":46}},"type":"if","locations":[{"start":{"line":80,"column":6},"end":{"line":80,"column":46}},{"start":{},"end":{}}],"line":80},"10":{"loc":{"start":{"line":81,"column":6},"end":{"line":81,"column":46}},"type":"if","locations":[{"start":{"line":81,"column":6},"end":{"line":81,"column":46}},{"start":{},"end":{}}],"line":81},"11":{"loc":{"start":{"line":86,"column":6},"end":{"line":86,"column":49}},"type":"if","locations":[{"start":{"line":86,"column":6},"end":{"line":86,"column":49}},{"start":{},"end":{}}],"line":86},"12":{"loc":{"start":{"line":89,"column":6},"end":{"line":89,"column":48}},"type":"if","locations":[{"start":{"line":89,"column":6},"end":{"line":89,"column":48}},{"start":{},"end":{}}],"line":89},"13":{"loc":{"start":{"line":90,"column":6},"end":{"line":90,"column":48}},"type":"if","locations":[{"start":{"line":90,"column":6},"end":{"line":90,"column":48}},{"start":{},"end":{}}],"line":90},"14":{"loc":{"start":{"line":95,"column":6},"end":{"line":95,"column":49}},"type":"if","locations":[{"start":{"line":95,"column":6},"end":{"line":95,"column":49}},{"start":{},"end":{}}],"line":95},"15":{"loc":{"start":{"line":98,"column":6},"end":{"line":98,"column":48}},"type":"if","locations":[{"start":{"line":98,"column":6},"end":{"line":98,"column":48}},{"start":{},"end":{}}],"line":98},"16":{"loc":{"start":{"line":99,"column":6},"end":{"line":99,"column":48}},"type":"if","locations":[{"start":{"line":99,"column":6},"end":{"line":99,"column":48}},{"start":{},"end":{}}],"line":99},"17":{"loc":{"start":{"line":104,"column":6},"end":{"line":104,"column":49}},"type":"if","locations":[{"start":{"line":104,"column":6},"end":{"line":104,"column":49}},{"start":{},"end":{}}],"line":104},"18":{"loc":{"start":{"line":107,"column":6},"end":{"line":107,"column":48}},"type":"if","locations":[{"start":{"line":107,"column":6},"end":{"line":107,"column":48}},{"start":{},"end":{}}],"line":107},"19":{"loc":{"start":{"line":108,"column":6},"end":{"line":108,"column":48}},"type":"if","locations":[{"start":{"line":108,"column":6},"end":{"line":108,"column":48}},{"start":{},"end":{}}],"line":108},"20":{"loc":{"start":{"line":109,"column":6},"end":{"line":111,"column":7}},"type":"if","locations":[{"start":{"line":109,"column":6},"end":{"line":111,"column":7}},{"start":{},"end":{}}],"line":109},"21":{"loc":{"start":{"line":116,"column":6},"end":{"line":116,"column":49}},"type":"if","locations":[{"start":{"line":116,"column":6},"end":{"line":116,"column":49}},{"start":{},"end":{}}],"line":116},"22":{"loc":{"start":{"line":132,"column":2},"end":{"line":132,"column":29}},"type":"if","locations":[{"start":{"line":132,"column":2},"end":{"line":132,"column":29}},{"start":{},"end":{}}],"line":132},"23":{"loc":{"start":{"line":144,"column":2},"end":{"line":170,"column":3}},"type":"switch","locations":[{"start":{"line":145,"column":4},"end":{"line":147,"column":12}},{"start":{"line":148,"column":4},"end":{"line":150,"column":12}},{"start":{"line":151,"column":4},"end":{"line":153,"column":12}},{"start":{"line":154,"column":4},"end":{"line":156,"column":12}},{"start":{"line":157,"column":4},"end":{"line":159,"column":12}},{"start":{"line":160,"column":4},"end":{"line":162,"column":12}},{"start":{"line":163,"column":4},"end":{"line":167,"column":12}},{"start":{"line":168,"column":4},"end":{"line":169,"column":12}}],"line":144},"24":{"loc":{"start":{"line":164,"column":6},"end":{"line":166,"column":7}},"type":"if","locations":[{"start":{"line":164,"column":6},"end":{"line":166,"column":7}},{"start":{},"end":{}}],"line":164},"25":{"loc":{"start":{"line":165,"column":34},"end":{"line":165,"column":78}},"type":"binary-expr","locations":[{"start":{"line":165,"column":34},"end":{"line":165,"column":69}},{"start":{"line":165,"column":73},"end":{"line":165,"column":78}}],"line":165},"26":{"loc":{"start":{"line":206,"column":4},"end":{"line":206,"column":23}},"type":"if","locations":[{"start":{"line":206,"column":4},"end":{"line":206,"column":23}},{"start":{},"end":{}}],"line":206},"27":{"loc":{"start":{"line":210,"column":4},"end":{"line":214,"column":5}},"type":"if","locations":[{"start":{"line":210,"column":4},"end":{"line":214,"column":5}},{"start":{},"end":{}}],"line":210},"28":{"loc":{"start":{"line":210,"column":8},"end":{"line":212,"column":26}},"type":"binary-expr","locations":[{"start":{"line":210,"column":8},"end":{"line":210,"column":24}},{"start":{"line":210,"column":28},"end":{"line":210,"column":43}},{"start":{"line":210,"column":47},"end":{"line":210,"column":63}},{"start":{"line":211,"column":8},"end":{"line":211,"column":24}},{"start":{"line":211,"column":28},"end":{"line":211,"column":44}},{"start":{"line":211,"column":48},"end":{"line":211,"column":64}},{"start":{"line":212,"column":8},"end":{"line":212,"column":26}}],"line":210},"29":{"loc":{"start":{"line":218,"column":2},"end":{"line":220,"column":3}},"type":"if","locations":[{"start":{"line":218,"column":2},"end":{"line":220,"column":3}},{"start":{},"end":{}}],"line":218},"30":{"loc":{"start":{"line":225,"column":5},"end":{"line":225,"column":45}},"type":"cond-expr","locations":[{"start":{"line":225,"column":21},"end":{"line":225,"column":40}},{"start":{"line":225,"column":43},"end":{"line":225,"column":45}}],"line":225},"31":{"loc":{"start":{"line":229,"column":4},"end":{"line":229,"column":28}},"type":"if","locations":[{"start":{"line":229,"column":4},"end":{"line":229,"column":28}},{"start":{},"end":{}}],"line":229},"32":{"loc":{"start":{"line":230,"column":4},"end":{"line":240,"column":5}},"type":"if","locations":[{"start":{"line":230,"column":4},"end":{"line":240,"column":5}},{"start":{},"end":{}}],"line":230}},"s":{"0":1,"1":8,"2":5,"3":3,"4":3,"5":3,"6":5,"7":5,"8":4,"9":3,"10":9,"11":0,"12":9,"13":9,"14":9,"15":6,"16":9,"17":12,"18":0,"19":12,"20":12,"21":12,"22":12,"23":8,"24":42,"25":0,"26":42,"27":26,"28":1,"29":5,"30":0,"31":5,"32":5,"33":5,"34":0,"35":5,"36":0,"37":5,"38":2,"39":0,"40":2,"41":2,"42":2,"43":0,"44":2,"45":0,"46":2,"47":4,"48":0,"49":4,"50":4,"51":4,"52":0,"53":4,"54":0,"55":4,"56":2,"57":0,"58":2,"59":2,"60":2,"61":0,"62":2,"63":0,"64":2,"65":1,"66":1,"67":2,"68":0,"69":2,"70":0,"71":7,"72":0,"73":7,"74":4,"75":7,"76":5,"77":5,"78":0,"79":0,"80":2,"81":2,"82":0,"83":0,"84":0,"85":0,"86":0,"87":0,"88":0,"89":0,"90":0,"91":0,"92":7,"93":1,"94":6,"95":18,"96":0,"97":18,"98":18,"99":12,"100":18,"101":18,"102":6,"103":6,"104":2,"105":4,"106":4,"107":4,"108":12,"109":0,"110":12,"111":4,"112":2,"113":8,"114":6,"115":4,"116":1},"f":{"0":8,"1":9,"2":12,"3":42,"4":7,"5":4,"6":1,"7":6,"8":18,"9":12,"10":2,"11":6},"b":{"0":[5,3],"1":[8,8,8],"2":[4,1],"3":[0,9],"4":[0,12],"5":[12,4],"6":[0,42],"7":[26,1,5,2,4,2,2,0],"8":[0,5],"9":[0,5],"10":[0,5],"11":[0,2],"12":[0,2],"13":[0,2],"14":[0,4],"15":[0,4],"16":[0,4],"17":[0,2],"18":[0,2],"19":[0,2],"20":[1,1],"21":[0,2],"22":[0,7],"23":[5,0,2,0,0,0,0,0],"24":[0,0],"25":[0,0],"26":[0,18],"27":[18,0],"28":[18,6,6,0,0,0,0],"29":[2,4],"30":[4,0],"31":[0,12],"32":[4,8]},"_coverageSchema":"1a1c01bbd47fc00a2c39e90264f33305004495a9","hash":"441f09f6b2d080279912b3f1aefd94250869f42a"}
[...]
ne":368,"column":46}},"52":{"start":{"line":369,"column":4},"end":{"line":369,"column":20}},"53":{"start":{"line":370,"column":4},"end":{"line":370,"column":23}},"54":{"start":{"line":371,"column":4},"end":{"line":371,"column":24}},"55":{"start":{"line":374,"column":2},"end":{"line":380,"column":5}},"56":{"start":{"line":375,"column":4},"end":{"line":375,"column":10}},"57":{"start":{"line":376,"column":17},"end":{"line":376,"column":46}},"58":{"start":{"line":377,"column":4},"end":{"line":377,"column":20}},"59":{"start":{"line":378,"column":4},"end":{"line":378,"column":23}},"60":{"start":{"line":379,"column":4},"end":{"line":379,"column":24}},"61":{"start":{"line":382,"column":2},"end":{"line":382,"column":18}},"62":{"start":{"line":387,"column":0},"end":{"line":395,"column":2}}},"fnMap":{"0":{"name":"_makeFlags","decl":{"start":{"line":34,"column":9},"end":{"line":34,"column":19}},"loc":{"start":{"line":34,"column":31},"end":{"line":36,"column":1}},"line":34},"1":{"name":"getHandshakeSteps","decl":{"start":{"line":40,"column":9},"end":{"line":40,"column":26}},"loc":{"start":{"line":40,"column":29},"end":{"line":85,"column":1}},"line":40},"2":{"name":"getTeardownSteps","decl":{"start":{"line":89,"column":9},"end":{"line":89,"column":25}},"loc":{"start":{"line":89,"column":28},"end":{"line":148,"column":1}},"line":89},"3":{"name":"generateDataScenario","decl":{"start":{"line":157,"column":9},"end":{"line":157,"column":29}},"loc":{"start":{"line":157,"column":36},"end":{"line":187,"column":1}},"line":157},"4":{"name":"getDataTransferSteps","decl":{"start":{"line":194,"column":9},"end":{"line":194,"column":29}},"loc":{"start":{"line":194,"column":40},"end":{"line":345,"column":1}},"line":194},"5":{"name":"(anonymous_5)","decl":{"start":{"line":202,"column":30},"end":{"line":202,"column":31}},"loc":{"start":{"line":202,"column":44},"end":{"line":218,"column":5}},"line":202},"6":{"name":"(anonymous_6)","decl":{"start":{"line":220,"column":30},"end":{"line":220,"column":31}},"loc":{"start":{"line":220,"column":44},"end":{"line":238,"column":5}},"line":220},"7":{"name":"(anonymous_7)","decl":{"start":{"line":241,"column":30},"end":{"line":241,"column":31}},"loc":{"start":{"line":241,"column":44},"end":{"line":259,"column":5}},"line":241},"8":{"name":"getFullConnectionSteps","decl":{"start":{"line":349,"column":9},"end":{"line":349,"column":31}},"loc":{"start":{"line":349,"column":34},"end":{"line":383,"column":1}},"line":349},"9":{"name":"(anonymous_9)","decl":{"start":{"line":358,"column":20},"end":{"line":358,"column":21}},"loc":{"start":{"line":358,"column":32},"end":{"line":364,"column":3}},"line":358},"10":{"name":"(anonymous_10)","decl":{"start":{"line":366,"column":23},"end":{"line":366,"column":24}},"loc":{"start":{"line":366,"column":35},"end":{"line":372,"column":3}},"line":366},"11":{"name":"(anonymous_11)","decl":{"start":{"line":374,"column":19},"end":{"line":374,"column":20}},"loc":{"start":{"line":374,"column":31},"end":{"line":380,"column":3}},"line":374}},"branchMap":{"0":{"loc":{"start":{"line":158,"column":2},"end":{"line":172,"column":3}},"type":"if","locations":[{"start":{"line":158,"column":2},"end":{"line":172,"column":3}},{"start":{},"end":{}}],"line":158},"1":{"loc":{"start":{"line":201,"column":2},"end":{"line":342,"column":3}},"type":"if","locations":[{"start":{"line":201,"column":2},"end":{"line":342,"column":3}},{"start":{"line":240,"column":9},"end":{"line":342,"column":3}}],"line":201},"2":{"loc":{"start":{"line":240,"column":9},"end":{"line":342,"column":3}},"type":"if","locations":[{"start":{"line":240,"column":9},"end":{"line":342,"column":3}},{"start":{},"end":{}}],"line":240},"3":{"loc":{"start":{"line":246,"column":14},"end":{"line":246,"column":47}},"type":"cond-expr","locations":[{"start":{"line":246,"column":25},"end":{"line":246,"column":37}},{"start":{"line":246,"column":40},"end":{"line":246,"column":47}}],"line":246},"4":{"loc":{"start":{"line":254,"column":21},"end":{"line":256,"column":70}},"type":"cond-expr","locations":[{"start":{"line":255,"column":12},"end":{"line":255,"column":61}},{"start":{"line":256,"column":12},"end":{"line":256,"column":70}}],"line":254},"5":{"loc":{"start":{"line":257,"column":19},"end":{"line":257,"column":65}},"type":"cond-expr","locations":[{"start":{"line":257,"column":30},"end":{"line":257,"column":37}},{"start":{"line":257,"column":40},"end":{"line":257,"column":65}}],"line":257}},"s":{"0":1,"1":1,"2":98,"3":2,"4":2,"5":14,"6":6,"7":8,"8":10,"9":10,"10":10,"11":10,"12":10,"13":10,"14":6,"15":24,"16":24,"17":6,"18":24,"19":24,"20":24,"21":24,"22":4,"23":4,"24":16,"25":16,"26":4,"27":4,"28":4,"29":4,"30":4,"31":4,"32":4,"33":4,"34":4,"35":4,"36":10,"37":1,"38":1,"39":1,"40":1,"41":1,"42":1,"43":1,"44":3,"45":3,"46":3,"47":3,"48":3,"49":1,"50":8,"51":8,"52":8,"53":8,"54":8,"55":1,"56":4,"57":4,"58":4,"59":4,"60":4,"61":1,"62":1},"f":{"0":98,"1":2,"2":2,"3":14,"4":10,"5":24,"6":24,"7":16,"8":1,"9":3,"10":8,"11":4},"b":{"0":[6,8],"1":[6,4],"2":[4,0],"3":[4,12],"4":[4,12],"5":[4,12]},"_coverageSchema":"1a1c01bbd47fc00a2c39e90264f33305004495a9","hash":"b1f696acec5d6b427215d1c983fd59cc74d870fd"}
,"/Users/charliepan/Downloads/my-miniapp/utils/tls-crypto.js": {"path":"/Users/charliepan/Downloads/my-miniapp/utils/tls-crypto.js","statementMap":{"0":{"start":{"line":1,"column":24},"end":{"line":1,"column":45}},"1":{"start":{"line":9,"column":12},"end":{"line":9,"column":31}},"2":{"start":{"line":10,"column":2},"end":{"line":15,"column":4}},"3":{"start":{"line":26,"column":26},"end":{"line":26,"column":104}},"4":{"start":{"line":28,"column":2},"end":{"line":36,"column":4}},"5":{"start":{"line":39,"column":0},"end":{"line":39,"column":54}}},"fnMap":{"0":{"name":"simulateEcdhe","decl":{"start":{"line":8,"column":9},"end":{"line":8,"column":22}},"loc":{"start":{"line":8,"column":29},"end":{"line":16,"column":1}},"line":8},"1":{"name":"deriveTrafficKeys","decl":{"start":{"line":23,"column":9},"end":{"line":23,"column":26}},"loc":{"start":{"line":23,"column":41},"end":{"line":37,"column":1}},"line":23}},"branchMap":{"0":{"loc":{"start":{"line":9,"column":12},"end":{"line":9,"column":31}},"type":"binary-expr","locations":[{"start":{"line":9,"column":12},"end":{"line":9,"column":16}},{"start":{"line":9,"column":20},"end":{"line":9,"column":31}}],"line":9},"1":{"loc":{"start":{"line":26,"column":26},"end":{"line":26,"column":104}},"type":"cond-expr","locations":[{"start":{"line":26,"column":41},"end":{"line":26,"column":76}},{"start":{"line":26,"column":79},"end":{"line":26,"column":104}}],"line":26}},"s":{"0":2,"1":12,"2":12,"3":14,"4":14,"5":2},"f":{"0":12,"1":14},"b":{"0":[12,10],"1":[14,0]},"_coverageSchema":"1a1c01bbd47fc00a2c39e90264f33305004495a9","hash":"5407812154598ed54468843ca6baee30ccd668a3"}
,"/Users/charliepan/Downloads/my-miniapp/utils/tls-data.js": {"path":"/Users/charliepan/Downloads/my-miniapp/utils/tls-data.js","statementMap":{"0":{"start":{"line":2,"column":22},"end":{"line":6,"column":1}},"1":{"start":{"line":9,"column":25},"end":{"line":13,"column":1}},"2":{"start":{"line":16,"column":18},"end":{"line":35,"column":1}},"3":{"start":{"line":38,"column":23},"end":{"line":42,"column":1}},"4":{"start":{"line":45,"column":20},"end":{"line":50,"column":1}},"5":{"start":{"line":52,"column":0},"end":{"line":52,"column":93}}},"fnMap":{},"branchMap":{},"s":{"0":2,"1":2,"2":2,"3":2,"4":2,"5":2},"f":{},"b":{},"_coverageSchema":"1a1c01bbd47fc00a2c39e90264f33305004495a9","hash":"ccb3e78ecb71715301f1aab383553240deb3472b"}
,"/Users/charliepan/Downloads/my-miniapp/utils/tls-handshake.js": {"path":"/Users/charliepan/Downloads/my-miniapp/utils/tls-handshake.js","statementMap":{"0":{"start":{"line":1,"column":71},"end":{"line":1,"column":92}},"1":{"start":{"line":2,"column":45},"end":{"line":2,"column":68}},"2":{"start":{"line":10,"column":2},"end":{"line":15,"column":3}},"3":{"start":{"line":11,"column":17},"end":{"line":11,"column":46}},"4":{"start":{"line":12,"column":16},"end":{"line":12,"column":45}},"5":{"start":{"line":13,"column":17},"end":{"line":13,"column":44}},"6":{"start":{"line":14,"column":13},"end":{"line":14,"column":23}},"7":{"start":{"line":19,"column":16},"end":{"line":19,"column":31}},"8":{"start":{"line":20,"column":15},"end":{"line":20,"column":52}},"9":{"start":{"line":22,"column":2},"end":{"line":178,"column":4}},"10":{"start":{"line":29,"column":65},"end":{"line":29,"column":86}},"11":{"start":{"line":31,"column":71},"end":{"line":31,"column":77}},"12":{"start":{"line":73,"column":45},"end":{"line":73,"column":54}},"13":{"start":{"line":182,"column":2},"end":{"line":280,"column":4}},"14":{"start":{"line":284,"column":2},"end":{"line":370,"column":4}},"15":{"start":{"line":373,"column":0},"end":{"line":373,"column":35}}},"fnMap":{"0":{"name":"generateSteps","decl":{"start":{"line":9,"column":9},"end":{"line":9,"column":22}},"loc":{"start":{"line":9,"column":35},"end":{"line":16,"column":1}},"line":9},"1":{"name":"_buildFullHandshake","decl":{"start":{"line":18,"column":9},"end":{"line":18,"column":28}},"loc":{"start":{"line":18,"column":31},"end":{"line":179,"column":1}},"line":18},"2":{"name":"(anonymous_2)","decl":{"start":{"line":29,"column":60},"end":{"line":29,"column":61}},"loc":{"start":{"line":29,"column":65},"end":{"line":29,"column":86}},"line":29},"3":{"name":"(anonymous_3)","decl":{"start":{"line":31,"column":66},"end":{"line":31,"column":67}},"loc":{"start":{"line":31,"column":71},"end":{"line":31,"column":77}},"line":31},"4":{"name":"(anonymous_4)","decl":{"start":{"line":73,"column":40},"end":{"line":73,"column":41}},"loc":{"start":{"line":73,"column":45},"end":{"line":73,"column":54}},"line":73},"5":{"name":"_buildPskResumption","decl":{"start":{"line":181,"column":9},"end":{"line":181,"column":28}},"loc":{"start":{"line":181,"column":31},"end":{"line":281,"column":1}},"line":181},"6":{"name":"_buildMitmWarning","decl":{"start":{"line":283,"column":9},"end":{"line":283,"column":26}},"loc":{"start":{"line":283,"column":29},"end":{"line":371,"column":1}},"line":283}},"branchMap":{"0":{"loc":{"start":{"line":10,"column":2},"end":{"line":15,"column":3}},"type":"switch","locations":[{"start":{"line":11,"column":4},"end":{"line":11,"column":46}},{"start":{"line":12,"column":4},"end":{"line":12,"column":45}},{"start":{"line":13,"column":4},"end":{"line":13,"column":44}},{"start":{"line":14,"column":4},"end":{"line":14,"column":23}}],"line":10}},"s":{"0":1,"1":1,"2":17,"3":8,"4":4,"5":4,"6":1,"7":8,"8":8,"9":8,"10":24,"11":24,"12":24,"13":4,"14":4,"15":1},"f":{"0":17,"1":8,"2":24,"3":24,"4":24,"5":4,"6":4},"b":{"0":[8,4,4,1]},"_coverageSchema":"1a1c01bbd47fc00a2c39e90264f33305004495a9","hash":"a750e35964ad5aa8d1651c28b1ffbc32976b5398"}
,"/Users/charliepan/Downloads/my-miniapp/utils/tool-registry.js": {"path":"/Users/charliepan/Downloads/my-miniapp/utils/tool-registry.js","statementMap":{"0":{"start":{"line":8,"column":24},"end":{"line":39,"column":1}},"1":{"start":{"line":41,"column":14},"end":{"line":759,"column":1}},"2":{"start":{"line":765,"column":2},"end":{"line":765,"column":59}},"3":{"start":{"line":765,"column":36},"end":{"line":765,"column":55}},"4":{"start":{"line":772,"column":2},"end":{"line":774,"column":56}},"5":{"start":{"line":773,"column":26},"end":{"line":773,"column":59}},"6":{"start":{"line":774,"column":27},"end":{"line":774,"column":52}},"7":{"start":{"line":781,"column":2},"end":{"line":783,"column":56}},"8":{"start":{"line":782,"column":4},"end":{"line":782,"column":84}},"9":{"start":{"line":782,"column":36},"end":{"line":782,"column":80}},"10":{"start":{"line":783,"column":27},"end":{"line":783,"column":52}},"11":{"start":{"line":790,"column":2},"end":{"line":793,"column":24}},"12":{"start":{"line":791,"column":26},"end":{"line":791,"column":88}},"13":{"start":{"line":792,"column":27},"end":{"line":792,"column":52}},"14":{"start":{"line":797,"column":30},"end":{"line":805,"column":1}},"15":{"start":{"line":811,"column":17},"end":{"line":811,"column":19}},"16":{"start":{"line":812,"column":16},"end":{"line":812,"column":18}},"17":{"start":{"line":814,"column":2},"end":{"line":816,"column":3}},"18":{"start":{"line":814,"column":15},"end":{"line":814,"column":16}},"19":{"start":{"line":815,"column":4},"end":{"line":815,"column":34}},"20":{"start":{"line":818,"column":2},"end":{"line":823,"column":3}},"21":{"start":{"line":818,"column":15},"end":{"line":818,"column":16}},"22":{"start":{"line":819,"column":17},"end":{"line":819,"column":48}},"23":{"start":{"line":820,"column":4},"end":{"line":822,"column":5}},"24":{"start":{"line":821,"column":6},"end":{"line":821,"column":24}},"25":{"start":{"line":824,"column":2},"end":{"line":824,"column":16}},"26":{"start":{"line":831,"column":14},"end":{"line":831,"column":16}},"27":{"start":{"line":832,"column":2},"end":{"line":834,"column":3}},"28":{"start":{"line":832,"column":15},"end":{"line":832,"column":16}},"29":{"start":{"line":833,"column":4},"end":{"line":833,"column":57}},"30":{"start":{"line":835,"column":2},"end":{"line":835,"column":13}},"31":{"start":{"line":839,"column":23},"end":{"line":843,"column":1}},"32":{"start":{"line":851,"column":2},"end":{"line":851,"column":55}},"33":{"start":{"line":854,"column":0},"end":{"line":864,"column":2}}},"fnMap":{"0":{"name":"getAvailableTools","decl":{"start":{"line":764,"column":9},"end":{"line":764,"column":26}},"loc":{"start":{"line":764,"column":29},"end":{"line":766,"column":1}},"line":764},"1":{"name":"(anonymous_1)","decl":{"start":{"line":765,"column":22},"end":{"line":765,"column":23}},"loc":{"start":{"line":765,"column":34},"end":{"line":765,"column":57}},"line":765},"2":{"name":"getToolsByCategory","decl":{"start":{"line":771,"column":9},"end":{"line":771,"column":27}},"loc":{"start":{"line":771,"column":40},"end":{"line":775,"column":1}},"line":771},"3":{"name":"(anonymous_3)","decl":{"start":{"line":773,"column":12},"end":{"line":773,"column":13}},"loc":{"start":{"line":773,"column":24},"end":{"line":773,"column":61}},"line":773},"4":{"name":"(anonymous_4)","decl":{"start":{"line":774,"column":10},"end":{"line":774,"column":11}},"loc":{"start":{"line":774,"column":25},"end":{"line":774,"column":54}},"line":774},"5":{"name":"getActiveCategories","decl":{"start":{"line":780,"column":9},"end":{"line":780,"column":28}},"loc":{"start":{"line":780,"column":31},"end":{"line":784,"column":1}},"line":780},"6":{"name":"(anonymous_6)","decl":{"start":{"line":781,"column":32},"end":{"line":781,"column":33}},"loc":{"start":{"line":781,"column":46},"end":{"line":783,"column":3}},"line":781},"7":{"name":"(anonymous_7)","decl":{"start":{"line":782,"column":22},"end":{"line":782,"column":23}},"loc":{"start":{"line":782,"column":34},"end":{"line":782,"column":82}},"line":782},"8":{"name":"(anonymous_8)","decl":{"start":{"line":783,"column":10},"end":{"line":783,"column":11}},"loc":{"start":{"line":783,"column":25},"end":{"line":783,"column":54}},"line":783},"9":{"name":"getFeaturedToolsByCategory","decl":{"start":{"line":789,"column":9},"end":{"line":789,"column":35}},"loc":{"start":{"line":789,"column":58},"end":{"line":794,"column":1}},"line":789},"10":{"name":"(anonymous_10)","decl":{"start":{"line":791,"column":12},"end":{"line":791,"column":13}},"loc":{"start":{"line":791,"column":24},"end":{"line":791,"column":90}},"line":791},"11":{"name":"(anonymous_11)","decl":{"start":{"line":792,"column":10},"end":{"line":792,"column":11}},"loc":{"start":{"line":792,"column":25},"end":{"line":792,"column":54}},"line":792},"12":{"name":"getHomepageFeaturedTools","decl":{"start":{"line":810,"column":9},"end":{"line":810,"column":33}},"loc":{"start":{"line":810,"column":36},"end":{"line":825,"column":1}},"line":810},"13":{"name":"getCategoryNameMap","decl":{"start":{"line":830,"column":9},"end":{"line":830,"column":27}},"loc":{"start":{"line":830,"column":30},"end":{"line":836,"column":1}},"line":830},"14":{"name":"getDifficultyInfo","decl":{"start":{"line":850,"column":9},"end":{"line":850,"column":26}},"loc":{"start":{"line":850,"column":33},"end":{"line":852,"column":1}},"line":850}},"branchMap":{"0":{"loc":{"start":{"line":782,"column":43},"end":{"line":782,"column":79}},"type":"binary-expr","locations":[{"start":{"line":782,"column":43},"end":{"line":782,"column":64}},{"start":{"line":782,"column":68},"end":{"line":782,"column":79}}],"line":782},"1":{"loc":{"start":{"line":791,"column":33},"end":{"line":791,"column":87}},"type":"binary-expr","locations":[{"start":{"line":791,"column":33},"end":{"line":791,"column":58}},{"start":{"line":791,"column":62},"end":{"line":791,"column":73}},{"start":{"line":791,"column":77},"end":{"line":791,"column":87}}],"line":791},"2":{"loc":{"start":{"line":820,"column":4},"end":{"line":822,"column":5}},"type":"if","locations":[{"start":{"line":820,"column":4},"end":{"line":822,"column":5}},{"start":{},"end":{}}],"line":820},"3":{"loc":{"start":{"line":820,"column":8},"end":{"line":820,"column":30}},"type":"binary-expr","locations":[{"start":{"line":820,"column":8},"end":{"line":820,"column":12}},{"start":{"line":820,"column":16},"end":{"line":820,"column":30}}],"line":820},"4":{"loc":{"start":{"line":851,"column":9},"end":{"line":851,"column":54}},"type":"binary-expr","locations":[{"start":{"line":851,"column":9},"end":{"line":851,"column":29}},{"start":{"line":851,"column":33},"end":{"line":851,"column":54}}],"line":851}},"s":{"0":2,"1":2,"2":2,"3":50,"4":51,"5":1275,"6":255,"7":8,"8":40,"9":520,"10":48,"11":24,"12":600,"13":18,"14":2,"15":3,"16":3,"17":3,"18":3,"19":75,"20":3,"21":3,"22":21,"23":21,"24":21,"25":3,"26":2,"27":2,"28":2,"29":10,"30":2,"31":2,"32":4,"33":2},"f":{"0":2,"1":50,"2":51,"3":1275,"4":255,"5":8,"6":40,"7":520,"8":48,"9":24,"10":600,"11":18,"12":3,"13":2,"14":4},"b":{"0":[520,40],"1":[600,124,124],"2":[21,0],"3":[21,21],"4":[4,2]},"_coverageSchema":"1a1c01bbd47fc00a2c39e90264f33305004495a9","hash":"2033dd377440a679d78c974e4223a4aaa7ef1c03"}
,"/Users/charliepan/Downloads/my-miniapp/utils/util.js": {"path":"/Users/charliepan/Downloads/my-miniapp/utils/util.js","statementMap":{"0":{"start":{"line":2,"column":2},"end":{"line":2,"column":79}},"1":{"start":{"line":6,"column":15},"end":{"line":6,"column":33}},"2":{"start":{"line":7,"column":16},"end":{"line":7,"column":60}},"3":{"start":{"line":8,"column":14},"end":{"line":8,"column":53}},"4":{"start":{"line":9,"column":15},"end":{"line":9,"column":55}},"5":{"start":{"line":10,"column":17},"end":{"line":10,"column":59}},"6":{"start":{"line":11,"column":17},"end":{"line":11,"column":59}},"7":{"start":{"line":12,"column":2},"end":{"line":12,"column":63}},"8":{"start":{"line":16,"column":12},"end":{"line":16,"column":36}},"9":{"start":{"line":17,"column":12},"end":{"line":17,"column":24}},"10":{"start":{"line":18,"column":2},"end":{"line":18,"column":30}},"11":{"start":{"line":18,"column":15},"end":{"line":18,"column":30}},"12":{"start":{"line":19,"column":2},"end":{"line":19,"column":22}},"13":{"start":{"line":22,"column":0},"end":{"line":22,"column":60}}},"fnMap":{"0":{"name":"generateId","decl":{"start":{"line":1,"column":9},"end":{"line":1,"column":19}},"loc":{"start":{"line":1,"column":22},"end":{"line":3,"column":1}},"line":1},"1":{"name":"formatTime","decl":{"start":{"line":5,"column":9},"end":{"line":5,"column":19}},"loc":{"start":{"line":5,"column":26},"end":{"line":13,"column":1}},"line":5},"2":{"name":"formatDuration","decl":{"start":{"line":15,"column":9},"end":{"line":15,"column":23}},"loc":{"start":{"line":15,"column":33},"end":{"line":20,"column":1}},"line":15}},"branchMap":{"0":{"loc":{"start":{"line":18,"column":2},"end":{"line":18,"column":30}},"type":"if","locations":[{"start":{"line":18,"column":2},"end":{"line":18,"column":30}},{"start":{},"end":{}}],"line":18}},"s":{"0":12,"1":1,"2":1,"3":1,"4":1,"5":1,"6":1,"7":1,"8":3,"9":3,"10":3,"11":1,"12":2,"13":2},"f":{"0":12,"1":1,"2":3},"b":{"0":[1,2]},"_coverageSchema":"1a1c01bbd47fc00a2c39e90264f33305004495a9","hash":"fbfa63ae539792df10b84e010c4aa7f1f5199f2d"}
}
