TN:
SF:utils/aes-core.js
FN:17,hexToBytes
FN:38,bytesToHex
FN:39,(anonymous_2)
FN:72,xtime
FN:83,gfMul
FN:102,subWord
FN:116,rotWord
FN:126,rcon
FNF:8
FNH:8
FNDA:12,hexToBytes
FNDA:2,bytesToHex
FNDA:32,(anonymous_2)
FNDA:2592,xtime
FNDA:324,gfMul
FNDA:71,subWord
FNDA:71,rotWord
FNDA:72,rcon
DA:8,1
DA:18,12
DA:19,12
DA:20,12
DA:21,1
DA:23,11
DA:24,1
DA:26,10
DA:27,10
DA:28,147
DA:30,10
DA:39,2
DA:40,32
DA:48,1
DA:73,2592
DA:84,324
DA:85,324
DA:86,324
DA:87,324
DA:88,2262
DA:89,1301
DA:91,2262
DA:92,2262
DA:94,324
DA:103,71
DA:117,71
DA:127,72
DA:128,72
DA:129,324
DA:131,72
DA:134,1
LF:31
LH:31
BRDA:19,0,0,0
BRDA:19,0,1,12
BRDA:20,1,0,1
BRDA:20,1,1,11
BRDA:23,2,0,1
BRDA:23,2,1,10
BRDA:40,3,0,2
BRDA:40,3,1,30
BRDA:73,4,0,332
BRDA:73,4,1,2260
BRDA:88,5,0,1301
BRDA:88,5,1,961
BRF:12
BRH:11
end_of_record
TN:
SF:utils/aes-key-expansion.js
FN:16,_xorWords
FN:34,keyExpansion
FN:70,getRoundKey
FN:85,keyExpansionWithSteps
FNF:4
FNH:4
FNDA:350,_xorWords
FNDA:6,keyExpansion
FNDA:13,getRoundKey
FNDA:1,keyExpansionWithSteps
DA:8,1
DA:17,350
DA:36,6
DA:39,6
DA:40,24
DA:49,6
DA:50,240
DA:51,240
DA:52,60
DA:53,60
DA:54,60
DA:55,60
DA:57,240
DA:60,6
DA:71,13
DA:72,13
DA:87,1
DA:89,1
DA:92,1
DA:93,4
DA:99,4
DA:100,4
DA:109,1
DA:110,40
DA:111,40
DA:113,40
DA:114,10
DA:115,10
DA:116,10
DA:117,10
DA:118,10
DA:120,10
DA:121,10
DA:131,30
DA:132,30
DA:133,30
DA:142,1
DA:145,1
LF:38
LH:38
BRDA:51,0,0,60
BRDA:51,0,1,180
BRDA:113,1,0,10
BRDA:113,1,1,30
BRF:4
BRH:4
end_of_record
TN:
SF:utils/aes-state.js
FN:21,_emptyState
FN:22,(anonymous_1)
FN:30,_cloneState
FN:31,(anonymous_3)
FN:40,bytesToState
FN:55,stateToBytes
FN:70,subBytes
FN:86,shiftRows
FN:115,mixColumns
FN:140,addRoundKey
FN:158,encryptBlock
FNF:11
FNH:11
FNDA:7,_emptyState
FNDA:28,(anonymous_1)
FNDA:44,_cloneState
FNDA:176,(anonymous_3)
FNDA:7,bytesToState
FNDA:6,stateToBytes
FNDA:11,subBytes
FNDA:11,shiftRows
FNDA:10,mixColumns
FNDA:12,addRoundKey
FNDA:1,encryptBlock
DA:8,1
DA:10,1
DA:11,1
DA:22,28
DA:31,176
DA:41,7
DA:42,7
DA:43,28
DA:44,112
DA:47,7
DA:56,6
DA:57,6
DA:58,24
DA:59,96
DA:62,6
DA:71,11
DA:72,11
DA:73,44
DA:74,176
DA:77,11
DA:87,11
DA:90,11
DA:93,11
DA:96,11
DA:98,11
DA:99,11
DA:100,11
DA:102,11
DA:116,10
DA:118,10
DA:119,40
DA:120,40
DA:121,40
DA:122,40
DA:125,40
DA:126,40
DA:127,40
DA:128,40
DA:131,10
DA:141,12
DA:142,12
DA:143,48
DA:144,192
DA:147,12
DA:159,1
DA:162,1
DA:165,1
DA:166,9
DA:167,9
DA:168,9
DA:169,9
DA:173,1
DA:174,1
DA:175,1
DA:177,1
DA:180,1
LF:56
LH:56
BRF:0
BRH:0
end_of_record
TN:
SF:utils/analytics.js
FN:21,_round
FN:25,_formatDay
FN:33,_buildEmptyTypeStats
FN:34,(anonymous_3)
FN:39,_buildSevenDayTrend
FN:50,(anonymous_5)
FN:56,(anonymous_6)
FN:66,(anonymous_7)
FN:76,_buildSuggestions
FN:144,buildDashboardData
FN:169,(anonymous_10)
FN:174,(anonymous_11)
FN:179,(anonymous_12)
FN:194,(anonymous_13)
FN:203,(anonymous_14)
FN:211,(anonymous_15)
FN:215,(anonymous_16)
FNF:17
FNH:14
FNDA:12,_round
FNDA:35,_formatDay
FNDA:0,_buildEmptyTypeStats
FNDA:0,(anonymous_3)
FNDA:5,_buildSevenDayTrend
FNDA:35,(anonymous_5)
FNDA:5,(anonymous_6)
FNDA:35,(anonymous_7)
FNDA:5,_buildSuggestions
FNDA:5,buildDashboardData
FNDA:25,(anonymous_10)
FNDA:5,(anonymous_11)
FNDA:0,(anonymous_12)
FNDA:4,(anonymous_13)
FNDA:25,(anonymous_14)
FNDA:25,(anonymous_15)
FNDA:1,(anonymous_16)
DA:6,1
DA:14,1
DA:16,1
DA:17,1
DA:18,1
DA:19,1
DA:22,12
DA:26,35
DA:27,35
DA:28,35
DA:29,35
DA:30,35
DA:34,0
DA:35,0
DA:40,5
DA:41,5
DA:42,35
DA:43,35
DA:44,35
DA:47,5
DA:48,5
DA:49,5
DA:50,5
DA:51,35
DA:52,35
DA:53,35
DA:56,5
DA:57,5
DA:58,5
DA:59,5
DA:60,5
DA:61,5
DA:62,5
DA:66,5
DA:67,35
DA:68,35
DA:69,35
DA:70,35
DA:73,5
DA:77,5
DA:79,5
DA:80,1
DA:87,1
DA:90,4
DA:91,1
DA:100,4
DA:101,2
DA:110,4
DA:111,4
DA:112,2
DA:121,4
DA:122,1
DA:131,4
DA:132,0
DA:141,4
DA:145,5
DA:146,5
DA:147,5
DA:148,5
DA:150,5
DA:151,5
DA:152,5
DA:154,5
DA:155,5
DA:156,5
DA:159,5
DA:160,5
DA:161,5
DA:162,5
DA:163,3
DA:167,5
DA:168,5
DA:169,5
DA:170,25
DA:171,25
DA:174,5
DA:175,5
DA:177,3
DA:178,3
DA:179,0
DA:180,0
DA:181,0
DA:182,0
DA:183,0
DA:184,0
DA:186,0
DA:189,3
DA:190,3
DA:191,2
DA:193,3
DA:194,2
DA:195,4
DA:196,4
DA:197,4
DA:198,4
DA:199,4
DA:203,5
DA:204,25
DA:205,25
DA:206,25
DA:207,25
DA:211,25
DA:212,5
DA:213,5
DA:214,5
DA:215,2
DA:216,2
DA:217,2
DA:220,5
DA:230,5
DA:240,1
LF:111
LH:101
BRDA:22,0,0,12
BRDA:22,0,1,1
BRDA:28,1,0,35
BRDA:28,1,1,0
BRDA:29,2,0,35
BRDA:29,2,1,0
BRDA:57,3,0,5
BRDA:57,3,1,0
BRDA:57,3,2,0
BRDA:58,4,0,5
BRDA:58,4,1,0
BRDA:59,5,0,5
BRDA:59,5,1,0
BRDA:61,6,0,5
BRDA:61,6,1,0
BRDA:62,7,0,5
BRDA:62,7,1,0
BRDA:69,8,0,5
BRDA:69,8,1,30
BRDA:79,9,0,1
BRDA:79,9,1,4
BRDA:90,10,0,1
BRDA:90,10,1,3
BRDA:100,11,0,2
BRDA:100,11,1,2
BRDA:100,12,0,4
BRDA:100,12,1,2
BRDA:100,12,2,2
BRDA:111,13,0,2
BRDA:111,13,1,2
BRDA:121,14,0,1
BRDA:121,14,1,3
BRDA:121,15,0,4
BRDA:121,15,1,2
BRDA:131,16,0,0
BRDA:131,16,1,4
BRDA:145,17,0,5
BRDA:145,17,1,0
BRDA:146,18,0,5
BRDA:146,18,1,0
BRDA:147,19,0,5
BRDA:147,19,1,0
BRDA:148,20,0,5
BRDA:148,20,1,0
BRDA:155,21,0,5
BRDA:155,21,1,0
BRDA:156,22,0,5
BRDA:156,22,1,0
BRDA:159,23,0,4
BRDA:159,23,1,1
BRDA:163,24,0,1
BRDA:163,24,1,2
BRDA:175,25,0,2
BRDA:175,25,1,3
BRDA:178,26,0,0
BRDA:178,26,1,3
BRDA:178,27,0,3
BRDA:178,27,1,0
BRDA:180,28,0,0
BRDA:180,28,1,0
BRDA:182,29,0,0
BRDA:182,29,1,0
BRDA:184,30,0,0
BRDA:184,30,1,0
BRDA:191,31,0,2
BRDA:191,31,1,0
BRDA:193,32,0,1
BRDA:193,32,1,2
BRDA:193,33,0,3
BRDA:193,33,1,2
BRDA:195,34,0,0
BRDA:195,34,1,4
BRDA:197,35,0,0
BRDA:197,35,1,4
BRDA:199,36,0,2
BRDA:199,36,1,2
BRDA:206,37,0,3
BRDA:206,37,1,22
BRDA:214,38,0,2
BRDA:214,38,1,3
BRF:80
BRH:54
end_of_record
TN:
SF:utils/ast-draw.js
FN:43,layoutTree
FN:59,firstPass
FN:120,resolveOverlaps
FN:194,getRightContour
FN:212,getLeftContour
FN:230,shiftSubtree
FNF:6
FNH:6
FNDA:7,layoutTree
FNDA:15,firstPass
FNDA:14,resolveOverlaps
FNDA:4,getRightContour
FNDA:6,getLeftContour
FNDA:6,shiftSubtree
DA:17,1
DA:20,1
DA:23,1
DA:26,1
DA:44,7
DA:45,7
DA:46,7
DA:47,7
DA:49,7
DA:50,1
DA:54,6
DA:57,6
DA:60,15
DA:62,15
DA:64,10
DA:65,10
DA:66,10
DA:70,5
DA:71,9
DA:75,5
DA:77,1
DA:78,1
DA:84,1
DA:87,4
DA:88,4
DA:89,4
DA:90,8
DA:91,8
DA:92,8
DA:94,4
DA:96,4
DA:97,4
DA:98,4
DA:100,4
DA:101,4
DA:102,8
DA:104,4
DA:105,4
DA:107,4
DA:113,4
DA:117,6
DA:121,14
DA:123,4
DA:124,8
DA:128,4
DA:130,4
DA:132,4
DA:134,4
DA:135,4
DA:137,4
DA:142,4
DA:143,4
DA:144,4
DA:145,8
DA:146,8
DA:147,8
DA:149,4
DA:152,6
DA:155,6
DA:156,6
DA:157,6
DA:158,6
DA:159,15
DA:160,15
DA:161,15
DA:162,15
DA:163,15
DA:167,6
DA:168,6
DA:169,15
DA:170,15
DA:174,6
DA:175,3
DA:176,4
DA:178,3
DA:181,6
DA:195,4
DA:196,4
DA:197,4
DA:198,4
DA:199,4
DA:200,0
DA:201,0
DA:203,4
DA:213,6
DA:214,6
DA:215,6
DA:216,6
DA:217,6
DA:218,2
DA:219,2
DA:221,6
DA:231,6
DA:232,6
DA:233,6
DA:234,6
DA:235,2
DA:239,1
LF:98
LH:96
BRDA:44,0,0,7
BRDA:44,0,1,1
BRDA:44,0,2,6
BRDA:45,1,0,7
BRDA:45,1,1,1
BRDA:45,1,2,6
BRDA:46,2,0,7
BRDA:46,2,1,1
BRDA:46,2,2,6
BRDA:47,3,0,7
BRDA:47,3,1,1
BRDA:47,3,2,6
BRDA:49,4,0,1
BRDA:49,4,1,6
BRDA:60,5,0,0
BRDA:60,5,1,15
BRDA:62,6,0,10
BRDA:62,6,1,5
BRDA:75,7,0,1
BRDA:75,7,1,4
BRDA:91,8,0,4
BRDA:91,8,1,4
BRDA:92,9,0,5
BRDA:92,9,1,3
BRDA:98,10,0,4
BRDA:98,10,1,0
BRDA:121,11,0,10
BRDA:121,11,1,4
BRDA:121,12,0,14
BRDA:121,12,1,14
BRDA:135,13,0,4
BRDA:135,13,1,0
BRDA:146,14,0,4
BRDA:146,14,1,4
BRDA:147,15,0,8
BRDA:147,15,1,0
BRDA:162,16,0,10
BRDA:162,16,1,5
BRDA:163,17,0,7
BRDA:163,17,1,8
BRDA:170,18,0,6
BRDA:170,18,1,9
BRDA:174,19,0,3
BRDA:174,19,1,3
BRDA:195,20,0,0
BRDA:195,20,1,4
BRDA:197,21,0,0
BRDA:197,21,1,4
BRDA:201,22,0,0
BRDA:201,22,1,0
BRDA:213,23,0,0
BRDA:213,23,1,6
BRDA:215,24,0,0
BRDA:215,24,1,6
BRDA:219,25,0,1
BRDA:219,25,1,1
BRDA:231,26,0,0
BRDA:231,26,1,6
BRDA:233,27,0,6
BRDA:233,27,1,0
BRF:60
BRH:48
end_of_record
TN:
SF:utils/ast-eval.js
FN:19,astDepth
FN:36,astNodeCount
FN:51,walkAST
FN:66,evaluateAST
FN:131,annotateTypes
FN:138,(anonymous_5)
FN:179,getSdtRules
FN:201,applySdtStep
FN:205,collectPostOrder
FN:228,updateNode
FN:235,(anonymous_10)
FN:245,(anonymous_11)
FNF:12
FNH:12
FNDA:8,astDepth
FNDA:9,astNodeCount
FNDA:12,walkAST
FNDA:42,evaluateAST
FNDA:7,annotateTypes
FNDA:4,(anonymous_5)
FNDA:1,getSdtRules
FNDA:6,applySdtStep
FNDA:18,collectPostOrder
FNDA:12,updateNode
FNDA:2,(anonymous_10)
FNDA:6,(anonymous_11)
DA:12,1
DA:20,8
DA:21,5
DA:23,3
DA:24,3
DA:25,5
DA:26,5
DA:28,3
DA:37,9
DA:38,9
DA:39,9
DA:40,6
DA:42,9
DA:52,12
DA:53,12
DA:54,12
DA:55,12
DA:56,8
DA:67,42
DA:69,42
DA:71,26
DA:74,1
DA:77,5
DA:78,5
DA:79,5
DA:80,5
DA:81,5
DA:82,5
DA:86,2
DA:87,2
DA:88,2
DA:89,2
DA:90,2
DA:91,2
DA:95,4
DA:96,4
DA:97,4
DA:98,4
DA:99,4
DA:100,4
DA:104,2
DA:105,2
DA:106,2
DA:107,2
DA:108,2
DA:109,2
DA:110,1
DA:112,1
DA:116,2
DA:117,2
DA:121,0
DA:132,7
DA:134,7
DA:138,4
DA:144,7
DA:146,5
DA:147,5
DA:149,0
DA:150,0
DA:152,2
DA:153,2
DA:155,0
DA:156,0
DA:158,0
DA:159,0
DA:161,0
DA:162,0
DA:164,0
DA:165,0
DA:167,0
DA:169,0
DA:172,7
DA:180,1
DA:204,6
DA:206,18
DA:207,18
DA:208,12
DA:210,18
DA:213,18
DA:216,6
DA:218,6
DA:219,2
DA:222,4
DA:223,4
DA:224,4
DA:229,12
DA:230,12
DA:231,4
DA:235,2
DA:241,8
DA:245,6
DA:252,4
DA:255,1
LF:93
LH:80
BRDA:20,0,0,5
BRDA:20,0,1,3
BRDA:20,1,0,8
BRDA:20,1,1,8
BRDA:20,1,2,8
BRDA:26,2,0,4
BRDA:26,2,1,1
BRDA:37,3,0,0
BRDA:37,3,1,9
BRDA:52,4,0,0
BRDA:52,4,1,12
BRDA:53,5,0,12
BRDA:53,5,1,4
BRDA:67,6,0,0
BRDA:67,6,1,42
BRDA:69,7,0,26
BRDA:69,7,1,1
BRDA:69,7,2,5
BRDA:69,7,3,2
BRDA:69,7,4,4
BRDA:69,7,5,2
BRDA:69,7,6,2
BRDA:69,7,7,0
BRDA:77,8,0,0
BRDA:77,8,1,5
BRDA:80,9,0,0
BRDA:80,9,1,5
BRDA:81,10,0,0
BRDA:81,10,1,5
BRDA:86,11,0,0
BRDA:86,11,1,2
BRDA:89,12,0,0
BRDA:89,12,1,2
BRDA:90,13,0,0
BRDA:90,13,1,2
BRDA:95,14,0,0
BRDA:95,14,1,4
BRDA:98,15,0,0
BRDA:98,15,1,4
BRDA:99,16,0,0
BRDA:99,16,1,4
BRDA:104,17,0,0
BRDA:104,17,1,2
BRDA:107,18,0,0
BRDA:107,18,1,2
BRDA:108,19,0,0
BRDA:108,19,1,2
BRDA:109,20,0,1
BRDA:109,20,1,1
BRDA:116,21,0,0
BRDA:116,21,1,2
BRDA:132,22,0,0
BRDA:132,22,1,7
BRDA:144,23,0,5
BRDA:144,23,1,0
BRDA:144,23,2,2
BRDA:144,23,3,0
BRDA:144,23,4,0
BRDA:144,23,5,0
BRDA:144,23,6,0
BRDA:144,23,7,0
BRDA:164,24,0,0
BRDA:164,24,1,0
BRDA:165,25,0,0
BRDA:165,25,1,0
BRDA:206,26,0,0
BRDA:206,26,1,18
BRDA:210,27,0,18
BRDA:210,27,1,0
BRDA:210,28,0,18
BRDA:210,28,1,6
BRDA:210,28,2,6
BRDA:210,28,3,0
BRDA:210,28,4,0
BRDA:210,28,5,0
BRDA:210,28,6,0
BRDA:218,29,0,2
BRDA:218,29,1,4
BRDA:225,30,0,4
BRDA:225,30,1,0
BRDA:229,31,0,0
BRDA:229,31,1,12
BRDA:230,32,0,4
BRDA:230,32,1,8
BRF:84
BRH:48
end_of_record
TN:
SF:utils/ast-parser.js
FN:30,_resetIdCounter
FN:41,createNode
FN:59,tokenize
FN:65,advance
FN:72,peekCh
FN:148,Parser
FN:154,(anonymous_6)
FN:160,(anonymous_7)
FN:164,(anonymous_8)
FN:179,(anonymous_9)
FN:192,(anonymous_10)
FN:216,(anonymous_11)
FN:227,(anonymous_12)
FN:251,(anonymous_13)
FN:296,parseExpression
FNF:15
FNH:15
FNDA:53,_resetIdCounter
FNDA:130,createNode
FNDA:33,tokenize
FNDA:253,advance
FNDA:369,peekCh
FNDA:25,Parser
FNDA:171,(anonymous_6)
FNDA:92,(anonymous_7)
FNDA:6,(anonymous_8)
FNDA:31,(anonymous_9)
FNDA:48,(anonymous_10)
FNDA:49,(anonymous_11)
FNDA:58,(anonymous_12)
FNDA:59,(anonymous_13)
FNDA:28,parseExpression
DA:27,3
DA:31,53
DA:42,130
DA:43,130
DA:60,33
DA:61,33
DA:62,33
DA:63,33
DA:66,253
DA:67,253
DA:68,253
DA:69,253
DA:73,369
DA:76,33
DA:77,250
DA:80,250
DA:81,13
DA:82,13
DA:86,237
DA:87,124
DA:88,124
DA:89,124
DA:90,128
DA:92,124
DA:93,124
DA:97,113
DA:98,4
DA:99,4
DA:100,4
DA:101,4
DA:103,4
DA:104,4
DA:107,109
DA:109,77
DA:110,77
DA:111,77
DA:113,5
DA:114,5
DA:115,5
DA:117,9
DA:118,9
DA:119,9
DA:121,4
DA:122,4
DA:123,4
DA:125,7
DA:126,7
DA:127,7
DA:129,6
DA:130,6
DA:131,6
DA:133,0
DA:134,0
DA:135,0
DA:137,1
DA:141,32
DA:149,25
DA:150,25
DA:151,25
DA:154,3
DA:155,171
DA:160,3
DA:161,92
DA:164,3
DA:165,6
DA:166,6
DA:167,1
DA:170,1
DA:172,5
DA:179,3
DA:180,31
DA:181,31
DA:182,31
DA:183,30
DA:184,30
DA:192,3
DA:193,48
DA:195,48
DA:196,18
DA:197,18
DA:198,18
DA:199,18
DA:200,18
DA:201,18
DA:202,18
DA:203,18
DA:205,18
DA:209,30
DA:216,3
DA:217,49
DA:218,49
DA:219,48
DA:227,3
DA:228,58
DA:230,58
DA:231,10
DA:232,10
DA:233,10
DA:234,10
DA:235,10
DA:236,10
DA:237,10
DA:238,10
DA:240,10
DA:244,48
DA:251,3
DA:252,59
DA:254,59
DA:255,51
DA:256,51
DA:257,51
DA:258,51
DA:259,51
DA:260,51
DA:261,51
DA:262,51
DA:265,8
DA:266,2
DA:267,2
DA:268,2
DA:269,2
DA:270,2
DA:271,2
DA:272,2
DA:273,2
DA:276,6
DA:277,6
DA:278,6
DA:279,6
DA:280,6
DA:281,5
DA:282,5
DA:283,5
DA:284,5
DA:285,5
DA:288,0
DA:297,28
DA:298,2
DA:301,26
DA:303,26
DA:304,1
DA:307,25
DA:308,25
DA:311,24
DA:312,0
DA:315,24
DA:318,3
LF:147
LH:142
BRDA:46,0,0,130
BRDA:46,0,1,0
BRDA:47,1,0,130
BRDA:47,1,1,82
BRDA:68,2,0,0
BRDA:68,2,1,253
BRDA:73,3,0,369
BRDA:73,3,1,0
BRDA:80,4,0,13
BRDA:80,4,1,237
BRDA:80,5,0,250
BRDA:80,5,1,237
BRDA:80,5,2,237
BRDA:80,5,3,237
BRDA:86,6,0,124
BRDA:86,6,1,113
BRDA:86,7,0,237
BRDA:86,7,1,129
BRDA:89,8,0,252
BRDA:89,8,1,225
BRDA:89,8,2,128
BRDA:97,9,0,4
BRDA:97,9,1,109
BRDA:97,10,0,113
BRDA:97,10,1,4
BRDA:97,10,2,109
BRDA:97,10,3,1
BRDA:97,10,4,109
BRDA:100,11,0,8
BRDA:100,11,1,6
BRDA:100,11,2,4
BRDA:100,11,3,2
BRDA:100,11,4,0
BRDA:100,11,5,2
BRDA:100,11,6,0
BRDA:100,11,7,2
BRDA:107,12,0,77
BRDA:107,12,1,5
BRDA:107,12,2,9
BRDA:107,12,3,4
BRDA:107,12,4,7
BRDA:107,12,5,6
BRDA:107,12,6,0
BRDA:107,12,7,1
BRDA:155,13,0,120
BRDA:155,13,1,51
BRDA:166,14,0,1
BRDA:166,14,1,5
BRDA:167,15,0,1
BRDA:167,15,1,0
BRDA:195,16,0,18
BRDA:195,16,1,30
BRDA:195,17,0,48
BRDA:195,17,1,34
BRDA:197,18,0,14
BRDA:197,18,1,4
BRDA:230,19,0,10
BRDA:230,19,1,48
BRDA:230,20,0,58
BRDA:230,20,1,51
BRDA:232,21,0,7
BRDA:232,21,1,3
BRDA:254,22,0,51
BRDA:254,22,1,8
BRDA:265,23,0,2
BRDA:265,23,1,6
BRDA:276,24,0,6
BRDA:276,24,1,0
BRDA:297,25,0,2
BRDA:297,25,1,26
BRDA:297,26,0,28
BRDA:297,26,1,27
BRDA:303,27,0,1
BRDA:303,27,1,25
BRDA:311,28,0,0
BRDA:311,28,1,24
BRF:76
BRH:67
end_of_record
TN:
SF:utils/bankers.js
FN:7,calculateNeed
FN:22,(anonymous_1)
FN:23,(anonymous_2)
FN:36,isSafeState
FN:102,(anonymous_4)
FNF:5
FNH:5
FNDA:10,calculateNeed
FNDA:20,(anonymous_1)
FNDA:56,(anonymous_2)
FNDA:7,isSafeState
FNDA:12,(anonymous_4)
DA:8,10
DA:9,1
DA:11,9
DA:12,21
DA:13,0
DA:15,21
DA:16,57
DA:17,1
DA:22,8
DA:23,20
DA:24,56
DA:37,7
DA:38,1
DA:40,6
DA:41,15
DA:42,0
DA:44,15
DA:45,0
DA:49,6
DA:50,6
DA:51,1
DA:54,5
DA:55,5
DA:56,5
DA:57,5
DA:58,5
DA:59,5
DA:61,5
DA:62,11
DA:63,11
DA:64,35
DA:66,19
DA:67,19
DA:68,43
DA:69,9
DA:70,9
DA:74,19
DA:82,19
DA:84,10
DA:85,10
DA:86,33
DA:89,10
DA:90,10
DA:92,10
DA:93,10
DA:94,10
DA:95,10
DA:97,9
DA:102,12
DA:104,5
DA:111,1
LF:51
LH:48
BRDA:8,0,0,1
BRDA:8,0,1,9
BRDA:12,1,0,0
BRDA:12,1,1,21
BRDA:16,2,0,1
BRDA:16,2,1,56
BRDA:37,3,0,1
BRDA:37,3,1,6
BRDA:41,4,0,0
BRDA:41,4,1,15
BRDA:44,5,0,0
BRDA:44,5,1,15
BRDA:50,6,0,1
BRDA:50,6,1,5
BRDA:64,7,0,16
BRDA:64,7,1,19
BRDA:68,8,0,9
BRDA:68,8,1,34
BRDA:82,9,0,10
BRDA:82,9,1,9
BRF:20
BRH:17
end_of_record
TN:
SF:utils/bplus-node.js
FN:12,createLeafNode
FN:18,(anonymous_1)
FN:24,createInternalNode
FN:37,isLeaf
FN:41,isInternal
FN:45,leafCount
FN:61,buildLayout
FN:69,collectLeavesInOrder
FN:83,(anonymous_8)
FN:89,assignInternalX
FN:105,collect
FN:115,(anonymous_11)
FN:117,(anonymous_12)
FN:118,(anonymous_13)
FN:119,(anonymous_14)
FN:132,buildEdges
FN:134,(anonymous_16)
FN:134,(anonymous_17)
FN:136,(anonymous_18)
FN:139,(anonymous_19)
FN:139,(anonymous_20)
FN:141,(anonymous_21)
FN:167,depthOf
FN:171,_depthOf
FNF:24
FNH:24
FNDA:115,createLeafNode
FNDA:81,(anonymous_1)
FNDA:34,createInternalNode
FNDA:239,isLeaf
FNDA:80,isInternal
FNDA:5,leafCount
FNDA:5,buildLayout
FNDA:17,collectLeavesInOrder
FNDA:11,(anonymous_8)
FNDA:17,assignInternalX
FNDA:17,collect
FNDA:4,(anonymous_11)
FNDA:8,(anonymous_12)
FNDA:12,(anonymous_13)
FNDA:17,(anonymous_14)
FNDA:17,buildEdges
FNDA:9,(anonymous_16)
FNDA:12,(anonymous_17)
FNDA:9,(anonymous_18)
FNDA:32,(anonymous_19)
FNDA:64,(anonymous_20)
FNDA:33,(anonymous_21)
FNDA:11,depthOf
FNDA:50,_depthOf
DA:9,3
DA:10,3
DA:13,115
DA:14,115
DA:15,115
DA:16,115
DA:18,81
DA:25,34
DA:26,34
DA:27,34
DA:28,2
DA:30,32
DA:38,239
DA:42,80
DA:46,5
DA:47,5
DA:48,1
DA:49,1
DA:50,3
DA:52,1
DA:62,5
DA:64,4
DA:65,4
DA:66,4
DA:70,17
DA:71,11
DA:72,11
DA:74,6
DA:75,6
DA:76,13
DA:80,4
DA:83,4
DA:84,11
DA:85,11
DA:90,17
DA:91,6
DA:92,13
DA:94,6
DA:95,6
DA:96,13
DA:98,6
DA:99,6
DA:101,4
DA:104,4
DA:106,17
DA:107,17
DA:108,17
DA:109,17
DA:110,13
DA:113,4
DA:115,4
DA:116,4
DA:117,4
DA:118,12
DA:119,8
DA:120,17
DA:128,8
DA:133,17
DA:134,12
DA:135,6
DA:136,9
DA:137,6
DA:138,13
DA:139,64
DA:140,13
DA:141,33
DA:142,13
DA:146,13
DA:149,4
DA:152,4
DA:153,4
DA:154,8
DA:155,17
DA:156,17
DA:157,17
DA:159,8
DA:161,4
DA:162,4
DA:164,4
DA:168,11
DA:172,50
DA:173,39
DA:174,22
DA:175,39
DA:176,39
DA:179,23
DA:182,3
LF:87
LH:87
BRDA:13,0,0,115
BRDA:13,0,1,5
BRDA:14,1,0,91
BRDA:14,1,1,24
BRDA:15,2,0,91
BRDA:15,2,1,24
BRDA:25,3,0,34
BRDA:25,3,1,0
BRDA:26,4,0,34
BRDA:26,4,1,0
BRDA:27,5,0,2
BRDA:27,5,1,32
BRDA:38,6,0,239
BRDA:38,6,1,239
BRDA:38,6,2,239
BRDA:42,7,0,80
BRDA:42,7,1,80
BRDA:42,7,2,80
BRDA:46,8,0,0
BRDA:46,8,1,5
BRDA:47,9,0,4
BRDA:47,9,1,1
BRDA:62,10,0,1
BRDA:62,10,1,4
BRDA:70,11,0,11
BRDA:70,11,1,6
BRDA:74,12,0,6
BRDA:74,12,1,0
BRDA:90,13,0,11
BRDA:90,13,1,6
BRDA:106,14,0,0
BRDA:106,14,1,17
BRDA:107,15,0,8
BRDA:107,15,1,9
BRDA:109,16,0,6
BRDA:109,16,1,11
BRDA:133,17,0,11
BRDA:133,17,1,6
BRDA:135,18,0,0
BRDA:135,18,1,6
BRDA:140,19,0,0
BRDA:140,19,1,13
BRDA:156,20,0,8
BRDA:156,20,1,9
BRDA:157,21,0,8
BRDA:157,21,1,9
BRDA:159,22,0,8
BRDA:159,22,1,0
BRDA:161,23,0,4
BRDA:161,23,1,0
BRDA:162,24,0,4
BRDA:162,24,1,0
BRDA:172,25,0,11
BRDA:172,25,1,39
BRDA:173,26,0,22
BRDA:173,26,1,17
BRDA:176,27,0,16
BRDA:176,27,1,23
BRF:58
BRH:48
end_of_record
TN:
SF:utils/bplus-split.js
FN:14,MAX_KEYS
FN:18,MIN_KEYS
FN:29,splitLeaf
FN:37,(anonymous_3)
FN:55,splitInternal
FNF:5
FNH:5
FNDA:144,MAX_KEYS
FNDA:3,MIN_KEYS
FNDA:20,splitLeaf
FNDA:85,(anonymous_3)
FNDA:4,splitInternal
DA:12,2
DA:15,144
DA:19,3
DA:30,20
DA:31,0
DA:33,20
DA:34,0
DA:36,20
DA:37,85
DA:38,20
DA:39,20
DA:40,20
DA:42,20
DA:43,20
DA:45,20
DA:56,4
DA:57,0
DA:59,4
DA:60,0
DA:62,4
DA:63,4
DA:64,4
DA:65,4
DA:66,4
DA:67,4
DA:69,4
DA:70,4
DA:72,4
DA:75,2
LF:29
LH:25
BRDA:30,0,0,0
BRDA:30,0,1,20
BRDA:33,1,0,0
BRDA:33,1,1,20
BRDA:56,2,0,0
BRDA:56,2,1,4
BRDA:59,3,0,0
BRDA:59,3,1,4
BRF:8
BRH:4
end_of_record
TN:
SF:utils/bplus-tree.js
FN:20,BPlusTree
FN:33,(anonymous_1)
FN:58,(anonymous_2)
FN:93,(anonymous_3)
FN:106,(anonymous_4)
FN:118,(anonymous_5)
FN:150,(anonymous_6)
FN:163,(anonymous_7)
FN:174,(anonymous_8)
FN:201,(anonymous_9)
FN:251,(anonymous_10)
FNF:11
FNH:11
FNDA:26,BPlusTree
FNDA:137,(anonymous_1)
FNDA:154,(anonymous_2)
FNDA:137,(anonymous_3)
FNDA:795,(anonymous_4)
FNDA:15,(anonymous_5)
FNDA:29,(anonymous_6)
FNDA:9,(anonymous_7)
FNDA:15,(anonymous_8)
FNDA:9,(anonymous_9)
FNDA:14,(anonymous_10)
DA:17,1
DA:18,1
DA:21,26
DA:22,2
DA:24,24
DA:25,24
DA:33,1
DA:34,137
DA:35,137
DA:36,137
DA:38,10
DA:42,10
DA:43,10
DA:50,137
DA:51,137
DA:58,1
DA:59,154
DA:60,137
DA:63,17
DA:64,17
DA:70,17
DA:71,17
DA:74,5
DA:75,5
DA:76,5
DA:77,5
DA:86,5
DA:87,0
DA:90,17
DA:93,1
DA:95,137
DA:96,137
DA:97,1
DA:98,1
DA:103,1
DA:105,136
DA:106,795
DA:107,136
DA:112,136
DA:113,15
DA:115,121
DA:118,1
DA:119,15
DA:120,15
DA:122,15
DA:123,15
DA:124,15
DA:125,15
DA:126,15
DA:127,15
DA:128,15
DA:137,15
DA:139,0
DA:140,0
DA:147,0
DA:150,1
DA:152,29
DA:153,37
DA:155,20
DA:163,1
DA:164,9
DA:165,9
DA:166,9
DA:171,9
DA:174,1
DA:175,15
DA:176,9
DA:181,9
DA:182,9
DA:183,4
DA:185,6
DA:186,6
DA:192,6
DA:201,1
DA:202,9
DA:203,1
DA:205,8
DA:206,8
DA:207,8
DA:213,8
DA:214,8
DA:215,8
DA:216,8
DA:217,8
DA:218,16
DA:219,16
DA:220,16
DA:221,16
DA:222,32
DA:223,19
DA:224,19
DA:226,32
DA:227,4
DA:233,4
DA:236,12
DA:245,12
DA:247,4
DA:248,4
DA:251,1
DA:252,14
DA:253,6
DA:254,6
DA:257,1
LF:103
LH:99
BRDA:21,0,0,2
BRDA:21,0,1,24
BRDA:21,1,0,26
BRDA:21,1,1,26
BRDA:36,2,0,10
BRDA:36,2,1,127
BRDA:59,3,0,137
BRDA:59,3,1,17
BRDA:71,4,0,5
BRDA:71,4,1,12
BRDA:86,5,0,0
BRDA:86,5,1,5
BRDA:96,6,0,1
BRDA:96,6,1,136
BRDA:112,7,0,15
BRDA:112,7,1,121
BRDA:119,8,0,15
BRDA:119,8,1,0
BRDA:126,9,0,5
BRDA:126,9,1,10
BRDA:127,10,0,0
BRDA:127,10,1,15
BRDA:153,11,0,9
BRDA:153,11,1,28
BRDA:167,12,0,4
BRDA:167,12,1,5
BRDA:169,13,0,4
BRDA:169,13,1,5
BRDA:175,14,0,9
BRDA:175,14,1,6
BRDA:182,15,0,5
BRDA:182,15,1,4
BRDA:202,16,0,1
BRDA:202,16,1,8
BRDA:222,17,0,19
BRDA:222,17,1,13
BRDA:222,18,0,32
BRDA:222,18,1,23
BRDA:226,19,0,4
BRDA:226,19,1,28
BRDA:240,20,0,8
BRDA:240,20,1,4
BRDA:241,21,0,8
BRDA:241,21,1,4
BRDA:252,22,0,8
BRDA:252,22,1,6
BRF:46
BRH:43
end_of_record
TN:
SF:utils/bst.js
FN:15,createNode
FN:24,cloneTree
FN:36,inOrderValues
FN:44,findMin
FN:60,insertNode
FN:72,_insert
FN:106,searchNode
FN:112,_search
FN:159,deleteNode
FN:175,_delete
FN:254,traverseTree
FN:275,_preOrder
FN:287,_inOrder
FN:299,_postOrder
FN:311,_levelOrder
FN:334,treeHeight
FN:348,layoutTree
FN:402,_layoutNodes
FNF:18
FNH:18
FNDA:136,createNode
FNDA:61,cloneTree
FNDA:64,inOrderValues
FNDA:2,findMin
FNDA:135,insertNode
FNDA:275,_insert
FNDA:6,searchNode
FNDA:16,_search
FNDA:7,deleteNode
FNDA:17,_delete
FNDA:7,traverseTree
FNDA:22,_preOrder
FNDA:11,_inOrder
FNDA:11,_postOrder
FNDA:2,_levelOrder
FNDA:26,treeHeight
FNDA:6,layoutTree
FNDA:27,_layoutNodes
DA:16,136
DA:25,61
DA:26,25
DA:37,64
DA:38,28
DA:45,2
DA:46,2
DA:47,1
DA:49,2
DA:61,135
DA:62,135
DA:63,135
DA:69,135
DA:73,275
DA:74,135
DA:80,135
DA:83,140
DA:91,140
DA:92,80
DA:94,60
DA:107,6
DA:108,6
DA:109,6
DA:113,16
DA:114,2
DA:120,2
DA:123,14
DA:125,14
DA:126,4
DA:133,4
DA:136,10
DA:144,10
DA:145,7
DA:147,3
DA:160,7
DA:161,7
DA:163,7
DA:164,6
DA:172,7
DA:176,17
DA:177,1
DA:183,1
DA:186,16
DA:188,16
DA:189,6
DA:196,6
DA:197,10
DA:198,2
DA:205,2
DA:208,8
DA:210,5
DA:217,5
DA:218,3
DA:220,1
DA:221,1
DA:228,1
DA:231,2
DA:232,2
DA:240,2
DA:241,2
DA:255,7
DA:256,7
DA:257,1
DA:258,1
DA:261,6
DA:262,2
DA:263,4
DA:264,1
DA:265,3
DA:266,1
DA:267,2
DA:268,2
DA:271,6
DA:272,6
DA:276,22
DA:277,10
DA:283,10
DA:284,10
DA:288,11
DA:289,5
DA:290,5
DA:296,5
DA:300,11
DA:301,5
DA:302,5
DA:303,5
DA:312,2
DA:313,2
DA:314,10
DA:315,10
DA:316,10
DA:322,10
DA:323,10
DA:335,26
DA:336,11
DA:349,6
DA:350,6
DA:351,6
DA:353,5
DA:354,5
DA:355,5
DA:356,5
DA:358,5
DA:361,5
DA:362,5
DA:363,11
DA:364,11
DA:365,11
DA:366,11
DA:369,5
DA:370,11
DA:371,11
DA:372,3
DA:373,3
DA:374,3
DA:379,3
DA:383,11
DA:384,3
DA:385,9
DA:386,3
DA:391,3
DA:397,5
DA:398,5
DA:399,5
DA:403,27
DA:404,11
DA:405,11
DA:406,11
DA:407,11
DA:408,11
DA:409,11
DA:417,11
DA:422,1
LF:133
LH:133
BRDA:25,0,0,36
BRDA:25,0,1,25
BRDA:37,1,0,36
BRDA:37,1,1,28
BRDA:46,2,0,3
BRDA:46,2,1,3
BRDA:73,3,0,135
BRDA:73,3,1,140
BRDA:88,4,0,80
BRDA:88,4,1,60
BRDA:88,5,0,80
BRDA:88,5,1,60
BRDA:91,6,0,80
BRDA:91,6,1,60
BRDA:113,7,0,2
BRDA:113,7,1,14
BRDA:125,8,0,4
BRDA:125,8,1,10
BRDA:141,9,0,7
BRDA:141,9,1,3
BRDA:141,10,0,7
BRDA:141,10,1,3
BRDA:144,11,0,7
BRDA:144,11,1,3
BRDA:163,12,0,6
BRDA:163,12,1,1
BRDA:163,13,0,7
BRDA:163,13,1,7
BRDA:176,14,0,1
BRDA:176,14,1,16
BRDA:188,15,0,6
BRDA:188,15,1,10
BRDA:197,16,0,2
BRDA:197,16,1,8
BRDA:208,17,0,5
BRDA:208,17,1,3
BRDA:208,18,0,8
BRDA:208,18,1,5
BRDA:218,19,0,1
BRDA:218,19,1,2
BRDA:218,20,0,3
BRDA:218,20,1,3
BRDA:220,21,0,1
BRDA:220,21,1,0
BRDA:256,22,0,1
BRDA:256,22,1,6
BRDA:261,23,0,2
BRDA:261,23,1,4
BRDA:263,24,0,1
BRDA:263,24,1,3
BRDA:265,25,0,1
BRDA:265,25,1,2
BRDA:267,26,0,2
BRDA:267,26,1,0
BRDA:276,27,0,12
BRDA:276,27,1,10
BRDA:288,28,0,6
BRDA:288,28,1,5
BRDA:300,29,0,6
BRDA:300,29,1,5
BRDA:322,30,0,4
BRDA:322,30,1,6
BRDA:323,31,0,4
BRDA:323,31,1,6
BRDA:335,32,0,15
BRDA:335,32,1,11
BRDA:351,33,0,1
BRDA:351,33,1,5
BRDA:363,34,0,5
BRDA:363,34,1,6
BRDA:364,35,0,11
BRDA:364,35,1,0
BRDA:365,36,0,8
BRDA:365,36,1,3
BRDA:366,37,0,5
BRDA:366,37,1,6
BRDA:371,38,0,3
BRDA:371,38,1,8
BRDA:373,39,0,3
BRDA:373,39,1,0
BRDA:383,40,0,3
BRDA:383,40,1,8
BRDA:385,41,0,3
BRDA:385,41,1,6
BRDA:397,42,0,5
BRDA:397,42,1,0
BRDA:398,43,0,5
BRDA:398,43,1,0
BRDA:403,44,0,16
BRDA:403,44,1,11
BRDA:407,45,0,6
BRDA:407,45,1,5
BRDA:414,46,0,3
BRDA:414,46,1,8
BRDA:415,47,0,3
BRDA:415,47,1,8
BRF:96
BRH:90
end_of_record
TN:
SF:utils/cipher-caesar.js
FN:17,_shiftChar
FN:27,caesarEncrypt
FN:49,caesarDecrypt
FN:58,caesarBruteForce
FNF:4
FNH:4
FNDA:349,_shiftChar
FNDA:59,caesarEncrypt
FNDA:52,caesarDecrypt
FNDA:2,caesarBruteForce
DA:6,1
DA:7,1
DA:8,1
DA:9,1
DA:18,349
DA:28,59
DA:29,59
DA:30,368
DA:31,368
DA:32,368
DA:33,345
DA:34,23
DA:35,4
DA:37,19
DA:40,59
DA:50,52
DA:59,2
DA:60,2
DA:61,50
DA:66,2
DA:69,1
LF:21
LH:21
BRDA:32,0,0,345
BRDA:32,0,1,23
BRDA:32,1,0,368
BRDA:32,1,1,349
BRDA:34,2,0,4
BRDA:34,2,1,19
BRDA:34,3,0,23
BRDA:34,3,1,4
BRF:8
BRH:8
end_of_record
TN:
SF:utils/cipher-freq.js
FN:50,analyzeFrequency
FN:89,(anonymous_1)
FNF:2
FNH:2
FNDA:6,analyzeFrequency
FNDA:26,(anonymous_1)
DA:11,1
DA:40,1
DA:41,1
DA:42,1
DA:43,1
DA:52,6
DA:53,6
DA:54,156
DA:58,6
DA:59,6
DA:60,69
DA:61,69
DA:62,50
DA:63,50
DA:64,19
DA:65,0
DA:66,0
DA:71,6
DA:72,6
DA:73,156
DA:74,156
DA:75,156
DA:81,6
DA:88,1
DA:89,1
DA:90,26
DA:93,1
LF:27
LH:25
BRDA:61,0,0,50
BRDA:61,0,1,19
BRDA:61,1,0,69
BRDA:61,1,1,50
BRDA:64,2,0,0
BRDA:64,2,1,19
BRDA:64,3,0,19
BRDA:64,3,1,0
BRDA:74,4,0,104
BRDA:74,4,1,52
BRF:10
BRH:8
end_of_record
TN:
SF:utils/cipher-railfence.js
FN:12,railFenceEncrypt
FN:47,railFenceDecrypt
FN:101,railFenceBruteForce
FN:118,railFenceStructure
FNF:4
FNH:4
FNDA:10,railFenceEncrypt
FNDA:43,railFenceDecrypt
FNDA:2,railFenceBruteForce
FNDA:1,railFenceStructure
DA:13,10
DA:16,8
DA:17,8
DA:18,26
DA:21,8
DA:22,8
DA:24,8
DA:25,118
DA:26,118
DA:27,85
DA:28,118
DA:32,8
DA:33,8
DA:34,26
DA:35,118
DA:38,8
DA:48,43
DA:51,43
DA:52,43
DA:53,435
DA:56,43
DA:57,43
DA:58,43
DA:59,1045
DA:60,1045
DA:61,912
DA:62,1045
DA:66,43
DA:67,43
DA:68,43
DA:69,435
DA:70,435
DA:71,1045
DA:72,1045
DA:77,43
DA:78,43
DA:79,43
DA:80,43
DA:81,43
DA:82,435
DA:85,43
DA:86,1045
DA:87,1045
DA:88,1045
DA:89,912
DA:90,1045
DA:93,43
DA:102,2
DA:103,2
DA:104,38
DA:109,2
DA:119,1
DA:120,0
DA:121,0
DA:122,0
DA:123,0
DA:124,0
DA:127,0
DA:128,0
DA:129,0
DA:133,1
DA:134,1
DA:135,3
DA:136,3
DA:137,15
DA:141,1
DA:142,1
DA:143,1
DA:144,5
DA:145,5
DA:146,3
DA:147,5
DA:151,1
DA:152,1
DA:153,3
DA:154,15
DA:155,5
DA:160,1
DA:163,1
LF:79
LH:71
BRDA:13,0,0,2
BRDA:13,0,1,8
BRDA:13,1,0,10
BRDA:13,1,1,9
BRDA:26,2,0,33
BRDA:26,2,1,85
BRDA:27,3,0,29
BRDA:27,3,1,56
BRDA:48,4,0,0
BRDA:48,4,1,43
BRDA:48,5,0,43
BRDA:48,5,1,43
BRDA:60,6,0,133
BRDA:60,6,1,912
BRDA:61,7,0,111
BRDA:61,7,1,801
BRDA:88,8,0,133
BRDA:88,8,1,912
BRDA:89,9,0,111
BRDA:89,9,1,801
BRDA:119,10,0,0
BRDA:119,10,1,1
BRDA:145,11,0,2
BRDA:145,11,1,3
BRDA:146,12,0,1
BRDA:146,12,1,2
BRDA:154,13,0,5
BRDA:154,13,1,10
BRF:28
BRH:26
end_of_record
TN:
SF:utils/cipher-vigenere.js
FN:16,_filterKey
FN:35,vigenereEncrypt
FN:66,vigenereDecrypt
FN:97,vigenereWithSteps
FNF:4
FNH:4
FNDA:11,_filterKey
FNDA:8,vigenereEncrypt
FNDA:2,vigenereDecrypt
FNDA:1,vigenereWithSteps
DA:6,1
DA:7,1
DA:8,1
DA:9,1
DA:17,11
DA:18,11
DA:19,41
DA:20,41
DA:21,35
DA:22,6
DA:23,3
DA:26,11
DA:36,8
DA:37,8
DA:38,1
DA:40,7
DA:41,7
DA:42,7
DA:43,49
DA:44,49
DA:45,49
DA:46,45
DA:47,45
DA:48,45
DA:49,4
DA:50,0
DA:51,0
DA:52,0
DA:54,4
DA:57,7
DA:67,2
DA:68,2
DA:69,0
DA:71,2
DA:72,2
DA:73,2
DA:74,23
DA:75,23
DA:76,23
DA:77,22
DA:78,22
DA:79,22
DA:80,1
DA:81,0
DA:82,0
DA:83,0
DA:85,1
DA:88,2
DA:98,1
DA:99,1
DA:100,1
DA:101,1
DA:102,1
DA:103,1
DA:104,1
DA:105,12
DA:106,12
DA:107,12
DA:108,12
DA:109,12
DA:110,12
DA:111,12
DA:112,12
DA:113,12
DA:114,12
DA:115,12
DA:116,12
DA:117,12
DA:123,12
DA:125,0
DA:126,0
DA:127,0
DA:128,0
DA:136,1
DA:139,1
LF:75
LH:64
BRDA:20,0,0,35
BRDA:20,0,1,6
BRDA:20,1,0,41
BRDA:20,1,1,38
BRDA:22,2,0,3
BRDA:22,2,1,3
BRDA:22,3,0,6
BRDA:22,3,1,3
BRDA:37,4,0,1
BRDA:37,4,1,7
BRDA:45,5,0,45
BRDA:45,5,1,4
BRDA:45,6,0,49
BRDA:45,6,1,45
BRDA:49,7,0,0
BRDA:49,7,1,4
BRDA:49,8,0,4
BRDA:49,8,1,0
BRDA:68,9,0,0
BRDA:68,9,1,2
BRDA:76,10,0,22
BRDA:76,10,1,1
BRDA:76,11,0,23
BRDA:76,11,1,22
BRDA:80,12,0,0
BRDA:80,12,1,1
BRDA:80,13,0,1
BRDA:80,13,1,0
BRDA:107,14,0,12
BRDA:107,14,1,0
BRDA:107,15,0,12
BRDA:107,15,1,12
BRDA:107,15,2,0
BRDA:107,15,3,0
BRDA:108,16,0,12
BRDA:108,16,1,12
BRDA:109,17,0,12
BRDA:109,17,1,0
BRF:38
BRH:29
end_of_record
TN:
SF:utils/dfa-simulate.js
FN:16,simulateDFA
FN:82,findDfaState
FNF:2
FNH:2
FNDA:14,simulateDFA
FNDA:21,findDfaState
DA:17,14
DA:18,2
DA:20,12
DA:21,1
DA:24,11
DA:25,11
DA:28,11
DA:29,2
DA:30,2
DA:36,9
DA:37,16
DA:40,16
DA:41,3
DA:44,13
DA:45,13
DA:46,0
DA:49,13
DA:50,13
DA:52,0
DA:57,0
DA:63,13
DA:68,13
DA:72,6
DA:73,6
DA:83,21
DA:84,42
DA:86,0
DA:89,1
LF:28
LH:24
BRDA:17,0,0,2
BRDA:17,0,1,12
BRDA:17,1,0,14
BRDA:17,1,1,13
BRDA:20,2,0,1
BRDA:20,2,1,11
BRDA:28,3,0,2
BRDA:28,3,1,9
BRDA:31,4,0,2
BRDA:31,4,1,0
BRDA:40,5,0,3
BRDA:40,5,1,13
BRDA:45,6,0,0
BRDA:45,6,1,13
BRDA:50,7,0,0
BRDA:50,7,1,13
BRDA:74,8,0,6
BRDA:74,8,1,0
BRDA:84,9,0,21
BRDA:84,9,1,21
BRF:20
BRH:16
end_of_record
TN:
SF:utils/dh-core.js
FN:21,modPow
FN:41,_primeFactors
FN:68,isPrimitiveRoot
FN:91,findPrimitiveRoots
FN:114,generateKeypair
FN:149,computeSharedKey
FN:162,bruteForceDiscreteLog
FNF:7
FNH:7
FNDA:1261,modPow
FNDA:23,_primeFactors
FNDA:25,isPrimitiveRoot
FNDA:3,findPrimitiveRoots
FNDA:18,generateKeypair
FNDA:16,computeSharedKey
FNDA:3,bruteForceDiscreteLog
DA:22,1261
DA:23,1261
DA:24,1261
DA:25,1261
DA:26,1261
DA:27,10625
DA:28,5845
DA:30,10625
DA:31,10625
DA:33,1261
DA:42,23
DA:43,23
DA:44,23
DA:45,23
DA:46,23
DA:47,23
DA:48,23
DA:49,41
DA:52,23
DA:54,23
DA:55,20
DA:57,23
DA:69,25
DA:70,23
DA:72,23
DA:73,23
DA:74,35
DA:75,35
DA:76,35
DA:77,12
DA:80,11
DA:84,1
DA:92,3
DA:93,0
DA:95,3
DA:96,3
DA:97,19
DA:98,8
DA:101,3
DA:102,3
DA:115,18
DA:116,0
DA:118,18
DA:119,0
DA:123,18
DA:124,17
DA:125,2
DA:127,15
DA:128,1
DA:130,14
DA:133,1
DA:136,15
DA:137,15
DA:150,16
DA:163,3
DA:164,3
DA:166,3
DA:167,1194
DA:168,1194
DA:169,1194
DA:170,2
DA:174,1
DA:177,1
LF:63
LH:60
BRDA:22,0,0,0
BRDA:22,0,1,1261
BRDA:27,1,0,5845
BRDA:27,1,1,4780
BRDA:46,2,0,23
BRDA:46,2,1,0
BRDA:52,3,0,23
BRDA:52,3,1,0
BRDA:54,4,0,20
BRDA:54,4,1,3
BRDA:69,5,0,2
BRDA:69,5,1,23
BRDA:69,6,0,25
BRDA:69,6,1,24
BRDA:70,7,0,0
BRDA:70,7,1,23
BRDA:76,8,0,12
BRDA:76,8,1,23
BRDA:92,9,0,0
BRDA:92,9,1,3
BRDA:97,10,0,8
BRDA:97,10,1,11
BRDA:115,11,0,0
BRDA:115,11,1,18
BRDA:118,12,0,0
BRDA:118,12,1,18
BRDA:118,13,0,18
BRDA:118,13,1,18
BRDA:123,14,0,17
BRDA:123,14,1,1
BRDA:124,15,0,2
BRDA:124,15,1,15
BRDA:127,16,0,1
BRDA:127,16,1,14
BRDA:169,17,0,2
BRDA:169,17,1,1192
BRF:36
BRH:29
end_of_record
TN:
SF:utils/dh-mitm.js
FN:29,generateMitmScenario
FNF:1
FNH:1
FNDA:3,generateMitmScenario
DA:12,1
DA:31,3
DA:32,3
DA:33,3
DA:40,3
DA:41,3
DA:44,3
DA:47,3
DA:50,3
DA:157,3
DA:183,1
LF:11
LH:11
BRF:0
BRH:0
end_of_record
TN:
SF:utils/disk-scheduling.js
FN:22,scan
FN:27,(anonymous_1)
FN:28,(anonymous_2)
FN:29,(anonymous_3)
FN:36,moveTo
FN:55,(anonymous_5)
FN:63,cScan
FN:68,(anonymous_7)
FN:69,(anonymous_8)
FN:70,(anonymous_9)
FN:76,moveTo
FN:95,(anonymous_11)
FN:103,look
FN:108,(anonymous_13)
FN:109,(anonymous_14)
FN:110,(anonymous_15)
FN:116,moveTo
FN:131,(anonymous_17)
FN:139,cLook
FN:144,(anonymous_19)
FN:145,(anonymous_20)
FN:146,(anonymous_21)
FN:152,moveTo
FN:173,(anonymous_23)
FN:187,compareAlgorithms
FNF:25
FNH:25
FNDA:8,scan
FNDA:20,(anonymous_1)
FNDA:21,(anonymous_2)
FNDA:21,(anonymous_3)
FNDA:27,moveTo
FNDA:27,(anonymous_5)
FNDA:5,cScan
FNDA:19,(anonymous_7)
FNDA:17,(anonymous_8)
FNDA:17,(anonymous_9)
FNDA:24,moveTo
FNDA:24,(anonymous_11)
FNDA:8,look
FNDA:20,(anonymous_13)
FNDA:21,(anonymous_14)
FNDA:21,(anonymous_15)
FNDA:20,moveTo
FNDA:20,(anonymous_17)
FNDA:6,cLook
FNDA:19,(anonymous_19)
FNDA:18,(anonymous_20)
FNDA:18,(anonymous_21)
FNDA:17,moveTo
FNDA:17,(anonymous_23)
FNDA:3,compareAlgorithms
DA:23,8
DA:24,1
DA:27,20
DA:28,21
DA:29,21
DA:31,7
DA:32,7
DA:33,7
DA:37,27
DA:38,27
DA:39,27
DA:40,27
DA:43,7
DA:45,9
DA:46,6
DA:47,6
DA:50,2
DA:51,1
DA:52,3
DA:55,27
DA:56,7
DA:64,5
DA:65,1
DA:68,19
DA:69,17
DA:70,17
DA:72,4
DA:73,4
DA:74,4
DA:77,24
DA:78,24
DA:79,24
DA:80,24
DA:83,4
DA:84,7
DA:85,3
DA:86,3
DA:87,4
DA:89,2
DA:90,1
DA:91,1
DA:92,3
DA:95,24
DA:96,4
DA:104,8
DA:105,1
DA:108,20
DA:109,21
DA:110,21
DA:112,7
DA:113,7
DA:114,7
DA:117,20
DA:118,20
DA:119,20
DA:120,20
DA:123,7
DA:124,9
DA:125,6
DA:127,2
DA:128,3
DA:131,20
DA:132,7
DA:140,6
DA:141,1
DA:144,19
DA:145,18
DA:146,18
DA:148,5
DA:149,5
DA:150,5
DA:153,17
DA:154,17
DA:155,17
DA:156,17
DA:159,5
DA:160,7
DA:161,4
DA:162,3
DA:163,3
DA:166,2
DA:167,1
DA:168,1
DA:169,2
DA:173,17
DA:174,5
DA:177,1
DA:188,3
DA:189,3
DA:190,3
DA:191,6
DA:192,6
DA:193,6
DA:194,6
DA:197,3
DA:200,1
LF:96
LH:96
BRDA:23,0,0,1
BRDA:23,0,1,7
BRDA:23,1,0,8
BRDA:23,1,1,8
BRDA:43,2,0,6
BRDA:43,2,1,1
BRDA:64,3,0,1
BRDA:64,3,1,4
BRDA:64,4,0,5
BRDA:64,4,1,5
BRDA:83,5,0,3
BRDA:83,5,1,1
BRDA:104,6,0,1
BRDA:104,6,1,7
BRDA:104,7,0,8
BRDA:104,7,1,8
BRDA:123,8,0,6
BRDA:123,8,1,1
BRDA:140,9,0,1
BRDA:140,9,1,5
BRDA:140,10,0,6
BRDA:140,10,1,6
BRDA:159,11,0,4
BRDA:159,11,1,1
BRDA:161,12,0,3
BRDA:161,12,1,1
BRDA:167,13,0,1
BRDA:167,13,1,0
BRDA:188,14,0,3
BRDA:188,14,1,3
BRDA:192,15,0,6
BRDA:192,15,1,0
BRF:32
BRH:30
end_of_record
TN:
SF:utils/dns-cache.js
FN:34,(anonymous_0)
FN:51,(anonymous_1)
FN:73,(anonymous_2)
FN:94,(anonymous_3)
FN:104,(anonymous_4)
FN:113,(anonymous_5)
FN:122,(anonymous_6)
FNF:7
FNH:6
FNDA:14,(anonymous_0)
FNDA:19,(anonymous_1)
FNDA:15,(anonymous_2)
FNDA:2,(anonymous_3)
FNDA:1,(anonymous_4)
FNDA:1,(anonymous_5)
FNDA:0,(anonymous_6)
DA:12,2
DA:35,14
DA:36,0
DA:39,14
DA:41,14
DA:52,19
DA:53,19
DA:54,10
DA:55,1
DA:56,1
DA:59,9
DA:60,9
DA:61,9
DA:74,15
DA:75,0
DA:76,15
DA:78,2
DA:79,2
DA:81,15
DA:82,15
DA:95,2
DA:105,1
DA:114,1
DA:123,0
DA:127,2
LF:25
LH:22
BRDA:34,0,0,0
BRDA:35,1,0,0
BRDA:35,1,1,14
BRDA:35,2,0,14
BRDA:35,2,1,14
BRDA:51,3,0,10
BRDA:53,4,0,9
BRDA:53,4,1,10
BRDA:54,5,0,1
BRDA:54,5,1,9
BRDA:73,6,0,10
BRDA:74,7,0,0
BRDA:74,7,1,15
BRDA:76,8,0,2
BRDA:76,8,1,13
BRDA:81,9,0,1
BRDA:81,9,1,14
BRF:17
BRH:14
end_of_record
TN:
SF:utils/dns-data.js
FNF:0
FNH:0
DA:9,2
DA:26,2
DA:36,2
DA:45,2
LF:4
LH:4
BRF:0
BRH:0
end_of_record
TN:
SF:utils/dns-resolver.js
FN:46,validateDomain
FN:68,resolveSteps
FN:129,nextQueryId
FN:140,getTld
FN:153,_makeQueryPayload
FN:172,_makeResponsePayload
FN:191,_buildRootQuerySteps
FN:244,_buildTldQuerySteps
FN:281,_buildAuthQuerySteps
FN:328,buildFirstQuerySteps
FN:362,buildCnameSteps
FN:385,_buildCnameQuerySteps
FN:431,_buildCnameResolutionSteps
FNF:13
FNH:13
FNDA:15,validateDomain
FNDA:7,resolveSteps
FNDA:6,nextQueryId
FNDA:6,getTld
FNDA:15,_makeQueryPayload
FNDA:12,_makeResponsePayload
FNDA:3,_buildRootQuerySteps
FNDA:3,_buildTldQuerySteps
FNDA:3,_buildAuthQuerySteps
FNDA:3,buildFirstQuerySteps
FNDA:1,buildCnameSteps
FNDA:1,_buildCnameQuerySteps
FNDA:1,_buildCnameResolutionSteps
DA:25,1
DA:30,1
DA:38,1
DA:47,15
DA:48,15
DA:69,7
DA:70,1
DA:83,6
DA:84,6
DA:85,2
DA:108,4
DA:109,1
DA:110,1
DA:111,1
DA:112,0
DA:118,1
DA:122,3
DA:128,1
DA:130,6
DA:131,6
DA:141,6
DA:142,6
DA:154,15
DA:173,12
DA:192,3
DA:195,3
DA:204,3
DA:214,3
DA:230,3
DA:245,3
DA:248,3
DA:257,3
DA:265,3
DA:282,3
DA:285,3
DA:294,3
DA:304,3
DA:305,3
DA:314,3
DA:329,3
DA:330,3
DA:331,3
DA:332,3
DA:335,3
DA:338,3
DA:339,3
DA:341,3
DA:342,3
DA:343,3
DA:344,3
DA:345,3
DA:347,3
DA:363,1
DA:364,1
DA:366,1
DA:367,1
DA:368,1
DA:370,1
DA:386,1
DA:389,1
DA:398,1
DA:407,1
DA:416,1
DA:432,1
DA:435,1
DA:444,1
DA:453,1
DA:461,1
DA:464,1
LF:69
LH:68
BRDA:47,0,0,0
BRDA:47,0,1,15
BRDA:68,1,0,0
BRDA:68,2,0,0
BRDA:69,3,0,1
BRDA:69,3,1,6
BRDA:84,4,0,2
BRDA:84,4,1,4
BRDA:84,5,0,6
BRDA:84,5,1,2
BRDA:96,6,0,2
BRDA:96,6,1,0
BRDA:101,7,0,2
BRDA:101,7,1,0
BRDA:108,8,0,1
BRDA:108,8,1,3
BRDA:108,9,0,4
BRDA:108,9,1,1
BRDA:111,10,0,0
BRDA:111,10,1,1
BRDA:220,11,0,1
BRDA:220,11,1,2
BRDA:224,12,0,1
BRDA:224,12,1,2
BRDA:332,13,0,1
BRDA:332,13,1,2
BRDA:335,14,0,3
BRDA:335,14,1,1
BRF:28
BRH:22
end_of_record
TN:
SF:utils/graph.js
FN:15,createSampleGraph
FN:39,_buildGraph
FN:75,cloneGraph
FN:96,_getVisitedList
FN:109,_applyVisitState
FN:138,bfs
FN:211,dfs
FN:239,_dfsRecursive
FNF:8
FNH:8
FNDA:17,createSampleGraph
FNDA:17,_buildGraph
FNDA:124,cloneGraph
FNDA:112,_getVisitedList
FNDA:112,_applyVisitState
FNDA:5,bfs
FNDA:5,dfs
FNDA:25,_dfsRecursive
DA:16,17
DA:17,13
DA:21,4
DA:22,1
DA:26,3
DA:27,2
DA:32,1
DA:40,17
DA:41,17
DA:42,17
DA:43,17
DA:44,17
DA:46,17
DA:47,83
DA:48,83
DA:55,83
DA:58,17
DA:59,17
DA:60,83
DA:61,83
DA:62,83
DA:63,83
DA:64,83
DA:67,17
DA:76,124
DA:77,124
DA:78,608
DA:79,608
DA:81,124
DA:82,124
DA:83,620
DA:84,620
DA:86,124
DA:87,124
DA:88,608
DA:90,124
DA:97,112
DA:98,112
DA:99,552
DA:100,368
DA:103,112
DA:110,112
DA:111,112
DA:112,552
DA:113,552
DA:114,368
DA:115,368
DA:117,552
DA:118,102
DA:121,112
DA:122,564
DA:123,564
DA:124,318
DA:127,112
DA:139,5
DA:140,5
DA:141,5
DA:142,5
DA:144,5
DA:145,5
DA:154,5
DA:155,25
DA:157,25
DA:158,21
DA:159,21
DA:161,21
DA:171,21
DA:172,21
DA:173,21
DA:174,40
DA:175,20
DA:176,20
DA:180,21
DA:181,16
DA:193,5
DA:200,5
DA:212,5
DA:213,5
DA:214,5
DA:215,5
DA:217,5
DA:218,5
DA:227,5
DA:229,5
DA:236,5
DA:240,25
DA:242,25
DA:243,25
DA:245,25
DA:255,25
DA:256,25
DA:257,52
DA:258,52
DA:259,20
DA:260,20
DA:270,20
DA:272,20
DA:273,20
DA:288,1
LF:99
LH:99
BRDA:16,0,0,13
BRDA:16,0,1,4
BRDA:21,1,0,1
BRDA:21,1,1,3
BRDA:26,2,0,2
BRDA:26,2,1,1
BRDA:99,3,0,368
BRDA:99,3,1,184
BRDA:113,4,0,368
BRDA:113,4,1,184
BRDA:117,5,0,102
BRDA:117,5,1,450
BRDA:123,6,0,318
BRDA:123,6,1,246
BRDA:123,7,0,564
BRDA:123,7,1,448
BRDA:157,8,0,4
BRDA:157,8,1,21
BRDA:171,9,0,21
BRDA:171,9,1,0
BRDA:174,10,0,20
BRDA:174,10,1,20
BRDA:180,11,0,16
BRDA:180,11,1,5
BRDA:240,12,0,0
BRDA:240,12,1,25
BRDA:255,13,0,25
BRDA:255,13,1,0
BRDA:258,14,0,20
BRDA:258,14,1,32
BRF:30
BRH:27
end_of_record
TN:
SF:utils/hash-table.js
FN:15,createHashTable
FN:32,hash
FN:45,cloneTable
FN:67,htInsert
FN:139,htSearch
FN:193,loadFactor
FN:203,collisionCount
FNF:7
FNH:7
FNDA:17,createHashTable
FNDA:58,hash
FNDA:63,cloneTable
FNDA:13,htInsert
FNDA:4,htSearch
FNDA:2,loadFactor
FNDA:1,collisionCount
DA:16,17
DA:17,17
DA:18,112
DA:20,17
DA:33,58
DA:34,58
DA:35,218
DA:37,58
DA:46,63
DA:47,63
DA:48,396
DA:49,396
DA:50,41
DA:51,41
DA:53,396
DA:55,63
DA:68,13
DA:69,13
DA:70,13
DA:73,13
DA:82,13
DA:85,13
DA:86,13
DA:87,2
DA:88,0
DA:89,0
DA:90,0
DA:94,13
DA:96,13
DA:97,2
DA:107,13
DA:108,13
DA:112,13
DA:122,13
DA:128,13
DA:140,4
DA:141,4
DA:144,4
DA:153,4
DA:156,4
DA:157,2
DA:158,2
DA:159,2
DA:169,2
DA:174,2
DA:183,2
DA:194,2
DA:195,2
DA:204,1
DA:205,1
DA:206,7
DA:207,0
DA:210,1
DA:215,1
LF:54
LH:50
BRDA:87,0,0,0
BRDA:87,0,1,2
BRDA:94,1,0,13
BRDA:94,1,1,0
BRDA:96,2,0,2
BRDA:96,2,1,11
BRDA:117,3,0,0
BRDA:117,3,1,13
BRDA:158,4,0,2
BRDA:158,4,1,0
BRDA:194,5,0,0
BRDA:194,5,1,2
BRDA:206,6,0,0
BRDA:206,6,1,7
BRF:14
BRH:8
end_of_record
TN:
SF:utils/http-parser.js
FN:39,_detectType
FN:46,_parseRequestLine
FN:63,_parseStatusLine
FN:85,_parseHeaders
FN:105,_extractBody
FN:122,_parseFirstLine
FN:150,_parseBlankLineAndHeaders
FN:160,(anonymous_7)
FN:170,_validateHeaders
FN:201,parseHttp
FNF:10
FNH:10
FNDA:23,_detectType
FNDA:14,_parseRequestLine
FNDA:9,_parseStatusLine
FNDA:23,_parseHeaders
FNDA:23,_extractBody
FNDA:23,_parseFirstLine
FNDA:23,_parseBlankLineAndHeaders
FNDA:43,(anonymous_7)
FNDA:23,_validateHeaders
FNDA:24,parseHttp
DA:1,2
DA:11,2
DA:23,2
DA:40,23
DA:41,23
DA:42,10
DA:43,1
DA:47,14
DA:48,14
DA:49,1
DA:51,13
DA:52,13
DA:53,13
DA:54,13
DA:55,13
DA:64,9
DA:65,9
DA:66,0
DA:68,9
DA:69,9
DA:70,9
DA:71,9
DA:72,9
DA:73,9
DA:86,23
DA:87,23
DA:88,43
DA:89,43
DA:90,43
DA:91,42
DA:92,42
DA:93,42
DA:94,42
DA:102,23
DA:106,23
DA:107,23
DA:108,1
DA:109,1
DA:110,0
DA:111,0
DA:113,22
DA:114,22
DA:123,23
DA:128,23
DA:129,14
DA:130,14
DA:131,1
DA:133,13
DA:134,13
DA:135,13
DA:138,9
DA:139,9
DA:140,0
DA:142,9
DA:143,9
DA:147,23
DA:152,23
DA:153,23
DA:154,65
DA:155,22
DA:156,22
DA:160,43
DA:161,23
DA:163,23
DA:164,1
DA:167,23
DA:172,23
DA:173,23
DA:174,40
DA:175,13
DA:176,13
DA:179,23
DA:180,7
DA:181,7
DA:182,4
DA:187,23
DA:188,14
DA:189,14
DA:190,12
DA:191,12
DA:192,12
DA:195,14
DA:196,2
DA:202,24
DA:203,1
DA:213,23
DA:214,23
DA:215,23
DA:216,23
DA:218,23
DA:219,0
DA:222,23
DA:224,23
DA:225,23
DA:226,23
DA:227,23
DA:228,23
DA:230,23
DA:231,23
DA:234,23
DA:236,23
DA:238,23
DA:239,23
DA:240,23
DA:241,23
DA:243,23
DA:246,2
LF:107
LH:102
BRDA:41,0,0,13
BRDA:41,0,1,10
BRDA:42,1,0,9
BRDA:42,1,1,1
BRDA:48,2,0,1
BRDA:48,2,1,13
BRDA:56,3,0,13
BRDA:56,3,1,0
BRDA:65,4,0,0
BRDA:65,4,1,9
BRDA:79,5,0,9
BRDA:79,5,1,0
BRDA:90,6,0,1
BRDA:90,6,1,42
BRDA:97,7,0,41
BRDA:97,7,1,1
BRDA:98,8,0,41
BRDA:98,8,1,1
BRDA:99,9,0,41
BRDA:99,9,1,1
BRDA:107,10,0,1
BRDA:107,10,1,22
BRDA:109,11,0,1
BRDA:109,11,1,0
BRDA:128,12,0,14
BRDA:128,12,1,9
BRDA:130,13,0,1
BRDA:130,13,1,13
BRDA:139,14,0,0
BRDA:139,14,1,9
BRDA:154,15,0,22
BRDA:154,15,1,43
BRDA:160,16,0,1
BRDA:160,16,1,22
BRDA:163,17,0,1
BRDA:163,17,1,22
BRDA:174,18,0,13
BRDA:174,18,1,27
BRDA:179,19,0,7
BRDA:179,19,1,16
BRDA:179,20,0,23
BRDA:179,20,1,13
BRDA:181,21,0,4
BRDA:181,21,1,3
BRDA:181,22,0,7
BRDA:181,22,1,7
BRDA:187,23,0,14
BRDA:187,23,1,9
BRDA:190,24,0,12
BRDA:190,24,1,0
BRDA:195,25,0,2
BRDA:195,25,1,12
BRDA:202,26,0,1
BRDA:202,26,1,23
BRDA:202,27,0,24
BRDA:202,27,1,23
BRDA:218,28,0,0
BRDA:218,28,1,23
BRDA:239,29,0,13
BRDA:239,29,1,10
BRDA:240,30,0,13
BRDA:240,30,1,10
BRDA:241,31,0,9
BRDA:241,31,1,14
BRF:64
BRH:57
end_of_record
TN:
SF:utils/http-samples.js
FNF:0
FNH:0
DA:5,1
DA:64,1
LF:2
LH:2
BRF:0
BRH:0
end_of_record
TN:
SF:utils/http-status-codes.js
FN:35,(anonymous_0)
FN:45,getStatusCodesByCategory
FN:54,getStatusCodeInfo
FNF:3
FNH:3
FNDA:17,(anonymous_0)
FNDA:1,getStatusCodesByCategory
FNDA:2,getStatusCodeInfo
DA:5,1
DA:35,1
DA:36,17
DA:37,17
DA:46,1
DA:55,2
DA:58,1
LF:7
LH:7
BRDA:46,0,0,1
BRDA:46,0,1,0
BRF:2
BRH:1
end_of_record
TN:
SF:utils/ip-fragment.js
FN:11,randomId
FN:47,fragment
FNF:2
FNH:2
FNDA:23,randomId
FNDA:20,fragment
DA:1,2
DA:2,2
DA:3,2
DA:5,2
DA:12,23
DA:13,23
DA:14,23
DA:49,20
DA:50,20
DA:51,20
DA:52,20
DA:53,20
DA:55,20
DA:56,20
DA:57,117
DA:58,117
DA:59,117
DA:60,117
DA:61,117
DA:63,117
DA:78,20
DA:89,2
LF:22
LH:22
BRDA:72,0,0,97
BRDA:72,0,1,20
BRF:2
BRH:2
end_of_record
TN:
SF:utils/ip-reassemble.js
FN:36,reassemble
FN:42,(anonymous_1)
FN:45,(anonymous_2)
FNF:3
FNH:3
FNDA:9,reassemble
FNDA:25,(anonymous_1)
FNDA:28,(anonymous_2)
DA:37,9
DA:38,0
DA:42,25
DA:45,28
DA:48,9
DA:49,9
DA:50,9
DA:51,9
DA:52,28
DA:53,28
DA:54,28
DA:62,9
DA:71,1
LF:13
LH:12
BRDA:37,0,0,0
BRDA:37,0,1,9
BRDA:37,1,0,9
BRDA:37,1,1,9
BRF:4
BRH:3
end_of_record
TN:
SF:utils/lexer-engine.js
FN:46,tokenize
FN:223,countNewlines
FNF:2
FNH:2
FNDA:34,tokenize
FNDA:100,countNewlines
DA:10,1
DA:47,34
DA:48,0
DA:50,34
DA:51,34
DA:52,34
DA:53,34
DA:55,34
DA:56,34
DA:57,34
DA:59,34
DA:61,174
DA:67,174
DA:69,174
DA:70,66
DA:71,7
DA:72,7
DA:73,59
DA:74,0
DA:75,0
DA:77,0
DA:78,0
DA:80,59
DA:82,66
DA:83,66
DA:84,66
DA:88,108
DA:89,3
DA:90,3
DA:92,1
DA:94,1
DA:95,1
DA:96,1
DA:98,1
DA:99,1
DA:105,1
DA:106,1
DA:107,1
DA:110,1
DA:111,1
DA:112,1
DA:113,1
DA:118,107
DA:119,107
DA:120,107
DA:122,107
DA:123,4536
DA:124,4536
DA:125,4536
DA:126,133
DA:129,133
DA:130,104
DA:131,104
DA:132,104
DA:137,107
DA:138,100
DA:141,100
DA:143,4
DA:144,4
DA:145,0
DA:146,0
DA:148,4
DA:150,4
DA:151,4
DA:152,4
DA:153,4
DA:156,96
DA:165,96
DA:166,96
DA:167,96
DA:170,96
DA:171,96
DA:172,0
DA:173,0
DA:175,96
DA:177,96
DA:180,7
DA:186,7
DA:187,7
DA:190,7
DA:191,0
DA:192,0
DA:194,7
DA:196,7
DA:199,103
DA:203,34
DA:204,32
DA:208,32
DA:211,34
DA:224,100
DA:225,100
DA:226,249
DA:227,0
DA:230,100
DA:233,1
LF:95
LH:83
BRDA:47,0,0,0
BRDA:47,0,1,34
BRDA:47,1,0,34
BRDA:47,1,1,34
BRDA:50,2,0,34
BRDA:50,2,1,33
BRDA:69,3,0,66
BRDA:69,3,1,108
BRDA:69,4,0,174
BRDA:69,4,1,116
BRDA:69,4,2,115
BRDA:69,4,3,108
BRDA:70,5,0,7
BRDA:70,5,1,59
BRDA:73,6,0,0
BRDA:73,6,1,59
BRDA:74,7,0,0
BRDA:74,7,1,0
BRDA:74,8,0,0
BRDA:74,8,1,0
BRDA:88,9,0,3
BRDA:88,9,1,105
BRDA:88,10,0,108
BRDA:88,10,1,5
BRDA:88,10,2,5
BRDA:90,11,0,1
BRDA:90,11,1,2
BRDA:95,12,0,1
BRDA:95,12,1,0
BRDA:125,13,0,133
BRDA:125,13,1,4403
BRDA:129,14,0,104
BRDA:129,14,1,29
BRDA:129,15,0,133
BRDA:129,15,1,29
BRDA:129,15,2,22
BRDA:129,16,0,22
BRDA:129,16,1,0
BRDA:137,17,0,100
BRDA:137,17,1,7
BRDA:137,18,0,107
BRDA:137,18,1,100
BRDA:141,19,0,4
BRDA:141,19,1,96
BRDA:144,20,0,0
BRDA:144,20,1,4
BRDA:171,21,0,0
BRDA:171,21,1,96
BRDA:190,22,0,0
BRDA:190,22,1,7
BRDA:203,23,0,32
BRDA:203,23,1,2
BRDA:226,24,0,0
BRDA:226,24,1,249
BRF:54
BRH:42
end_of_record
TN:
SF:utils/lexer-highlight.js
FN:29,tokenTypeToClass
FN:45,tokensToHighlightRanges
FN:81,posToIndex
FNF:3
FNH:3
FNDA:19,tokenTypeToClass
FNDA:4,tokensToHighlightRanges
FNDA:18,posToIndex
DA:8,1
DA:14,1
DA:30,19
DA:31,19
DA:32,16
DA:46,4
DA:48,4
DA:49,6
DA:50,6
DA:51,6
DA:55,5
DA:56,5
DA:58,5
DA:60,5
DA:69,4
DA:82,18
DA:83,16
DA:85,15
DA:86,15
DA:87,24
DA:88,14
DA:90,10
DA:91,2
DA:95,1
DA:96,0
DA:98,1
DA:101,1
LF:27
LH:26
BRDA:31,0,0,3
BRDA:31,0,1,16
BRDA:32,1,0,16
BRDA:32,1,1,0
BRDA:51,2,0,1
BRDA:51,2,1,5
BRDA:55,3,0,5
BRDA:55,3,1,0
BRDA:56,4,0,5
BRDA:56,4,1,0
BRDA:58,5,0,0
BRDA:58,5,1,5
BRDA:58,6,0,5
BRDA:58,6,1,5
BRDA:82,7,0,2
BRDA:82,7,1,16
BRDA:82,8,0,18
BRDA:82,8,1,17
BRDA:83,9,0,1
BRDA:83,9,1,15
BRDA:87,10,0,14
BRDA:87,10,1,10
BRDA:90,11,0,2
BRDA:90,11,1,8
BRDA:95,12,0,0
BRDA:95,12,1,1
BRDA:95,13,0,1
BRDA:95,13,1,0
BRF:28
BRH:22
end_of_record
TN:
SF:utils/lexer-symbol-table.js
FN:22,buildSymbolTable
FN:43,(anonymous_1)
FN:51,(anonymous_2)
FNF:3
FNH:3
FNDA:9,buildSymbolTable
FNDA:9,(anonymous_1)
FNDA:3,(anonymous_2)
DA:23,9
DA:24,0
DA:27,9
DA:29,9
DA:30,27
DA:31,27
DA:33,11
DA:34,11
DA:38,11
DA:42,9
DA:43,9
DA:44,9
DA:51,9
DA:52,3
DA:55,9
DA:58,1
LF:16
LH:15
BRDA:23,0,0,0
BRDA:23,0,1,9
BRDA:31,1,0,16
BRDA:31,1,1,11
BRDA:33,2,0,11
BRDA:33,2,1,9
BRF:6
BRH:5
end_of_record
TN:
SF:utils/lexer-token.js
FN:88,getRules
FN:97,classifyToken
FNF:2
FNH:2
FNDA:1,getRules
FNDA:33,classifyToken
DA:24,3
DA:89,1
DA:98,33
DA:99,31
DA:100,23
DA:101,20
DA:102,16
DA:103,12
DA:104,7
DA:105,3
DA:108,3
LF:11
LH:11
BRDA:98,0,0,2
BRDA:98,0,1,31
BRDA:99,1,0,8
BRDA:99,1,1,23
BRDA:100,2,0,3
BRDA:100,2,1,20
BRDA:101,3,0,4
BRDA:101,3,1,16
BRDA:101,4,0,20
BRDA:101,4,1,18
BRDA:102,5,0,4
BRDA:102,5,1,12
BRDA:103,6,0,5
BRDA:103,6,1,7
BRDA:104,7,0,4
BRDA:104,7,1,3
BRF:16
BRH:16
end_of_record
TN:
SF:utils/ll1-core.js
FN:18,computeFIRST
FN:25,(anonymous_1)
FN:28,(anonymous_2)
FN:47,(anonymous_3)
FN:71,_computeFIRSTOfSequence
FN:86,(anonymous_5)
FN:115,_updateFOLLOWForSymbol
FN:121,(anonymous_7)
FN:134,(anonymous_8)
FN:152,_initFollowSets
FN:154,(anonymous_10)
FN:170,_iterateFollowComputation
FN:212,computeFOLLOW
FN:232,_fillParseTableEntry
FN:238,(anonymous_14)
FN:253,(anonymous_15)
FN:270,_initializeTable
FN:272,(anonymous_17)
FN:276,(anonymous_18)
FN:281,(anonymous_19)
FN:284,(anonymous_20)
FN:300,buildParseTable
FN:322,_pushInitialState
FN:339,_handleAccept
FN:360,_handleMatch
FN:385,_handleError
FN:409,_handleExpand
FN:459,parseInput
FN:519,isLL1
FN:540,buildParseTree
FN:598,_findLeftmostUnexpanded
FN:613,_markLastChild
FN:625,_flattenTree
FN:638,_flattenNode
FNF:34
FNH:33
FNDA:23,computeFIRST
FNDA:85,(anonymous_1)
FNDA:79,(anonymous_2)
FNDA:534,(anonymous_3)
FNDA:950,_computeFIRSTOfSequence
FNDA:856,(anonymous_5)
FNDA:355,_updateFOLLOWForSymbol
FNDA:513,(anonymous_7)
FNDA:680,(anonymous_8)
FNDA:19,_initFollowSets
FNDA:73,(anonymous_10)
FNDA:19,_iterateFollowComputation
FNDA:19,computeFOLLOW
FNDA:94,_fillParseTableEntry
FNDA:116,(anonymous_14)
FNDA:57,(anonymous_15)
FNDA:16,_initializeTable
FNDA:58,(anonymous_17)
FNDA:60,(anonymous_18)
FNDA:60,(anonymous_19)
FNDA:338,(anonymous_20)
FNDA:16,buildParseTable
FNDA:12,_pushInitialState
FNDA:11,_handleAccept
FNDA:25,_handleMatch
FNDA:0,_handleError
FNDA:70,_handleExpand
FNDA:12,parseInput
FNDA:2,isLL1
FNDA:6,buildParseTree
FNDA:77,_findLeftmostUnexpanded
FNDA:35,_markLastChild
FNDA:5,_flattenTree
FNDA:35,_flattenNode
DA:8,1
DA:9,1
DA:10,1
DA:19,23
DA:20,23
DA:21,23
DA:22,23
DA:25,23
DA:26,85
DA:28,23
DA:29,79
DA:32,23
DA:33,23
DA:35,23
DA:36,77
DA:37,77
DA:39,77
DA:40,501
DA:41,501
DA:42,501
DA:44,501
DA:46,501
DA:47,501
DA:48,534
DA:50,501
DA:51,131
DA:52,131
DA:57,23
DA:58,0
DA:61,23
DA:72,950
DA:73,950
DA:75,950
DA:76,643
DA:77,643
DA:79,643
DA:81,0
DA:82,0
DA:83,0
DA:86,643
DA:87,856
DA:88,688
DA:92,643
DA:93,475
DA:94,475
DA:98,950
DA:99,475
DA:102,950
DA:116,355
DA:117,355
DA:120,355
DA:121,355
DA:122,513
DA:123,197
DA:126,355
DA:127,40
DA:128,40
DA:132,355
DA:133,316
DA:134,316
DA:135,680
DA:137,316
DA:138,106
DA:139,106
DA:143,355
DA:153,19
DA:154,19
DA:155,73
DA:157,19
DA:158,19
DA:171,19
DA:172,19
DA:174,19
DA:175,46
DA:176,46
DA:178,46
DA:179,328
DA:180,328
DA:181,328
DA:183,328
DA:184,558
DA:185,558
DA:186,203
DA:190,355
DA:191,355
DA:192,119
DA:198,19
DA:199,0
DA:202,19
DA:213,19
DA:214,19
DA:215,19
DA:216,19
DA:218,19
DA:219,19
DA:220,19
DA:233,94
DA:234,94
DA:235,94
DA:238,94
DA:239,116
DA:240,24
DA:243,92
DA:244,91
DA:246,1
DA:247,1
DA:252,94
DA:253,24
DA:254,57
DA:255,57
DA:257,0
DA:258,0
DA:271,16
DA:272,58
DA:273,16
DA:275,16
DA:276,60
DA:278,16
DA:279,16
DA:281,16
DA:282,60
DA:283,60
DA:284,60
DA:285,338
DA:286,338
DA:290,16
DA:301,16
DA:302,16
DA:303,16
DA:304,16
DA:305,16
DA:307,16
DA:309,16
DA:310,94
DA:313,16
DA:323,12
DA:340,11
DA:361,25
DA:362,25
DA:363,25
DA:386,0
DA:410,70
DA:411,70
DA:412,70
DA:413,1
DA:426,69
DA:427,69
DA:428,69
DA:429,84
DA:432,69
DA:433,69
DA:434,46
DA:436,23
DA:438,69
DA:440,69
DA:460,12
DA:461,12
DA:463,12
DA:464,12
DA:465,12
DA:466,25
DA:468,12
DA:469,12
DA:471,12
DA:473,12
DA:474,106
DA:475,106
DA:478,106
DA:479,11
DA:480,11
DA:481,11
DA:485,95
DA:486,25
DA:487,25
DA:488,25
DA:492,70
DA:493,0
DA:494,0
DA:495,0
DA:499,70
DA:500,70
DA:501,1
DA:502,1
DA:504,69
DA:507,12
DA:508,12
DA:520,2
DA:521,2
DA:522,6
DA:523,6
DA:524,6
DA:525,31
DA:526,1
DA:530,1
DA:541,6
DA:542,1
DA:545,5
DA:554,5
DA:555,5
DA:556,37
DA:557,21
DA:561,5
DA:562,21
DA:563,21
DA:564,21
DA:565,21
DA:566,21
DA:567,21
DA:569,21
DA:570,21
DA:571,21
DA:572,30
DA:573,30
DA:585,5
DA:588,5
DA:590,5
DA:599,77
DA:600,21
DA:602,56
DA:603,56
DA:604,56
DA:606,0
DA:614,35
DA:615,30
DA:616,30
DA:626,5
DA:627,5
DA:628,5
DA:629,5
DA:640,35
DA:641,35
DA:642,102
DA:643,30
DA:645,72
DA:649,35
DA:658,35
DA:660,35
DA:661,30
DA:665,1
LF:239
LH:227
BRDA:35,0,0,100
BRDA:35,0,1,77
BRDA:50,1,0,131
BRDA:50,1,1,370
BRDA:57,2,0,0
BRDA:57,2,1,23
BRDA:79,3,0,0
BRDA:79,3,1,643
BRDA:87,4,0,688
BRDA:87,4,1,168
BRDA:92,5,0,475
BRDA:92,5,1,168
BRDA:98,6,0,475
BRDA:98,6,1,475
BRDA:122,7,0,197
BRDA:122,7,1,316
BRDA:126,8,0,40
BRDA:126,8,1,315
BRDA:132,9,0,316
BRDA:132,9,1,39
BRDA:137,10,0,106
BRDA:137,10,1,210
BRDA:174,11,0,65
BRDA:174,11,1,46
BRDA:185,12,0,203
BRDA:185,12,1,355
BRDA:191,13,0,119
BRDA:191,13,1,236
BRDA:198,14,0,0
BRDA:198,14,1,19
BRDA:239,15,0,24
BRDA:239,15,1,92
BRDA:243,16,0,91
BRDA:243,16,1,1
BRDA:252,17,0,24
BRDA:252,17,1,70
BRDA:254,18,0,57
BRDA:254,18,1,0
BRDA:411,19,0,70
BRDA:411,19,1,0
BRDA:412,20,0,1
BRDA:412,20,1,69
BRDA:433,21,0,46
BRDA:433,21,1,23
BRDA:478,22,0,11
BRDA:478,22,1,95
BRDA:478,23,0,106
BRDA:478,23,1,11
BRDA:485,24,0,25
BRDA:485,24,1,70
BRDA:492,25,0,0
BRDA:492,25,1,70
BRDA:500,26,0,1
BRDA:500,26,1,69
BRDA:510,27,0,12
BRDA:510,27,1,12
BRDA:525,28,0,1
BRDA:525,28,1,30
BRDA:541,29,0,1
BRDA:541,29,1,5
BRDA:541,30,0,6
BRDA:541,30,1,6
BRDA:556,31,0,21
BRDA:556,31,1,16
BRDA:564,32,0,0
BRDA:564,32,1,21
BRDA:567,33,0,8
BRDA:567,33,1,13
BRDA:570,34,0,21
BRDA:570,34,1,0
BRDA:599,35,0,21
BRDA:599,35,1,56
BRDA:604,36,0,56
BRDA:604,36,1,0
BRDA:642,37,0,30
BRDA:642,37,1,72
BRDA:643,38,0,21
BRDA:643,38,1,9
BRDA:645,39,0,38
BRDA:645,39,1,34
BRF:80
BRH:71
end_of_record
TN:
SF:utils/ll1-grammar.js
FN:32,parseGrammar
FN:96,(anonymous_1)
FN:104,(anonymous_2)
FN:125,_splitAlternatives
FN:151,_parseRHS
FN:166,detectLeftRecursion
FNF:6
FNH:6
FNDA:39,parseGrammar
FNDA:212,(anonymous_1)
FNDA:113,(anonymous_2)
FNDA:113,_splitAlternatives
FNDA:178,_parseRHS
FNDA:3,detectLeftRecursion
DA:8,2
DA:33,39
DA:34,2
DA:37,37
DA:38,37
DA:39,37
DA:40,37
DA:41,37
DA:43,37
DA:44,117
DA:45,117
DA:46,117
DA:47,3
DA:51,114
DA:52,114
DA:53,1
DA:56,113
DA:57,113
DA:58,0
DA:61,113
DA:62,113
DA:63,113
DA:64,36
DA:68,113
DA:70,113
DA:71,178
DA:72,178
DA:73,178
DA:78,178
DA:80,178
DA:81,285
DA:86,36
DA:87,0
DA:91,36
DA:92,36
DA:96,36
DA:97,212
DA:98,114
DA:103,36
DA:104,36
DA:105,113
DA:107,36
DA:108,178
DA:111,36
DA:126,113
DA:127,113
DA:128,113
DA:129,113
DA:130,775
DA:131,775
DA:132,17
DA:133,758
DA:134,17
DA:135,741
DA:136,65
DA:137,65
DA:138,65
DA:140,710
DA:142,113
DA:143,113
DA:152,178
DA:153,46
DA:155,132
DA:156,0
DA:158,132
DA:167,3
DA:169,3
DA:170,14
DA:171,14
DA:172,3
DA:176,3
DA:177,3
DA:178,3
DA:179,3
DA:180,3
DA:181,3
DA:185,3
DA:191,2
LF:78
LH:75
BRDA:33,0,0,2
BRDA:33,0,1,37
BRDA:33,1,0,39
BRDA:33,1,1,38
BRDA:46,2,0,3
BRDA:46,2,1,114
BRDA:52,3,0,1
BRDA:52,3,1,113
BRDA:57,4,0,0
BRDA:57,4,1,113
BRDA:63,5,0,36
BRDA:63,5,1,77
BRDA:86,6,0,0
BRDA:86,6,1,36
BRDA:92,7,0,36
BRDA:92,7,1,0
BRDA:97,8,0,114
BRDA:97,8,1,98
BRDA:97,9,0,212
BRDA:97,9,1,114
BRDA:131,10,0,17
BRDA:131,10,1,758
BRDA:131,11,0,775
BRDA:131,11,1,758
BRDA:133,12,0,17
BRDA:133,12,1,741
BRDA:133,13,0,758
BRDA:133,13,1,741
BRDA:135,14,0,65
BRDA:135,14,1,676
BRDA:135,15,0,741
BRDA:135,15,1,65
BRDA:152,16,0,46
BRDA:152,16,1,132
BRDA:152,17,0,178
BRDA:152,17,1,133
BRDA:155,18,0,0
BRDA:155,18,1,132
BRDA:171,19,0,3
BRDA:171,19,1,11
BRDA:171,20,0,14
BRDA:171,20,1,12
BRDA:179,21,0,3
BRDA:179,21,1,0
BRF:44
BRH:39
end_of_record
TN:
SF:utils/markdown-parser.js
FN:3,parseMarkdown
FN:19,splitIntoBlocks
FN:21,(anonymous_2)
FN:25,parseBlock
FN:26,(anonymous_4)
FN:26,(anonymous_5)
FN:67,(anonymous_6)
FN:70,(anonymous_7)
FNF:8
FNH:7
FNDA:11,parseMarkdown
FNDA:9,splitIntoBlocks
FNDA:10,(anonymous_2)
FNDA:10,parseBlock
FNDA:45,(anonymous_4)
FNDA:45,(anonymous_5)
FNDA:23,(anonymous_6)
FNDA:0,(anonymous_7)
DA:1,1
DA:4,11
DA:6,9
DA:8,9
DA:9,9
DA:11,9
DA:12,10
DA:13,10
DA:16,9
DA:20,9
DA:21,10
DA:22,9
DA:26,45
DA:28,10
DA:30,10
DA:35,10
DA:36,10
DA:37,10
DA:39,10
DA:40,35
DA:41,35
DA:42,35
DA:43,35
DA:45,35
DA:46,23
DA:47,12
DA:48,10
DA:49,2
DA:50,1
DA:51,1
DA:52,1
DA:53,1
DA:55,0
DA:60,10
DA:62,10
DA:63,10
DA:65,10
DA:66,10
DA:67,23
DA:68,7
DA:70,0
DA:72,7
DA:73,2
DA:75,5
DA:76,5
DA:77,2
DA:78,2
DA:80,3
DA:83,3
DA:84,2
DA:87,10
DA:97,1
LF:52
LH:50
BRDA:4,0,0,2
BRDA:4,0,1,9
BRDA:4,1,0,11
BRDA:4,1,1,9
BRDA:13,2,0,10
BRDA:13,2,1,0
BRDA:28,3,0,0
BRDA:28,3,1,10
BRDA:45,4,0,23
BRDA:45,4,1,12
BRDA:47,5,0,10
BRDA:47,5,1,2
BRDA:49,6,0,1
BRDA:49,6,1,1
BRDA:51,7,0,1
BRDA:51,7,1,0
BRDA:52,8,0,1
BRDA:52,8,1,0
BRDA:60,9,0,0
BRDA:60,9,1,10
BRDA:66,10,0,7
BRDA:66,10,1,3
BRDA:68,11,0,7
BRDA:68,11,1,2
BRDA:68,11,2,2
BRDA:68,11,3,0
BRDA:72,12,0,2
BRDA:72,12,1,5
BRDA:76,13,0,2
BRDA:76,13,1,3
BRDA:76,14,0,5
BRDA:76,14,1,3
BRDA:83,15,0,2
BRDA:83,15,1,1
BRDA:83,16,0,3
BRDA:83,16,1,3
BRDA:83,16,2,1
BRDA:83,16,3,1
BRF:38
BRH:32
end_of_record
TN:
SF:utils/nat-data.js
FN:215,getScenarioById
FN:216,(anonymous_1)
FN:223,validateScenarios
FN:229,(anonymous_3)
FN:236,(anonymous_4)
FNF:5
FNH:5
FNDA:3,getScenarioById
FNDA:6,(anonymous_1)
FNDA:1,validateScenarios
FNDA:3,(anonymous_3)
FNDA:20,(anonymous_4)
DA:19,1
DA:21,1
DA:216,6
DA:224,1
DA:225,1
DA:226,1
DA:227,1
DA:229,1
DA:230,3
DA:231,3
DA:232,3
DA:233,3
DA:234,3
DA:236,3
DA:237,20
DA:238,20
DA:239,20
DA:240,20
DA:241,20
DA:242,20
DA:243,20
DA:244,20
DA:245,20
DA:247,20
DA:248,20
DA:252,3
DA:253,0
DA:257,1
DA:260,1
LF:29
LH:28
BRDA:230,0,0,0
BRDA:230,0,1,3
BRDA:231,1,0,0
BRDA:231,1,1,3
BRDA:232,2,0,0
BRDA:232,2,1,3
BRDA:232,3,0,3
BRDA:232,3,1,3
BRDA:233,4,0,0
BRDA:233,4,1,3
BRDA:234,5,0,0
BRDA:234,5,1,3
BRDA:234,6,0,3
BRDA:234,6,1,3
BRDA:237,7,0,0
BRDA:237,7,1,20
BRDA:238,8,0,0
BRDA:238,8,1,20
BRDA:239,9,0,0
BRDA:239,9,1,20
BRDA:240,10,0,20
BRDA:240,10,1,0
BRDA:241,11,0,0
BRDA:241,11,1,20
BRDA:242,12,0,0
BRDA:242,12,1,20
BRDA:243,13,0,0
BRDA:243,13,1,20
BRDA:244,14,0,0
BRDA:244,14,1,20
BRDA:245,15,0,0
BRDA:245,15,1,20
BRDA:247,16,0,0
BRDA:247,16,1,20
BRDA:248,17,0,0
BRDA:248,17,1,20
BRDA:252,18,0,0
BRDA:252,18,1,3
BRDA:252,19,0,3
BRDA:252,19,1,1
BRF:40
BRH:23
end_of_record
TN:
SF:utils/nat-engine.js
FN:42,allocatePort
FN:52,createMappingEntry
FN:72,snat
FN:74,(anonymous_3)
FN:95,(anonymous_4)
FN:126,dnat
FN:154,removeExpiredEntries
FN:155,(anonymous_7)
FNF:8
FNH:7
FNDA:5,allocatePort
FNDA:2,createMappingEntry
FNDA:3,snat
FNDA:1,(anonymous_3)
FNDA:0,(anonymous_4)
FNDA:2,dnat
FNDA:1,removeExpiredEntries
FNDA:2,(anonymous_7)
DA:43,5
DA:44,5
DA:46,2
DA:53,2
DA:74,3
DA:75,1
DA:80,3
DA:81,1
DA:95,2
DA:96,2
DA:97,2
DA:98,1
DA:105,1
DA:107,1
DA:127,2
DA:128,1
DA:135,1
DA:155,1
DA:156,2
DA:160,1
LF:20
LH:20
BRDA:44,0,0,3
BRDA:44,0,1,2
BRDA:75,1,0,1
BRDA:75,1,1,1
BRDA:75,1,2,1
BRDA:80,2,0,1
BRDA:80,2,1,2
BRDA:97,3,0,1
BRDA:97,3,1,1
BRDA:127,4,0,1
BRDA:127,4,1,1
BRF:11
BRH:11
end_of_record
TN:
SF:utils/nfa-dfa.js
FN:18,epsilonClosure
FN:32,(anonymous_1)
FN:57,move
FN:62,(anonymous_3)
FN:88,nfaToDFA
FN:104,nextDfaId
FN:111,containsAccept
FN:113,(anonymous_7)
FN:120,setKey
FN:121,(anonymous_9)
FN:128,_computeInitDfaState
FN:143,_buildDfaTransitions
FNF:12
FNH:12
FNDA:82,epsilonClosure
FNDA:1633,(anonymous_1)
FNDA:105,move
FNDA:1816,(anonymous_3)
FNDA:20,nfaToDFA
FNDA:55,nextDfaId
FNDA:55,containsAccept
FNDA:603,(anonymous_7)
FNDA:78,setKey
FNDA:462,(anonymous_9)
FNDA:20,_computeInitDfaState
FNDA:20,_buildDfaTransitions
DA:10,2
DA:19,82
DA:20,82
DA:22,82
DA:23,89
DA:24,89
DA:25,89
DA:26,89
DA:30,82
DA:31,321
DA:32,1633
DA:33,321
DA:35,321
DA:36,321
DA:37,146
DA:38,232
DA:39,232
DA:40,232
DA:41,232
DA:47,82
DA:58,105
DA:59,105
DA:61,105
DA:62,1816
DA:63,370
DA:65,370
DA:66,370
DA:67,66
DA:68,66
DA:69,66
DA:70,66
DA:71,66
DA:77,105
DA:90,20
DA:91,20
DA:92,108
DA:93,108
DA:94,108
DA:95,88
DA:96,36
DA:100,20
DA:103,20
DA:105,55
DA:106,55
DA:107,55
DA:112,55
DA:113,603
DA:114,150
DA:116,19
DA:121,462
DA:122,78
DA:125,20
DA:126,20
DA:129,20
DA:130,20
DA:131,20
DA:132,20
DA:138,20
DA:139,20
DA:140,20
DA:144,20
DA:146,20
DA:147,55
DA:149,55
DA:150,102
DA:153,102
DA:154,102
DA:156,58
DA:157,58
DA:159,58
DA:161,23
DA:164,35
DA:165,0
DA:170,35
DA:171,35
DA:172,35
DA:178,35
DA:179,35
DA:180,35
DA:181,35
DA:187,20
DA:188,20
DA:190,20
DA:197,2
LF:84
LH:83
BRDA:24,0,0,89
BRDA:24,0,1,0
BRDA:33,1,0,0
BRDA:33,1,1,321
BRDA:36,2,0,146
BRDA:36,2,1,175
BRDA:39,3,0,232
BRDA:39,3,1,0
BRDA:63,4,0,0
BRDA:63,4,1,370
BRDA:66,5,0,66
BRDA:66,5,1,304
BRDA:69,6,0,66
BRDA:69,6,1,0
BRDA:95,7,0,36
BRDA:95,7,1,52
BRDA:114,8,0,36
BRDA:114,8,1,114
BRDA:114,9,0,150
BRDA:114,9,1,150
BRDA:154,10,0,44
BRDA:154,10,1,58
BRDA:159,11,0,23
BRDA:159,11,1,35
BRDA:164,12,0,0
BRDA:164,12,1,35
BRF:26
BRH:20
end_of_record
TN:
SF:utils/nginx-generator.js
FN:24,_stripTrailingSlash
FN:33,_cleanServerName
FN:47,_listenLine
FN:66,_http2Directive
FN:78,_ocspStapling
FN:93,_locationBlock
FN:117,_securityHeaders
FN:141,_serverBlock
FN:192,(anonymous_8)
FN:197,(anonymous_9)
FN:220,_redirectBlock
FN:237,_catchAllBlock
FN:263,generateConfig
FN:279,_validateServerName
FN:301,validateInputs
FNF:15
FNH:15
FNDA:2,_stripTrailingSlash
FNDA:20,_cleanServerName
FNDA:16,_listenLine
FNDA:7,_http2Directive
FNDA:7,_ocspStapling
FNDA:4,_locationBlock
FNDA:8,_securityHeaders
FNDA:8,_serverBlock
FNDA:22,(anonymous_8)
FNDA:30,(anonymous_9)
FNDA:2,_redirectBlock
FNDA:2,_catchAllBlock
FNDA:8,generateConfig
FNDA:12,_validateServerName
FNDA:12,validateInputs
DA:10,2
DA:15,2
DA:16,2
DA:17,2
DA:25,2
DA:34,20
DA:48,16
DA:49,16
DA:50,16
DA:52,16
DA:53,14
DA:54,14
DA:55,0
DA:58,16
DA:67,7
DA:68,5
DA:70,2
DA:79,7
DA:80,0
DA:94,4
DA:95,4
DA:97,4
DA:98,3
DA:99,3
DA:100,3
DA:101,3
DA:102,3
DA:103,3
DA:104,1
DA:105,1
DA:108,4
DA:109,4
DA:118,8
DA:119,8
DA:120,1
DA:121,1
DA:122,1
DA:124,8
DA:125,7
DA:127,8
DA:128,7
DA:130,8
DA:131,7
DA:133,8
DA:142,8
DA:143,8
DA:146,8
DA:147,8
DA:150,8
DA:151,8
DA:153,8
DA:156,8
DA:157,7
DA:158,7
DA:159,7
DA:160,7
DA:161,7
DA:162,7
DA:163,7
DA:164,7
DA:165,7
DA:166,7
DA:167,7
DA:168,7
DA:169,7
DA:170,7
DA:174,8
DA:175,2
DA:177,8
DA:178,3
DA:182,8
DA:183,4
DA:184,4
DA:188,8
DA:189,8
DA:190,7
DA:191,7
DA:192,22
DA:196,8
DA:197,30
DA:198,0
DA:200,2
DA:204,8
DA:205,1
DA:206,1
DA:207,1
DA:208,1
DA:211,8
DA:212,8
DA:221,2
DA:222,2
DA:238,2
DA:240,2
DA:241,2
DA:242,2
DA:243,2
DA:244,2
DA:245,2
DA:246,2
DA:248,2
DA:249,2
DA:250,2
DA:251,2
DA:252,2
DA:253,2
DA:254,2
DA:255,2
DA:264,8
DA:266,8
DA:267,2
DA:270,8
DA:272,8
DA:273,2
DA:276,8
DA:280,12
DA:281,2
DA:283,10
DA:284,10
DA:285,0
DA:287,10
DA:288,10
DA:289,21
DA:290,0
DA:293,10
DA:302,12
DA:305,12
DA:308,12
DA:309,12
DA:310,1
DA:314,12
DA:315,7
DA:316,3
DA:317,4
DA:318,1
DA:320,7
DA:321,3
DA:322,4
DA:323,0
DA:328,12
DA:329,0
DA:333,12
DA:334,1
DA:337,12
DA:340,2
LF:144
LH:137
BRDA:48,0,0,8
BRDA:48,0,1,8
BRDA:52,1,0,14
BRDA:52,1,1,2
BRDA:54,2,0,0
BRDA:54,2,1,14
BRDA:54,3,0,14
BRDA:54,3,1,10
BRDA:67,4,0,5
BRDA:67,4,1,2
BRDA:67,5,0,7
BRDA:67,5,1,7
BRDA:67,5,2,5
BRDA:79,6,0,7
BRDA:79,6,1,0
BRDA:97,7,0,3
BRDA:97,7,1,1
BRDA:104,8,0,1
BRDA:104,8,1,0
BRDA:119,9,0,1
BRDA:119,9,1,7
BRDA:121,10,0,0
BRDA:121,10,1,1
BRDA:124,11,0,7
BRDA:124,11,1,1
BRDA:127,12,0,7
BRDA:127,12,1,1
BRDA:130,13,0,7
BRDA:130,13,1,1
BRDA:151,14,0,8
BRDA:151,14,1,0
BRDA:156,15,0,7
BRDA:156,15,1,1
BRDA:161,16,0,7
BRDA:161,16,1,7
BRDA:161,16,2,0
BRDA:167,17,0,5
BRDA:167,17,1,2
BRDA:169,18,0,0
BRDA:169,18,1,7
BRDA:174,19,0,2
BRDA:174,19,1,6
BRDA:177,20,0,3
BRDA:177,20,1,5
BRDA:182,21,0,4
BRDA:182,21,1,4
BRDA:182,22,0,8
BRDA:182,22,1,6
BRDA:189,23,0,7
BRDA:189,23,1,1
BRDA:196,24,0,2
BRDA:196,24,1,6
BRDA:197,25,0,0
BRDA:197,25,1,2
BRDA:204,26,0,1
BRDA:204,26,1,7
BRDA:204,27,0,8
BRDA:204,27,1,7
BRDA:207,28,0,1
BRDA:207,28,1,0
BRDA:208,29,0,1
BRDA:208,29,1,0
BRDA:266,30,0,2
BRDA:266,30,1,6
BRDA:272,31,0,2
BRDA:272,31,1,6
BRDA:280,32,0,2
BRDA:280,32,1,10
BRDA:280,33,0,12
BRDA:280,33,1,10
BRDA:284,34,0,0
BRDA:284,34,1,10
BRDA:284,35,0,10
BRDA:284,35,1,10
BRDA:289,36,0,0
BRDA:289,36,1,21
BRDA:289,37,0,21
BRDA:289,37,1,21
BRDA:289,37,2,21
BRDA:309,38,0,1
BRDA:309,38,1,11
BRDA:309,39,0,12
BRDA:309,39,1,12
BRDA:309,39,2,12
BRDA:314,40,0,7
BRDA:314,40,1,5
BRDA:315,41,0,3
BRDA:315,41,1,4
BRDA:315,42,0,7
BRDA:315,42,1,4
BRDA:317,43,0,1
BRDA:317,43,1,3
BRDA:320,44,0,3
BRDA:320,44,1,4
BRDA:320,45,0,7
BRDA:320,45,1,4
BRDA:322,46,0,0
BRDA:322,46,1,4
BRDA:328,47,0,0
BRDA:328,47,1,12
BRDA:328,48,0,12
BRDA:328,48,1,0
BRDA:333,49,0,1
BRDA:333,49,1,11
BRDA:333,50,0,12
BRDA:333,50,1,3
BRF:106
BRH:91
end_of_record
TN:
SF:utils/page-replacement.js
FN:11,_findFreeFrame
FN:13,(anonymous_1)
FN:27,lruReplacement
FN:28,(anonymous_3)
FN:62,(anonymous_4)
FN:76,fifoReplacement
FN:77,(anonymous_6)
FN:98,(anonymous_7)
FNF:8
FNH:8
FNDA:13,_findFreeFrame
FNDA:62,(anonymous_1)
FNDA:14,lruReplacement
FNDA:46,(anonymous_3)
FNDA:22,(anonymous_4)
FNDA:13,fifoReplacement
FNDA:50,(anonymous_6)
FNDA:22,(anonymous_7)
DA:12,13
DA:13,62
DA:14,13
DA:17,0
DA:28,46
DA:31,14
DA:32,7
DA:33,7
DA:34,7
DA:40,7
DA:41,7
DA:43,7
DA:44,25
DA:45,25
DA:46,12
DA:47,12
DA:52,7
DA:53,0
DA:54,0
DA:55,0
DA:56,0
DA:57,0
DA:62,22
DA:63,7
DA:77,50
DA:80,13
DA:81,6
DA:82,6
DA:83,6
DA:88,7
DA:89,7
DA:91,7
DA:92,27
DA:93,10
DA:94,10
DA:98,22
DA:99,7
DA:105,2
LF:38
LH:32
BRDA:13,0,0,13
BRDA:13,0,1,14
BRDA:13,1,0,62
BRDA:13,1,1,36
BRDA:28,2,0,46
BRDA:28,2,1,32
BRDA:31,3,0,7
BRDA:31,3,1,7
BRDA:33,4,0,7
BRDA:33,4,1,0
BRDA:45,5,0,12
BRDA:45,5,1,13
BRDA:52,6,0,0
BRDA:52,6,1,7
BRDA:55,7,0,0
BRDA:55,7,1,0
BRDA:55,8,0,0
BRDA:55,8,1,0
BRDA:65,9,0,7
BRDA:65,9,1,0
BRDA:77,10,0,50
BRDA:77,10,1,34
BRDA:80,11,0,6
BRDA:80,11,1,7
BRDA:82,12,0,6
BRDA:82,12,1,0
BRDA:92,13,0,10
BRDA:92,13,1,17
BRDA:92,14,0,27
BRDA:92,14,1,27
BRDA:101,15,0,7
BRDA:101,15,1,0
BRF:32
BRH:23
end_of_record
TN:
SF:utils/paging.js
FN:28,decomposeAddress
FN:47,queryPageTable
FN:48,(anonymous_2)
FN:62,_createEntry
FN:77,_cloneTable
FN:78,(anonymous_5)
FN:92,pagingTransform
FN:98,(anonymous_7)
FN:113,(anonymous_8)
FN:128,(anonymous_9)
FN:131,(anonymous_10)
FN:141,(anonymous_11)
FN:143,(anonymous_12)
FNF:13
FNH:13
FNDA:32,decomposeAddress
FNDA:30,queryPageTable
FNDA:74,(anonymous_2)
FNDA:19,_createEntry
FNDA:32,_cloneTable
FNDA:116,(anonymous_5)
FNDA:6,pagingTransform
FNDA:6,(anonymous_7)
FNDA:24,(anonymous_8)
FNDA:39,(anonymous_9)
FNDA:54,(anonymous_10)
FNDA:58,(anonymous_11)
FNDA:42,(anonymous_12)
DA:29,32
DA:30,1
DA:32,31
DA:33,1
DA:35,30
DA:36,30
DA:37,30
DA:38,30
DA:48,74
DA:49,30
DA:50,14
DA:52,16
DA:63,19
DA:78,116
DA:94,6
DA:95,6
DA:96,6
DA:97,6
DA:98,6
DA:99,6
DA:101,6
DA:102,26
DA:103,26
DA:105,26
DA:106,26
DA:107,26
DA:109,26
DA:111,7
DA:112,7
DA:113,24
DA:116,19
DA:119,19
DA:120,19
DA:121,19
DA:123,19
DA:124,19
DA:127,19
DA:128,39
DA:129,10
DA:131,10
DA:132,54
DA:140,19
DA:141,58
DA:142,19
DA:143,7
DA:144,42
DA:149,12
DA:152,19
DA:155,26
DA:156,26
DA:158,26
DA:170,6
DA:171,6
DA:173,6
DA:179,1
LF:55
LH:55
BRDA:29,0,0,1
BRDA:29,0,1,31
BRDA:32,1,0,1
BRDA:32,1,1,30
BRDA:32,2,0,31
BRDA:32,2,1,31
BRDA:48,3,0,30
BRDA:48,3,1,14
BRDA:49,4,0,14
BRDA:49,4,1,16
BRDA:52,5,0,16
BRDA:52,5,1,8
BRDA:98,6,0,6
BRDA:98,6,1,4
BRDA:109,7,0,7
BRDA:109,7,1,19
BRDA:109,8,0,26
BRDA:109,8,1,7
BRDA:113,9,0,7
BRDA:113,9,1,17
BRDA:119,10,0,10
BRDA:119,10,1,9
BRDA:120,11,0,10
BRDA:120,11,1,9
BRDA:127,12,0,10
BRDA:127,12,1,9
BRDA:129,13,0,10
BRDA:129,13,1,0
BRDA:132,14,0,10
BRDA:132,14,1,44
BRDA:142,15,0,7
BRDA:142,15,1,12
BRDA:144,16,0,7
BRDA:144,16,1,35
BRDA:171,17,0,5
BRDA:171,17,1,1
BRF:36
BRH:35
end_of_record
TN:
SF:utils/process.js
FN:25,pidColor
FN:42,validateProcess
FN:72,randomProcesses
FNF:3
FNH:3
FNDA:24,pidColor
FNDA:9,validateProcess
FNDA:3,randomProcesses
DA:13,1
DA:18,1
DA:26,24
DA:27,0
DA:29,24
DA:30,24
DA:31,61
DA:33,24
DA:43,9
DA:44,9
DA:45,0
DA:47,9
DA:48,1
DA:50,9
DA:51,2
DA:53,9
DA:54,3
DA:56,9
DA:57,3
DA:58,2
DA:59,2
DA:60,2
DA:64,9
DA:73,3
DA:74,3
DA:75,3
DA:76,20
DA:82,3
DA:85,1
LF:29
LH:27
BRDA:26,0,0,0
BRDA:26,0,1,24
BRDA:26,1,0,24
BRDA:26,1,1,24
BRDA:44,2,0,0
BRDA:44,2,1,9
BRDA:44,3,0,9
BRDA:44,3,1,9
BRDA:47,4,0,1
BRDA:47,4,1,8
BRDA:47,5,0,9
BRDA:47,5,1,9
BRDA:50,6,0,2
BRDA:50,6,1,7
BRDA:50,7,0,9
BRDA:50,7,1,9
BRDA:50,7,2,8
BRDA:53,8,0,3
BRDA:53,8,1,6
BRDA:53,9,0,9
BRDA:53,9,1,9
BRDA:53,9,2,8
BRDA:56,10,0,3
BRDA:56,10,1,6
BRDA:56,11,0,9
BRDA:56,11,1,3
BRDA:58,12,0,2
BRDA:58,12,1,0
BRDA:58,13,0,2
BRDA:58,13,1,2
BRDA:73,14,0,3
BRDA:73,14,1,0
BRF:32
BRH:28
end_of_record
TN:
SF:utils/producer-consumer.js
FN:23,createSimulation
FN:49,_makeLog
FN:79,_doPV
FN:105,producerStep
FN:185,consumerStep
FN:267,addRandomItems
FN:286,resetSimulation
FNF:7
FNH:7
FNDA:20,createSimulation
FNDA:224,_makeLog
FNDA:176,_doPV
FNDA:34,producerStep
FNDA:14,consumerStep
FNDA:3,addRandomItems
FNDA:1,resetSimulation
DA:12,1
DA:14,1
DA:15,1
DA:16,1
DA:24,20
DA:25,20
DA:50,224
DA:58,224
DA:59,176
DA:60,176
DA:61,176
DA:63,224
DA:64,44
DA:66,224
DA:80,176
DA:82,176
DA:83,88
DA:85,88
DA:87,176
DA:88,176
DA:96,176
DA:106,34
DA:108,34
DA:110,2
DA:114,2
DA:124,32
DA:125,32
DA:126,32
DA:129,32
DA:130,32
DA:131,32
DA:132,32
DA:135,32
DA:136,32
DA:137,32
DA:138,32
DA:141,32
DA:142,32
DA:143,32
DA:144,32
DA:145,32
DA:149,32
DA:150,32
DA:153,32
DA:154,32
DA:155,32
DA:156,32
DA:159,32
DA:160,32
DA:161,32
DA:162,32
DA:164,32
DA:186,14
DA:188,14
DA:190,2
DA:194,2
DA:204,12
DA:205,12
DA:206,12
DA:209,12
DA:210,12
DA:211,12
DA:212,12
DA:215,12
DA:216,12
DA:217,12
DA:218,12
DA:221,12
DA:222,12
DA:223,12
DA:224,12
DA:225,12
DA:226,12
DA:230,12
DA:231,12
DA:234,12
DA:235,12
DA:236,12
DA:237,12
DA:240,12
DA:241,12
DA:242,12
DA:243,12
DA:245,12
DA:268,3
DA:269,3
DA:270,3
DA:271,3
DA:272,11
DA:273,10
DA:274,10
DA:275,10
DA:276,10
DA:278,3
DA:287,1
DA:290,1
LF:96
LH:96
BRDA:24,0,0,20
BRDA:24,0,1,0
BRDA:55,1,0,224
BRDA:55,1,1,220
BRDA:56,2,0,224
BRDA:56,2,1,224
BRDA:58,3,0,176
BRDA:58,3,1,48
BRDA:63,4,0,44
BRDA:63,4,1,180
BRDA:82,5,0,88
BRDA:82,5,1,88
BRDA:93,6,0,176
BRDA:93,6,1,176
BRDA:94,7,0,176
BRDA:94,7,1,88
BRDA:108,8,0,2
BRDA:108,8,1,32
BRDA:188,9,0,2
BRDA:188,9,1,12
BRDA:226,10,0,12
BRDA:226,10,1,0
BRDA:228,11,0,12
BRDA:228,11,1,0
BRDA:270,12,0,2
BRDA:270,12,1,1
BRDA:272,13,0,1
BRDA:272,13,1,10
BRF:28
BRH:25
end_of_record
TN:
SF:utils/rag.js
FN:15,createRag
FN:26,addProcess
FN:27,(anonymous_2)
FN:48,addResource
FN:49,(anonymous_4)
FN:62,_findNode
FN:63,(anonymous_6)
FN:64,(anonymous_7)
FN:67,_getResourceTotal
FN:68,(anonymous_9)
FN:72,_sumAllocations
FN:74,(anonymous_11)
FN:89,addEdge
FN:93,(anonymous_13)
FN:99,(anonymous_14)
FN:100,(anonymous_15)
FN:105,(anonymous_16)
FN:106,(anonymous_17)
FN:112,(anonymous_18)
FN:142,removeNode
FN:145,(anonymous_20)
FN:146,(anonymous_21)
FN:147,(anonymous_22)
FN:159,removeEdge
FN:160,(anonymous_24)
FN:165,(anonymous_25)
FN:174,getRagErrors
FN:187,toWaitForGraph
FN:188,(anonymous_28)
FN:191,(anonymous_29)
FN:192,(anonymous_30)
FN:195,(anonymous_31)
FN:198,(anonymous_32)
FN:202,(anonymous_33)
FN:203,(anonymous_34)
FN:214,(anonymous_35)
FN:215,(anonymous_36)
FN:228,detectCycle
FN:230,(anonymous_38)
FN:231,(anonymous_39)
FN:238,(anonymous_40)
FN:245,dfs
FN:247,(anonymous_42)
FN:265,(anonymous_43)
FN:280,detectDeadlock
FN:285,(anonymous_45)
FN:290,(anonymous_46)
FN:291,(anonymous_47)
FNF:48
FNH:48
FNDA:31,createRag
FNDA:37,addProcess
FNDA:24,(anonymous_2)
FNDA:33,addResource
FNDA:21,(anonymous_4)
FNDA:70,_findNode
FNDA:107,(anonymous_6)
FNDA:44,(anonymous_7)
FNDA:28,_getResourceTotal
FNDA:38,(anonymous_9)
FNDA:13,_sumAllocations
FNDA:20,(anonymous_11)
FNDA:34,addEdge
FNDA:31,(anonymous_13)
FNDA:21,(anonymous_14)
FNDA:21,(anonymous_15)
FNDA:19,(anonymous_16)
FNDA:22,(anonymous_17)
FNDA:18,(anonymous_18)
FNDA:3,removeNode
FNDA:2,(anonymous_20)
FNDA:2,(anonymous_21)
FNDA:2,(anonymous_22)
FNDA:2,removeEdge
FNDA:1,(anonymous_24)
FNDA:1,(anonymous_25)
FNDA:3,getRagErrors
FNDA:7,toWaitForGraph
FNDA:14,(anonymous_28)
FNDA:14,(anonymous_29)
FNDA:30,(anonymous_30)
FNDA:64,(anonymous_31)
FNDA:64,(anonymous_32)
FNDA:11,(anonymous_33)
FNDA:11,(anonymous_34)
FNDA:8,(anonymous_35)
FNDA:5,(anonymous_36)
FNDA:8,detectCycle
FNDA:14,(anonymous_38)
FNDA:10,(anonymous_39)
FNDA:14,(anonymous_40)
FNDA:14,dfs
FNDA:10,(anonymous_42)
FNDA:14,(anonymous_43)
FNDA:4,detectDeadlock
FNDA:8,(anonymous_45)
FNDA:2,(anonymous_46)
FNDA:7,(anonymous_47)
DA:8,1
DA:9,1
DA:16,31
DA:27,37
DA:28,1
DA:30,36
DA:31,1
DA:33,35
DA:49,33
DA:50,1
DA:52,32
DA:53,1
DA:55,31
DA:63,107
DA:64,44
DA:68,38
DA:69,28
DA:73,13
DA:74,13
DA:75,20
DA:77,13
DA:90,34
DA:91,33
DA:92,32
DA:93,31
DA:94,1
DA:98,30
DA:99,21
DA:100,21
DA:101,16
DA:102,1
DA:104,14
DA:105,19
DA:106,22
DA:107,14
DA:108,1
DA:112,28
DA:113,28
DA:114,28
DA:116,28
DA:117,13
DA:118,13
DA:119,0
DA:123,15
DA:124,1
DA:129,27
DA:143,3
DA:144,2
DA:145,2
DA:146,2
DA:147,2
DA:160,2
DA:161,2
DA:162,1
DA:165,1
DA:175,3
DA:176,3
DA:177,3
DA:178,3
DA:188,14
DA:189,7
DA:191,7
DA:192,14
DA:193,30
DA:195,16
DA:196,64
DA:198,16
DA:199,64
DA:202,16
DA:203,11
DA:204,11
DA:205,8
DA:213,7
DA:214,7
DA:215,8
DA:216,8
DA:220,7
DA:229,8
DA:230,14
DA:231,8
DA:232,10
DA:235,8
DA:236,8
DA:237,8
DA:238,8
DA:239,14
DA:240,14
DA:243,8
DA:246,14
DA:247,14
DA:248,10
DA:250,4
DA:251,4
DA:252,4
DA:253,4
DA:254,4
DA:256,4
DA:257,6
DA:258,6
DA:259,6
DA:262,14
DA:265,8
DA:266,14
DA:269,8
DA:281,4
DA:282,4
DA:283,4
DA:284,4
DA:285,8
DA:287,4
DA:289,2
DA:290,2
DA:291,2
DA:292,7
DA:295,2
DA:298,4
DA:305,1
LF:117
LH:116
BRDA:27,0,0,1
BRDA:27,0,1,36
BRDA:30,1,0,1
BRDA:30,1,1,35
BRDA:49,2,0,1
BRDA:49,2,1,32
BRDA:52,3,0,1
BRDA:52,3,1,31
BRDA:63,4,0,70
BRDA:63,4,1,36
BRDA:69,5,0,28
BRDA:69,5,1,0
BRDA:75,6,0,2
BRDA:75,6,1,18
BRDA:75,7,0,20
BRDA:75,7,1,2
BRDA:90,8,0,1
BRDA:90,8,1,33
BRDA:91,9,0,1
BRDA:91,9,1,32
BRDA:92,10,0,1
BRDA:92,10,1,31
BRDA:92,11,0,32
BRDA:92,11,1,15
BRDA:93,12,0,1
BRDA:93,12,1,30
BRDA:93,13,0,31
BRDA:93,13,1,3
BRDA:93,13,2,1
BRDA:98,14,0,16
BRDA:98,14,1,14
BRDA:101,15,0,1
BRDA:101,15,1,15
BRDA:101,16,0,16
BRDA:101,16,1,15
BRDA:104,17,0,14
BRDA:104,17,1,0
BRDA:107,18,0,1
BRDA:107,18,1,13
BRDA:107,19,0,14
BRDA:107,19,1,13
BRDA:112,20,0,28
BRDA:112,20,1,0
BRDA:112,21,0,28
BRDA:112,21,1,13
BRDA:112,21,2,13
BRDA:113,22,0,15
BRDA:113,22,1,13
BRDA:116,23,0,13
BRDA:116,23,1,15
BRDA:118,24,0,0
BRDA:118,24,1,13
BRDA:123,25,0,1
BRDA:123,25,1,14
BRDA:143,26,0,1
BRDA:143,26,1,2
BRDA:147,27,0,2
BRDA:147,27,1,1
BRDA:160,28,0,1
BRDA:160,28,1,1
BRDA:160,28,2,1
BRDA:161,29,0,1
BRDA:161,29,1,1
BRDA:176,30,0,1
BRDA:176,30,1,2
BRDA:177,31,0,2
BRDA:177,31,1,1
BRDA:193,32,0,14
BRDA:193,32,1,16
BRDA:196,33,0,64
BRDA:196,33,1,11
BRDA:199,34,0,64
BRDA:199,34,1,15
BRDA:204,35,0,8
BRDA:204,35,1,3
BRDA:215,36,0,8
BRDA:215,36,1,0
BRDA:215,37,0,5
BRDA:215,37,1,0
BRDA:232,38,0,10
BRDA:232,38,1,0
BRDA:247,39,0,14
BRDA:247,39,1,0
BRDA:248,40,0,4
BRDA:248,40,1,6
BRDA:252,41,0,8
BRDA:252,41,1,4
BRDA:257,42,0,6
BRDA:257,42,1,0
BRDA:266,43,0,8
BRDA:266,43,1,6
BRDA:287,44,0,2
BRDA:287,44,1,2
BRDA:292,45,0,7
BRDA:292,45,1,0
BRDA:300,46,0,2
BRDA:300,46,1,2
BRF:97
BRH:87
end_of_record
TN:
SF:utils/regex-nfa.js
FN:27,parseRegex
FN:37,parseExpr
FN:53,parseTerm
FN:72,parseFactor
FN:92,parseAtom
FN:152,resetStateId
FN:161,newState
FN:172,addEps
FN:184,addEpsToState
FN:194,setNonAccept
FN:208,findState
FN:220,astToNFA
FN:328,regexToNFA
FNF:13
FNH:13
FNDA:58,parseRegex
FNDA:59,parseExpr
FNDA:73,parseTerm
FNDA:85,parseFactor
FNDA:85,parseAtom
FNDA:78,resetStateId
FNDA:172,newState
FNDA:116,addEps
FNDA:61,addEpsToState
FNDA:47,setNonAccept
FNDA:108,findState
FNDA:94,astToNFA
FNDA:39,regexToNFA
DA:11,3
DA:14,3
DA:15,3
DA:16,3
DA:17,3
DA:18,3
DA:19,3
DA:20,3
DA:28,58
DA:29,3
DA:31,55
DA:32,3
DA:35,52
DA:38,59
DA:39,0
DA:41,59
DA:42,56
DA:43,15
DA:44,15
DA:45,1
DA:47,14
DA:48,14
DA:50,55
DA:54,73
DA:55,73
DA:56,85
DA:58,70
DA:59,0
DA:61,70
DA:62,62
DA:65,8
DA:66,8
DA:67,11
DA:69,8
DA:73,85
DA:74,82
DA:75,53
DA:76,53
DA:77,15
DA:78,15
DA:79,38
DA:80,2
DA:81,2
DA:82,36
DA:83,2
DA:84,2
DA:86,34
DA:89,82
DA:93,85
DA:94,0
DA:97,85
DA:99,85
DA:100,7
DA:101,7
DA:102,7
DA:103,1
DA:105,6
DA:106,6
DA:109,78
DA:110,0
DA:112,78
DA:113,0
DA:115,78
DA:116,1
DA:120,77
DA:121,3
DA:122,3
DA:123,1
DA:125,2
DA:126,2
DA:127,2
DA:131,74
DA:132,74
DA:135,52
DA:136,48
DA:137,1
DA:138,1
DA:140,0
DA:142,47
DA:147,3
DA:153,78
DA:162,172
DA:173,116
DA:174,116
DA:175,76
DA:177,116
DA:178,116
DA:185,61
DA:186,61
DA:187,61
DA:195,47
DA:196,47
DA:198,47
DA:199,47
DA:200,47
DA:209,108
DA:210,216
DA:212,0
DA:221,94
DA:222,0
DA:225,94
DA:227,57
DA:228,57
DA:229,57
DA:230,57
DA:234,2
DA:235,2
DA:236,2
DA:237,2
DA:241,12
DA:242,12
DA:243,12
DA:244,12
DA:245,12
DA:246,12
DA:247,12
DA:248,12
DA:249,12
DA:250,12
DA:251,12
DA:259,8
DA:260,8
DA:261,8
DA:262,8
DA:263,8
DA:271,13
DA:272,13
DA:273,13
DA:274,13
DA:275,13
DA:276,13
DA:277,13
DA:278,13
DA:279,13
DA:288,1
DA:289,1
DA:290,1
DA:291,1
DA:292,1
DA:293,1
DA:294,1
DA:295,1
DA:304,1
DA:305,1
DA:306,1
DA:307,1
DA:308,1
DA:309,1
DA:310,1
DA:311,1
DA:319,0
DA:329,39
DA:330,39
DA:331,39
DA:334,3
LF:155
LH:146
BRDA:28,0,0,3
BRDA:28,0,1,55
BRDA:31,1,0,3
BRDA:31,1,1,52
BRDA:38,2,0,0
BRDA:38,2,1,59
BRDA:42,3,0,70
BRDA:42,3,1,22
BRDA:44,4,0,1
BRDA:44,4,1,14
BRDA:55,5,0,155
BRDA:55,5,1,107
BRDA:55,5,2,92
BRDA:58,6,0,0
BRDA:58,6,1,70
BRDA:61,7,0,62
BRDA:61,7,1,8
BRDA:76,8,0,15
BRDA:76,8,1,38
BRDA:79,9,0,2
BRDA:79,9,1,36
BRDA:82,10,0,2
BRDA:82,10,1,34
BRDA:93,11,0,0
BRDA:93,11,1,85
BRDA:99,12,0,7
BRDA:99,12,1,78
BRDA:102,13,0,1
BRDA:102,13,1,6
BRDA:102,14,0,7
BRDA:102,14,1,6
BRDA:109,15,0,0
BRDA:109,15,1,78
BRDA:112,16,0,0
BRDA:112,16,1,78
BRDA:115,17,0,1
BRDA:115,17,1,77
BRDA:115,18,0,78
BRDA:115,18,1,77
BRDA:115,18,2,77
BRDA:120,19,0,3
BRDA:120,19,1,74
BRDA:122,20,0,1
BRDA:122,20,1,2
BRDA:136,21,0,1
BRDA:136,21,1,47
BRDA:137,22,0,1
BRDA:137,22,1,0
BRDA:174,23,0,76
BRDA:174,23,1,40
BRDA:186,24,0,61
BRDA:186,24,1,0
BRDA:196,25,0,47
BRDA:196,25,1,0
BRDA:199,26,0,47
BRDA:199,26,1,0
BRDA:210,27,0,108
BRDA:210,27,1,108
BRDA:221,28,0,0
BRDA:221,28,1,94
BRDA:221,29,0,94
BRDA:221,29,1,94
BRDA:225,30,0,57
BRDA:225,30,1,2
BRDA:225,30,2,12
BRDA:225,30,3,8
BRDA:225,30,4,13
BRDA:225,30,5,1
BRDA:225,30,6,1
BRDA:225,30,7,0
BRF:70
BRH:59
end_of_record
TN:
SF:utils/rsa-core.js
FN:21,isPrime
FN:38,gcd
FN:58,extendedGcd
FN:103,modPow
FN:123,modPowWithSteps
FN:146,phi
FN:157,modInverse
FN:175,detectWeakKey
FN:213,generateKeypair
FN:261,encrypt
FN:272,decrypt
FNF:11
FNH:11
FNDA:193,isPrime
FNDA:21,gcd
FNDA:12,extendedGcd
FNDA:13,modPow
FNDA:1,modPowWithSteps
FNDA:9,phi
FNDA:2,modInverse
FNDA:3,detectWeakKey
FNDA:9,generateKeypair
FNDA:5,encrypt
FNDA:5,decrypt
DA:22,193
DA:23,191
DA:24,186
DA:25,185
DA:26,185
DA:27,1521
DA:29,183
DA:39,21
DA:40,21
DA:41,21
DA:42,61
DA:43,61
DA:44,61
DA:46,21
DA:59,12
DA:60,12
DA:61,12
DA:62,12
DA:63,12
DA:64,12
DA:65,12
DA:66,53
DA:67,53
DA:68,53
DA:69,53
DA:70,53
DA:71,53
DA:74,53
DA:75,41
DA:83,53
DA:84,53
DA:85,53
DA:87,53
DA:88,53
DA:89,53
DA:91,12
DA:104,13
DA:105,13
DA:106,13
DA:107,13
DA:108,13
DA:109,70
DA:110,70
DA:111,70
DA:113,13
DA:124,1
DA:125,1
DA:126,1
DA:127,1
DA:128,1
DA:129,1
DA:130,1
DA:131,3
DA:132,3
DA:133,3
DA:134,3
DA:135,3
DA:137,1
DA:147,9
DA:158,2
DA:159,2
DA:160,1
DA:176,3
DA:177,3
DA:180,3
DA:181,1
DA:183,3
DA:184,1
DA:188,3
DA:189,3
DA:190,3
DA:191,1
DA:195,3
DA:196,3
DA:197,1
DA:198,1
DA:199,1
DA:200,1
DA:204,3
DA:214,9
DA:215,8
DA:216,8
DA:218,7
DA:219,7
DA:222,7
DA:223,7
DA:224,10
DA:226,7
DA:229,7
DA:230,7
DA:233,7
DA:251,7
DA:262,5
DA:273,5
DA:276,1
LF:95
LH:95
BRDA:22,0,0,2
BRDA:22,0,1,191
BRDA:23,1,0,5
BRDA:23,1,1,186
BRDA:23,2,0,191
BRDA:23,2,1,189
BRDA:24,3,0,1
BRDA:24,3,1,185
BRDA:27,4,0,2
BRDA:27,4,1,1519
BRDA:59,5,0,0
BRDA:59,5,1,12
BRDA:74,6,0,41
BRDA:74,6,1,12
BRDA:104,7,0,0
BRDA:104,7,1,13
BRDA:109,8,0,48
BRDA:109,8,1,22
BRDA:124,9,0,0
BRDA:124,9,1,1
BRDA:131,10,0,2
BRDA:131,10,1,1
BRDA:132,11,0,2
BRDA:132,11,1,1
BRDA:159,12,0,1
BRDA:159,12,1,1
BRDA:177,13,0,3
BRDA:177,13,1,2
BRDA:180,14,0,1
BRDA:180,14,1,2
BRDA:183,15,0,1
BRDA:183,15,1,2
BRDA:190,16,0,1
BRDA:190,16,1,2
BRDA:195,17,0,3
BRDA:195,17,1,2
BRDA:198,18,0,1
BRDA:198,18,1,0
BRDA:198,19,0,1
BRDA:198,19,1,1
BRDA:214,20,0,1
BRDA:214,20,1,8
BRDA:215,21,0,0
BRDA:215,21,1,8
BRDA:216,22,0,1
BRDA:216,22,1,7
BRDA:223,23,0,17
BRDA:223,23,1,10
BRDA:226,24,0,0
BRDA:226,24,1,7
BRF:50
BRH:44
end_of_record
TN:
SF:utils/rsa-primes.js
FNF:0
FNH:0
DA:5,1
DA:25,1
LF:2
LH:2
BRF:0
BRH:0
end_of_record
TN:
SF:utils/scheduling-metrics.js
FN:20,calculate
FN:43,(anonymous_1)
FNF:2
FNH:2
FNDA:6,calculate
FNDA:9,(anonymous_1)
DA:21,6
DA:22,2
DA:25,4
DA:26,4
DA:27,15
DA:28,15
DA:32,4
DA:33,4
DA:34,4
DA:35,9
DA:36,9
DA:37,9
DA:38,9
DA:39,9
DA:42,4
DA:43,9
DA:44,4
DA:45,4
DA:46,9
DA:49,4
DA:57,1
LF:21
LH:21
BRDA:21,0,0,2
BRDA:21,0,1,4
BRDA:21,1,0,6
BRDA:21,1,1,6
BRDA:21,1,2,6
BRDA:21,1,3,5
BRDA:27,2,0,15
BRDA:27,2,1,0
BRDA:27,3,0,15
BRDA:27,3,1,9
BRDA:35,4,0,9
BRDA:35,4,1,0
BRDA:46,5,0,9
BRDA:46,5,1,0
BRDA:52,6,0,0
BRDA:52,6,1,4
BRDA:53,7,0,0
BRDA:53,7,1,4
BRF:18
BRH:13
end_of_record
TN:
SF:utils/scheduling.js
FN:15,_byArrivalThenPid
FN:23,_nextArrivalTime
FN:38,fcfs
FN:56,sjf
FN:63,(anonymous_4)
FN:70,(anonymous_5)
FN:85,_admitNew
FN:102,rr
FN:155,mfq
FN:167,(anonymous_9)
FN:173,(anonymous_10)
FNF:11
FNH:11
FNDA:16,_byArrivalThenPid
FNDA:1,_nextArrivalTime
FNDA:6,fcfs
FNDA:5,sjf
FNDA:29,(anonymous_4)
FNDA:8,(anonymous_5)
FNDA:33,_admitNew
FNDA:5,rr
FNDA:5,mfq
FNDA:12,(anonymous_9)
FNDA:23,(anonymous_10)
DA:10,1
DA:16,16
DA:17,6
DA:24,1
DA:25,1
DA:26,1
DA:27,1
DA:30,1
DA:39,6
DA:40,5
DA:41,5
DA:42,5
DA:43,5
DA:44,12
DA:45,12
DA:46,12
DA:48,5
DA:57,5
DA:58,4
DA:59,4
DA:60,4
DA:62,4
DA:63,11
DA:64,29
DA:66,11
DA:67,1
DA:68,1
DA:70,10
DA:71,8
DA:72,4
DA:74,10
DA:75,10
DA:76,10
DA:77,10
DA:79,4
DA:86,33
DA:87,7
DA:88,7
DA:89,7
DA:91,7
DA:93,33
DA:103,5
DA:104,4
DA:105,0
DA:107,4
DA:108,4
DA:109,7
DA:111,4
DA:112,4
DA:113,4
DA:114,4
DA:115,4
DA:116,4
DA:118,4
DA:119,17
DA:120,17
DA:121,1
DA:122,1
DA:124,16
DA:125,16
DA:126,16
DA:127,16
DA:128,16
DA:129,16
DA:130,16
DA:133,16
DA:134,16
DA:135,9
DA:136,9
DA:138,16
DA:139,16
DA:141,4
DA:156,5
DA:157,4
DA:158,4
DA:159,12
DA:160,0
DA:163,4
DA:164,4
DA:165,8
DA:167,12
DA:168,4
DA:169,4
DA:170,4
DA:171,4
DA:173,4
DA:174,23
DA:175,8
DA:176,8
DA:177,8
DA:178,24
DA:180,8
DA:181,8
DA:185,4
DA:186,12
DA:187,12
DA:188,12
DA:189,17
DA:191,12
DA:192,1
DA:193,1
DA:195,11
DA:196,11
DA:197,11
DA:198,11
DA:199,11
DA:200,11
DA:202,11
DA:203,11
DA:204,8
DA:205,3
DA:206,3
DA:208,0
DA:211,4
DA:214,1
LF:115
LH:112
BRDA:16,0,0,10
BRDA:16,0,1,6
BRDA:26,1,0,1
BRDA:26,1,1,0
BRDA:26,2,0,1
BRDA:26,2,1,1
BRDA:39,3,0,1
BRDA:39,3,1,5
BRDA:39,4,0,6
BRDA:39,4,1,6
BRDA:44,5,0,1
BRDA:44,5,1,11
BRDA:57,6,0,1
BRDA:57,6,1,4
BRDA:57,7,0,5
BRDA:57,7,1,5
BRDA:64,8,0,29
BRDA:64,8,1,20
BRDA:66,9,0,1
BRDA:66,9,1,10
BRDA:71,10,0,4
BRDA:71,10,1,4
BRDA:86,11,0,40
BRDA:86,11,1,10
BRDA:87,12,0,7
BRDA:87,12,1,0
BRDA:103,13,0,1
BRDA:103,13,1,4
BRDA:103,14,0,5
BRDA:103,14,1,5
BRDA:104,15,0,0
BRDA:104,15,1,4
BRDA:104,16,0,4
BRDA:104,16,1,4
BRDA:104,16,2,4
BRDA:120,17,0,1
BRDA:120,17,1,16
BRDA:134,18,0,9
BRDA:134,18,1,7
BRDA:139,19,0,7
BRDA:139,19,1,9
BRDA:156,20,0,1
BRDA:156,20,1,4
BRDA:156,21,0,5
BRDA:156,21,1,5
BRDA:157,22,0,1
BRDA:157,22,1,3
BRDA:157,23,0,4
BRDA:157,23,1,1
BRDA:159,24,0,0
BRDA:159,24,1,12
BRDA:159,25,0,12
BRDA:159,25,1,12
BRDA:159,25,2,12
BRDA:174,26,0,31
BRDA:174,26,1,10
BRDA:178,27,0,0
BRDA:178,27,1,24
BRDA:180,28,0,8
BRDA:180,28,1,0
BRDA:189,29,0,11
BRDA:189,29,1,6
BRDA:191,30,0,1
BRDA:191,30,1,11
BRDA:203,31,0,8
BRDA:203,31,1,3
BRDA:205,32,0,3
BRDA:205,32,1,0
BRF:68
BRH:61
end_of_record
TN:
SF:utils/semaphore.js
FN:16,createSemaphore
FN:34,semWait
FN:63,semSignal
FNF:3
FNH:3
FNDA:75,createSemaphore
FNDA:97,semWait
FNDA:99,semSignal
DA:17,75
DA:18,1
DA:20,74
DA:35,97
DA:36,97
DA:37,97
DA:38,97
DA:47,97
DA:64,99
DA:65,99
DA:66,99
DA:67,99
DA:68,4
DA:69,4
DA:71,99
DA:80,99
DA:91,2
LF:17
LH:17
BRDA:17,0,0,1
BRDA:17,0,1,74
BRDA:17,1,0,75
BRDA:17,1,1,75
BRDA:37,2,0,3
BRDA:37,2,1,94
BRDA:67,3,0,4
BRDA:67,3,1,95
BRDA:67,4,0,99
BRDA:67,4,1,4
BRDA:73,5,0,99
BRDA:73,5,1,95
BRF:12
BRH:12
end_of_record
TN:
SF:utils/sha256-avalanche.js
FN:11,_utf8Encode
FN:45,flipFirstBit
FN:77,avalancheReport
FNF:3
FNH:3
FNDA:3,_utf8Encode
FNDA:3,flipFirstBit
FNDA:4,avalancheReport
DA:8,1
DA:9,1
DA:12,3
DA:13,3
DA:14,6
DA:15,6
DA:16,6
DA:17,0
DA:18,0
DA:19,0
DA:20,0
DA:21,0
DA:22,0
DA:23,0
DA:24,0
DA:29,0
DA:32,0
DA:35,3
DA:46,3
DA:47,0
DA:49,3
DA:50,3
DA:51,1
DA:53,2
DA:54,2
DA:56,2
DA:57,2
DA:58,6
DA:60,2
DA:78,4
DA:79,0
DA:81,4
DA:82,4
DA:83,4
DA:84,4
DA:85,4
DA:93,1
LF:37
LH:25
BRDA:15,0,0,6
BRDA:15,0,1,0
BRDA:17,1,0,0
BRDA:17,1,1,0
BRDA:19,2,0,0
BRDA:19,2,1,0
BRDA:19,3,0,0
BRDA:19,3,1,0
BRDA:19,3,2,0
BRDA:21,4,0,0
BRDA:21,4,1,0
BRDA:21,5,0,0
BRDA:21,5,1,0
BRDA:46,6,0,0
BRDA:46,6,1,3
BRDA:46,7,0,3
BRDA:46,7,1,3
BRDA:50,8,0,1
BRDA:50,8,1,2
BRDA:78,9,0,0
BRDA:78,9,1,4
BRDA:78,10,0,4
BRDA:78,10,1,0
BRF:23
BRH:8
end_of_record
TN:
SF:utils/sha256-trace.js
FN:14,_utf8Encode
FN:41,_rotr
FN:42,_Ch
FN:43,_Maj
FN:44,_Sigma0
FN:45,_Sigma1
FN:46,_sigma0
FN:47,_sigma1
FN:49,_add32
FN:55,_padMessage
FN:80,_processBlockTraced
FN:137,trace
FN:166,hammingDistance
FNF:13
FNH:13
FNDA:7,_utf8Encode
FNDA:5184,_rotr
FNDA:576,_Ch
FNDA:576,_Maj
FNDA:576,_Sigma0
FNDA:576,_Sigma1
FNDA:432,_sigma0
FNDA:432,_sigma1
FNDA:2808,_add32
FNDA:7,_padMessage
FNDA:9,_processBlockTraced
FNDA:7,trace
FNDA:7,hammingDistance
DA:10,2
DA:15,7
DA:16,7
DA:17,143
DA:18,143
DA:19,143
DA:20,0
DA:21,0
DA:22,0
DA:23,0
DA:24,0
DA:25,0
DA:26,0
DA:27,0
DA:32,0
DA:35,0
DA:38,7
DA:41,5184
DA:42,576
DA:43,576
DA:44,576
DA:45,576
DA:46,432
DA:47,432
DA:50,2808
DA:51,8208
DA:52,2808
DA:56,7
DA:57,7
DA:58,7
DA:59,7
DA:60,7
DA:61,7
DA:62,7
DA:63,7
DA:64,7
DA:65,7
DA:66,7
DA:67,7
DA:68,7
DA:69,7
DA:70,7
DA:71,7
DA:72,7
DA:81,9
DA:82,9
DA:83,144
DA:88,9
DA:89,432
DA:92,9
DA:93,9
DA:95,9
DA:96,9
DA:97,576
DA:98,576
DA:99,576
DA:108,576
DA:109,576
DA:110,576
DA:111,576
DA:112,576
DA:113,576
DA:114,576
DA:115,576
DA:118,9
DA:119,9
DA:120,9
DA:121,9
DA:122,9
DA:123,9
DA:124,9
DA:125,9
DA:127,9
DA:138,7
DA:139,0
DA:141,7
DA:142,7
DA:144,7
DA:145,7
DA:146,7
DA:147,7
DA:148,9
DA:151,7
DA:152,7
DA:153,56
DA:156,7
DA:167,7
DA:168,0
DA:170,7
DA:171,0
DA:173,7
DA:174,7
DA:175,42
DA:176,42
DA:177,42
DA:178,42
DA:179,748
DA:180,748
DA:183,7
DA:186,2
LF:100
LH:87
BRDA:18,0,0,143
BRDA:18,0,1,0
BRDA:20,1,0,0
BRDA:20,1,1,0
BRDA:22,2,0,0
BRDA:22,2,1,0
BRDA:22,3,0,0
BRDA:22,3,1,0
BRDA:22,3,2,0
BRDA:24,4,0,0
BRDA:24,4,1,0
BRDA:24,5,0,0
BRDA:24,5,1,0
BRDA:138,6,0,0
BRDA:138,6,1,7
BRDA:138,7,0,7
BRDA:138,7,1,7
BRDA:141,8,0,0
BRDA:141,8,1,7
BRDA:167,9,0,0
BRDA:167,9,1,7
BRDA:167,10,0,7
BRDA:167,10,1,7
BRDA:170,11,0,0
BRDA:170,11,1,7
BRF:25
BRH:9
end_of_record
TN:
SF:utils/sha256.js
FN:41,_rotr
FN:49,_Ch
FN:50,_Maj
FN:51,_Sigma0
FN:52,_Sigma1
FN:53,_sigma0
FN:54,_sigma1
FN:59,_add32
FN:73,_utf8Encode
FN:108,_processBlock
FN:158,sha256
FNF:11
FNH:11
FNDA:26496,_rotr
FNDA:2944,_Ch
FNDA:2944,_Maj
FNDA:2944,_Sigma0
FNDA:2944,_Sigma1
FNDA:2208,_sigma0
FNDA:2208,_sigma1
FNDA:14352,_add32
FNDA:26,_utf8Encode
FNDA:46,_processBlock
FNDA:26,sha256
DA:15,3
DA:31,3
DA:42,26496
DA:49,2944
DA:50,2944
DA:51,2944
DA:52,2944
DA:53,2208
DA:54,2208
DA:60,14352
DA:61,41952
DA:62,14352
DA:74,26
DA:75,26
DA:76,873
DA:77,873
DA:78,530
DA:79,343
DA:80,0
DA:81,343
DA:82,1
DA:83,1
DA:84,1
DA:85,1
DA:86,1
DA:91,0
DA:94,342
DA:97,26
DA:110,46
DA:111,46
DA:112,736
DA:114,736
DA:116,46
DA:117,2208
DA:121,46
DA:122,46
DA:125,46
DA:126,2944
DA:127,2944
DA:128,2944
DA:129,2944
DA:130,2944
DA:131,2944
DA:132,2944
DA:133,2944
DA:134,2944
DA:135,2944
DA:139,46
DA:140,46
DA:141,46
DA:142,46
DA:143,46
DA:144,46
DA:145,46
DA:146,46
DA:159,26
DA:160,0
DA:164,26
DA:165,26
DA:168,26
DA:169,26
DA:170,26
DA:171,26
DA:174,26
DA:175,26
DA:176,26
DA:177,26
DA:178,26
DA:179,26
DA:180,26
DA:181,26
DA:182,26
DA:183,26
DA:184,26
DA:187,26
DA:190,26
DA:191,46
DA:195,26
DA:196,26
DA:197,208
DA:199,26
DA:202,3
LF:82
LH:79
BRDA:77,0,0,530
BRDA:77,0,1,343
BRDA:79,1,0,0
BRDA:79,1,1,343
BRDA:81,2,0,1
BRDA:81,2,1,342
BRDA:81,3,0,343
BRDA:81,3,1,31
BRDA:81,3,2,1
BRDA:83,4,0,1
BRDA:83,4,1,0
BRDA:83,5,0,1
BRDA:83,5,1,1
BRDA:159,6,0,0
BRDA:159,6,1,26
BRDA:159,7,0,26
BRDA:159,7,1,20
BRDA:164,8,0,0
BRDA:164,8,1,26
BRDA:164,9,0,26
BRDA:164,9,1,26
BRF:21
BRH:17
end_of_record
TN:
SF:utils/sort-algorithms.js
FN:14,selectionSort
FN:45,bubbleSort
FN:81,quickSort
FN:85,partition
FN:111,_quickSortRecursive
FNF:5
FNH:5
FNDA:9,selectionSort
FNDA:7,bubbleSort
FNDA:7,quickSort
FNDA:22,partition
FNDA:51,_quickSortRecursive
DA:15,9
DA:16,9
DA:17,9
DA:18,9
DA:19,32
DA:20,32
DA:21,32
DA:22,88
DA:23,88
DA:24,29
DA:27,32
DA:28,19
DA:29,19
DA:30,19
DA:31,19
DA:33,32
DA:35,9
DA:36,9
DA:37,9
DA:46,7
DA:47,7
DA:48,7
DA:49,7
DA:50,7
DA:51,18
DA:52,18
DA:53,18
DA:54,63
DA:55,63
DA:56,33
DA:57,33
DA:58,33
DA:59,33
DA:60,33
DA:63,18
DA:64,18
DA:65,6
DA:66,16
DA:68,6
DA:71,7
DA:72,7
DA:73,7
DA:82,7
DA:83,7
DA:86,22
DA:87,22
DA:88,22
DA:89,22
DA:90,60
DA:91,60
DA:92,39
DA:93,39
DA:94,8
DA:95,8
DA:96,8
DA:97,8
DA:101,22
DA:102,11
DA:103,11
DA:104,11
DA:105,11
DA:107,22
DA:108,22
DA:112,51
DA:113,22
DA:114,22
DA:115,22
DA:116,29
DA:117,13
DA:121,7
DA:122,7
DA:123,7
DA:126,1
LF:73
LH:73
BRDA:23,0,0,29
BRDA:23,0,1,59
BRDA:27,1,0,19
BRDA:27,1,1,13
BRDA:55,2,0,33
BRDA:55,2,1,30
BRDA:64,3,0,6
BRDA:64,3,1,12
BRDA:91,4,0,39
BRDA:91,4,1,21
BRDA:93,5,0,8
BRDA:93,5,1,31
BRDA:101,6,0,11
BRDA:101,6,1,11
BRDA:112,7,0,22
BRDA:112,7,1,29
BRDA:116,8,0,13
BRDA:116,8,1,16
BRF:18
BRH:18
end_of_record
TN:
SF:utils/storage.js
FN:8,_get
FN:18,_set
FN:28,_getAsync
FN:29,(anonymous_3)
FN:32,(anonymous_4)
FN:40,(anonymous_5)
FN:47,_setAsync
FN:48,(anonymous_7)
FN:53,(anonymous_8)
FN:61,getPapers
FN:65,savePaper
FN:71,(anonymous_11)
FN:78,getPaperById
FN:79,(anonymous_13)
FN:82,deletePaper
FN:84,(anonymous_15)
FN:87,(anonymous_16)
FN:90,(anonymous_17)
FN:94,getRecords
FN:98,saveRecord
FN:104,getRecordsByPaperId
FN:105,(anonymous_21)
FN:108,getWrongQuestions
FN:112,getUnmasteredWrongQuestions
FN:113,(anonymous_24)
FN:116,addWrongQuestion
FN:122,(anonymous_26)
FN:124,(anonymous_27)
FN:140,markMastered
FN:143,(anonymous_29)
FN:145,(anonymous_30)
FN:155,setTempImportData
FN:159,getTempImportData
FN:168,clearTempImportData
FN:176,getPapersAsync
FN:184,getPaperByIdAsync
FN:186,(anonymous_36)
FN:189,savePaperAsync
FN:195,(anonymous_38)
FN:202,getRecordsAsync
FN:210,saveRecordAsync
FN:216,getRecordsByPaperIdAsync
FN:218,(anonymous_42)
FN:221,getWrongQuestionsAsync
FN:229,getUnmasteredWrongQuestionsAsync
FN:231,(anonymous_45)
FN:234,addWrongQuestionAsync
FN:240,(anonymous_47)
FN:243,(anonymous_48)
FN:261,markMasteredAsync
FN:264,(anonymous_50)
FN:266,(anonymous_51)
FN:275,setTempImportDataAsync
FN:279,getTempImportDataAsync
FN:287,clearTempImportDataAsync
FN:293,deletePaperAsync
FN:296,(anonymous_56)
FN:300,(anonymous_57)
FN:304,(anonymous_58)
FNF:59
FNH:37
FNDA:32,_get
FNDA:18,_set
FNDA:13,_getAsync
FNDA:13,(anonymous_3)
FNDA:13,(anonymous_4)
FNDA:0,(anonymous_5)
FNDA:8,_setAsync
FNDA:8,(anonymous_7)
FNDA:0,(anonymous_8)
FNDA:11,getPapers
FNDA:4,savePaper
FNDA:1,(anonymous_11)
FNDA:2,getPaperById
FNDA:2,(anonymous_13)
FNDA:1,deletePaper
FNDA:2,(anonymous_15)
FNDA:0,(anonymous_16)
FNDA:0,(anonymous_17)
FNDA:9,getRecords
FNDA:5,saveRecord
FNDA:2,getRecordsByPaperId
FNDA:3,(anonymous_21)
FNDA:12,getWrongQuestions
FNDA:1,getUnmasteredWrongQuestions
FNDA:1,(anonymous_24)
FNDA:5,addWrongQuestion
FNDA:1,(anonymous_26)
FNDA:1,(anonymous_27)
FNDA:1,markMastered
FNDA:1,(anonymous_29)
FNDA:1,(anonymous_30)
FNDA:0,setTempImportData
FNDA:0,getTempImportData
FNDA:0,clearTempImportData
FNDA:11,getPapersAsync
FNDA:1,getPaperByIdAsync
FNDA:0,(anonymous_36)
FNDA:5,savePaperAsync
FNDA:2,(anonymous_38)
FNDA:1,getRecordsAsync
FNDA:0,saveRecordAsync
FNDA:0,getRecordsByPaperIdAsync
FNDA:0,(anonymous_42)
FNDA:1,getWrongQuestionsAsync
FNDA:0,getUnmasteredWrongQuestionsAsync
FNDA:0,(anonymous_45)
FNDA:0,addWrongQuestionAsync
FNDA:0,(anonymous_47)
FNDA:0,(anonymous_48)
FNDA:0,markMasteredAsync
FNDA:0,(anonymous_50)
FNDA:0,(anonymous_51)
FNDA:0,setTempImportDataAsync
FNDA:0,getTempImportDataAsync
FNDA:0,clearTempImportDataAsync
FNDA:1,deletePaperAsync
FNDA:2,(anonymous_56)
FNDA:1,(anonymous_57)
FNDA:1,(anonymous_58)
DA:1,1
DA:9,32
DA:10,32
DA:11,32
DA:13,0
DA:14,0
DA:19,18
DA:20,18
DA:22,0
DA:29,13
DA:30,13
DA:33,13
DA:34,13
DA:36,0
DA:37,0
DA:41,0
DA:48,8
DA:49,8
DA:54,0
DA:55,0
DA:62,11
DA:66,4
DA:67,0
DA:68,0
DA:70,4
DA:71,4
DA:72,4
DA:75,4
DA:79,2
DA:83,1
DA:84,2
DA:85,1
DA:87,1
DA:88,1
DA:90,1
DA:91,1
DA:95,9
DA:99,5
DA:100,5
DA:101,5
DA:105,3
DA:109,12
DA:113,1
DA:117,5
DA:118,0
DA:119,0
DA:121,5
DA:122,5
DA:123,5
DA:125,1
DA:137,5
DA:141,1
DA:142,1
DA:143,1
DA:144,1
DA:145,1
DA:146,1
DA:148,1
DA:149,1
DA:151,0
DA:156,0
DA:160,0
DA:161,0
DA:162,0
DA:164,0
DA:169,0
DA:170,0
DA:177,11
DA:178,11
DA:180,0
DA:185,1
DA:186,1
DA:190,5
DA:191,0
DA:192,0
DA:194,5
DA:195,5
DA:196,5
DA:199,5
DA:203,1
DA:204,1
DA:206,0
DA:211,0
DA:212,0
DA:213,0
DA:217,0
DA:218,0
DA:222,1
DA:223,1
DA:225,0
DA:230,0
DA:231,0
DA:235,0
DA:236,0
DA:237,0
DA:239,0
DA:240,0
DA:242,0
DA:243,0
DA:244,0
DA:249,0
DA:258,0
DA:262,0
DA:263,0
DA:264,0
DA:265,0
DA:266,0
DA:267,0
DA:269,0
DA:270,0
DA:272,0
DA:276,0
DA:280,0
DA:281,0
DA:283,0
DA:288,0
DA:289,0
DA:294,1
DA:295,1
DA:296,2
DA:297,1
DA:299,1
DA:300,1
DA:301,1
DA:303,1
DA:304,1
DA:305,1
DA:308,1
LF:128
LH:71
BRDA:11,0,0,19
BRDA:11,0,1,13
BRDA:34,1,0,8
BRDA:34,1,1,5
BRDA:66,2,0,0
BRDA:66,2,1,4
BRDA:66,3,0,4
BRDA:66,3,1,4
BRDA:72,4,0,0
BRDA:72,4,1,4
BRDA:79,5,0,2
BRDA:79,5,1,1
BRDA:83,6,0,0
BRDA:83,6,1,1
BRDA:117,7,0,0
BRDA:117,7,1,5
BRDA:123,8,0,1
BRDA:123,8,1,4
BRDA:125,9,0,1
BRDA:125,9,1,0
BRDA:141,10,0,0
BRDA:141,10,1,1
BRDA:144,11,0,1
BRDA:144,11,1,0
BRDA:146,12,0,1
BRDA:146,12,1,0
BRDA:162,13,0,0
BRDA:162,13,1,0
BRDA:178,14,0,11
BRDA:178,14,1,5
BRDA:186,15,0,1
BRDA:186,15,1,1
BRDA:190,16,0,0
BRDA:190,16,1,5
BRDA:190,17,0,5
BRDA:190,17,1,5
BRDA:196,18,0,1
BRDA:196,18,1,4
BRDA:204,19,0,1
BRDA:204,19,1,0
BRDA:223,20,0,1
BRDA:223,20,1,0
BRDA:235,21,0,0
BRDA:235,21,1,0
BRDA:242,22,0,0
BRDA:242,22,1,0
BRDA:244,23,0,0
BRDA:244,23,1,0
BRDA:262,24,0,0
BRDA:262,24,1,0
BRDA:265,25,0,0
BRDA:265,25,1,0
BRDA:267,26,0,0
BRDA:267,26,1,0
BRDA:294,27,0,0
BRDA:294,27,1,1
BRF:56
BRH:30
end_of_record
TN:
SF:utils/subnet.js
FN:11,validateIp
FN:15,(anonymous_1)
FN:27,validateCidr
FN:36,parseIp
FN:46,ipToBinary
FN:47,(anonymous_5)
FN:55,cidrToMask
FN:73,_and
FN:74,(anonymous_8)
FN:83,_or
FN:84,(anonymous_10)
FN:92,_not
FN:93,(anonymous_12)
FN:101,_toStr
FN:111,calculateSubnet
FN:170,classifyIp
FN:223,generateAndSteps
FN:279,(anonymous_17)
FNF:18
FNH:18
FNDA:32,validateIp
FNDA:84,(anonymous_1)
FNDA:42,validateCidr
FNDA:20,parseIp
FNDA:40,ipToBinary
FNDA:160,(anonymous_5)
FNDA:21,cidrToMask
FNDA:9,_and
FNDA:36,(anonymous_8)
FNDA:9,_or
FNDA:36,(anonymous_10)
FNDA:9,_not
FNDA:36,(anonymous_12)
FNDA:45,_toStr
FNDA:15,calculateSubnet
FNDA:32,classifyIp
FNDA:9,generateAndSteps
FNDA:20,(anonymous_17)
DA:12,32
DA:13,28
DA:14,28
DA:15,24
DA:16,84
DA:17,82
DA:18,82
DA:28,42
DA:37,20
DA:38,15
DA:47,160
DA:56,21
DA:58,19
DA:59,19
DA:74,36
DA:84,36
DA:93,36
DA:102,45
DA:112,15
DA:113,15
DA:114,12
DA:116,9
DA:117,9
DA:118,9
DA:119,9
DA:122,9
DA:123,9
DA:125,9
DA:126,9
DA:129,9
DA:131,9
DA:132,2
DA:133,7
DA:134,1
DA:136,6
DA:139,9
DA:140,9
DA:141,9
DA:142,9
DA:144,9
DA:146,9
DA:171,32
DA:172,32
DA:174,32
DA:175,32
DA:176,32
DA:179,32
DA:180,2
DA:182,30
DA:183,4
DA:185,26
DA:186,2
DA:188,24
DA:189,1
DA:193,23
DA:194,7
DA:195,7
DA:196,7
DA:197,16
DA:198,5
DA:199,5
DA:200,5
DA:201,11
DA:202,7
DA:203,7
DA:204,7
DA:205,4
DA:206,2
DA:207,2
DA:208,2
DA:209,2
DA:210,2
DA:213,23
DA:224,9
DA:225,7
DA:226,6
DA:228,5
DA:230,5
DA:231,3
DA:232,12
DA:233,12
DA:234,12
DA:235,12
DA:236,96
DA:238,12
DA:251,2
DA:252,8
DA:253,64
DA:254,64
DA:255,64
DA:256,64
DA:257,64
DA:271,5
DA:272,5
DA:273,20
DA:274,20
DA:275,160
DA:277,20
DA:279,20
DA:281,5
DA:288,5
DA:291,1
LF:102
LH:102
BRDA:12,0,0,4
BRDA:12,0,1,28
BRDA:12,1,0,32
BRDA:12,1,1,28
BRDA:14,2,0,4
BRDA:14,2,1,24
BRDA:16,3,0,2
BRDA:16,3,1,82
BRDA:18,4,0,82
BRDA:18,4,1,82
BRDA:28,5,0,42
BRDA:28,5,1,40
BRDA:28,5,2,37
BRDA:28,5,3,34
BRDA:37,6,0,5
BRDA:37,6,1,15
BRDA:56,7,0,2
BRDA:56,7,1,19
BRDA:58,8,0,1
BRDA:58,8,1,18
BRDA:113,9,0,3
BRDA:113,9,1,12
BRDA:114,10,0,3
BRDA:114,10,1,9
BRDA:131,11,0,2
BRDA:131,11,1,7
BRDA:133,12,0,1
BRDA:133,12,1,6
BRDA:179,13,0,2
BRDA:179,13,1,30
BRDA:182,14,0,4
BRDA:182,14,1,26
BRDA:185,15,0,2
BRDA:185,15,1,24
BRDA:185,16,0,26
BRDA:185,16,1,2
BRDA:188,17,0,1
BRDA:188,17,1,23
BRDA:188,18,0,24
BRDA:188,18,1,1
BRDA:188,18,2,1
BRDA:188,18,3,1
BRDA:193,19,0,7
BRDA:193,19,1,16
BRDA:193,20,0,23
BRDA:193,20,1,23
BRDA:196,21,0,5
BRDA:196,21,1,2
BRDA:197,22,0,5
BRDA:197,22,1,11
BRDA:197,23,0,16
BRDA:197,23,1,16
BRDA:199,24,0,5
BRDA:199,24,1,3
BRDA:199,24,2,3
BRDA:200,25,0,3
BRDA:200,25,1,2
BRDA:201,26,0,7
BRDA:201,26,1,4
BRDA:201,27,0,11
BRDA:201,27,1,11
BRDA:203,28,0,7
BRDA:203,28,1,5
BRDA:204,29,0,5
BRDA:204,29,1,2
BRDA:205,30,0,2
BRDA:205,30,1,2
BRDA:205,31,0,4
BRDA:205,31,1,4
BRDA:208,32,0,2
BRDA:208,32,1,0
BRDA:208,33,0,2
BRDA:208,33,1,2
BRDA:224,34,0,2
BRDA:224,34,1,7
BRDA:224,35,0,9
BRDA:224,35,1,8
BRDA:225,36,0,1
BRDA:225,36,1,6
BRDA:225,37,0,7
BRDA:225,37,1,6
BRDA:226,38,0,1
BRDA:226,38,1,5
BRDA:226,39,0,6
BRDA:226,39,1,3
BRDA:230,40,0,3
BRDA:230,40,1,2
BRDA:236,41,0,21
BRDA:236,41,1,75
BRDA:236,42,0,96
BRDA:236,42,1,27
BRDA:256,43,0,14
BRDA:256,43,1,50
BRDA:256,44,0,64
BRDA:256,44,1,18
BRDA:275,45,0,35
BRDA:275,45,1,125
BRDA:275,46,0,160
BRDA:275,46,1,45
BRF:99
BRH:98
end_of_record
TN:
SF:utils/tcp-states.js
FN:34,_makeFlags
FN:40,getHandshakeSteps
FN:89,getTeardownSteps
FN:157,generateDataScenario
FN:194,getDataTransferSteps
FN:202,(anonymous_5)
FN:220,(anonymous_6)
FN:241,(anonymous_7)
FN:349,getFullConnectionSteps
FN:358,(anonymous_9)
FN:366,(anonymous_10)
FN:374,(anonymous_11)
FNF:12
FNH:12
FNDA:98,_makeFlags
FNDA:2,getHandshakeSteps
FNDA:2,getTeardownSteps
FNDA:14,generateDataScenario
FNDA:10,getDataTransferSteps
FNDA:24,(anonymous_5)
FNDA:24,(anonymous_6)
FNDA:16,(anonymous_7)
FNDA:1,getFullConnectionSteps
FNDA:3,(anonymous_9)
FNDA:8,(anonymous_10)
FNDA:4,(anonymous_11)
DA:10,1
DA:23,1
DA:35,98
DA:41,2
DA:90,2
DA:158,14
DA:159,6
DA:174,8
DA:195,10
DA:196,10
DA:197,10
DA:198,10
DA:199,10
DA:201,10
DA:202,6
DA:203,24
DA:204,24
DA:220,6
DA:221,24
DA:222,24
DA:223,24
DA:224,24
DA:240,4
DA:241,4
DA:242,16
DA:243,16
DA:261,4
DA:262,4
DA:277,4
DA:278,4
DA:293,4
DA:294,4
DA:310,4
DA:311,4
DA:327,4
DA:328,4
DA:344,10
DA:350,1
DA:351,1
DA:352,1
DA:353,1
DA:355,1
DA:356,1
DA:358,1
DA:359,3
DA:360,3
DA:361,3
DA:362,3
DA:363,3
DA:366,1
DA:367,8
DA:368,8
DA:369,8
DA:370,8
DA:371,8
DA:374,1
DA:375,4
DA:376,4
DA:377,4
DA:378,4
DA:379,4
DA:382,1
DA:387,1
LF:63
LH:63
BRDA:158,0,0,6
BRDA:158,0,1,8
BRDA:201,1,0,6
BRDA:201,1,1,4
BRDA:240,2,0,4
BRDA:240,2,1,0
BRDA:246,3,0,4
BRDA:246,3,1,12
BRDA:254,4,0,4
BRDA:254,4,1,12
BRDA:257,5,0,4
BRDA:257,5,1,12
BRF:12
BRH:11
end_of_record
TN:
SF:utils/tls-crypto.js
FN:8,simulateEcdhe
FN:23,deriveTrafficKeys
FNF:2
FNH:2
FNDA:12,simulateEcdhe
FNDA:14,deriveTrafficKeys
DA:1,2
DA:9,12
DA:10,12
DA:26,14
DA:28,14
DA:39,2
LF:6
LH:6
BRDA:9,0,0,12
BRDA:9,0,1,10
BRDA:26,1,0,14
BRDA:26,1,1,0
BRF:4
BRH:3
end_of_record
TN:
SF:utils/tls-data.js
FNF:0
FNH:0
DA:2,2
DA:9,2
DA:16,2
DA:38,2
DA:45,2
DA:52,2
LF:6
LH:6
BRF:0
BRH:0
end_of_record
TN:
SF:utils/tls-handshake.js
FN:9,generateSteps
FN:18,_buildFullHandshake
FN:29,(anonymous_2)
FN:31,(anonymous_3)
FN:73,(anonymous_4)
FN:181,_buildPskResumption
FN:283,_buildMitmWarning
FNF:7
FNH:7
FNDA:17,generateSteps
FNDA:8,_buildFullHandshake
FNDA:24,(anonymous_2)
FNDA:24,(anonymous_3)
FNDA:24,(anonymous_4)
FNDA:4,_buildPskResumption
FNDA:4,_buildMitmWarning
DA:1,1
DA:2,1
DA:10,17
DA:11,8
DA:12,4
DA:13,4
DA:14,1
DA:19,8
DA:20,8
DA:22,8
DA:29,24
DA:31,24
DA:73,24
DA:182,4
DA:284,4
DA:373,1
LF:16
LH:16
BRDA:10,0,0,8
BRDA:10,0,1,4
BRDA:10,0,2,4
BRDA:10,0,3,1
BRF:4
BRH:4
end_of_record
TN:
SF:utils/tool-registry.js
FN:764,getAvailableTools
FN:765,(anonymous_1)
FN:771,getToolsByCategory
FN:773,(anonymous_3)
FN:774,(anonymous_4)
FN:780,getActiveCategories
FN:781,(anonymous_6)
FN:782,(anonymous_7)
FN:783,(anonymous_8)
FN:789,getFeaturedToolsByCategory
FN:791,(anonymous_10)
FN:792,(anonymous_11)
FN:810,getHomepageFeaturedTools
FN:830,getCategoryNameMap
FN:850,getDifficultyInfo
FNF:15
FNH:15
FNDA:2,getAvailableTools
FNDA:50,(anonymous_1)
FNDA:51,getToolsByCategory
FNDA:1275,(anonymous_3)
FNDA:255,(anonymous_4)
FNDA:8,getActiveCategories
FNDA:40,(anonymous_6)
FNDA:520,(anonymous_7)
FNDA:48,(anonymous_8)
FNDA:24,getFeaturedToolsByCategory
FNDA:600,(anonymous_10)
FNDA:18,(anonymous_11)
FNDA:3,getHomepageFeaturedTools
FNDA:2,getCategoryNameMap
FNDA:4,getDifficultyInfo
DA:8,2
DA:41,2
DA:765,50
DA:772,51
DA:773,1275
DA:774,255
DA:781,8
DA:782,520
DA:783,48
DA:790,24
DA:791,600
DA:792,18
DA:797,2
DA:811,3
DA:812,3
DA:814,3
DA:815,75
DA:818,3
DA:819,21
DA:820,21
DA:821,21
DA:824,3
DA:831,2
DA:832,2
DA:833,10
DA:835,2
DA:839,2
DA:851,4
DA:854,2
LF:29
LH:29
BRDA:782,0,0,520
BRDA:782,0,1,40
BRDA:791,1,0,600
BRDA:791,1,1,124
BRDA:791,1,2,124
BRDA:820,2,0,21
BRDA:820,2,1,0
BRDA:820,3,0,21
BRDA:820,3,1,21
BRDA:851,4,0,4
BRDA:851,4,1,2
BRF:11
BRH:10
end_of_record
TN:
SF:utils/util.js
FN:1,generateId
FN:5,formatTime
FN:15,formatDuration
FNF:3
FNH:3
FNDA:12,generateId
FNDA:1,formatTime
FNDA:3,formatDuration
DA:2,12
DA:6,1
DA:7,1
DA:8,1
DA:9,1
DA:10,1
DA:11,1
DA:12,1
DA:16,3
DA:17,3
DA:18,3
DA:19,2
DA:22,2
LF:13
LH:13
BRDA:18,0,0,1
BRDA:18,0,1,2
BRF:2
BRH:2
end_of_record
